[INFO ] 2019-10-11T09:46:09,326Z [main] webserver.CmdLineOptions.loadConfig - Config:
{
    # hardcoded value
    "baseDirectory" : "D:\\Arvinth\\BlockChain\\DerivHack-2019\\GIT\\cdm-corda\\build\\nodes\\Client1",
    # web-reference.conf @ jar:file:/C:/Users/user/AppData/Local/capsule/apps/net.corda.webserver.WebServer_4.1/corda-webserver-impl-4.1.jar!/web-reference.conf: 2
    "keyStorePassword" : "cordacadevpass",
    # D:\Arvinth\BlockChain\DerivHack-2019\GIT\cdm-corda\build\nodes\Client1\web-server.conf: 1
    "myLegalName" : "O=Client1,L=New York,C=US",
    # D:\Arvinth\BlockChain\DerivHack-2019\GIT\cdm-corda\build\nodes\Client1\web-server.conf: 2
    "rpcAddress" : "localhost:10006",
    # D:\Arvinth\BlockChain\DerivHack-2019\GIT\cdm-corda\build\nodes\Client1\web-server.conf: 3
    "security" : {
        # D:\Arvinth\BlockChain\DerivHack-2019\GIT\cdm-corda\build\nodes\Client1\web-server.conf: 4
        "authService" : {
            # D:\Arvinth\BlockChain\DerivHack-2019\GIT\cdm-corda\build\nodes\Client1\web-server.conf: 5
            "dataSource" : {
                # D:\Arvinth\BlockChain\DerivHack-2019\GIT\cdm-corda\build\nodes\Client1\web-server.conf: 6
                "type" : "INMEMORY",
                # D:\Arvinth\BlockChain\DerivHack-2019\GIT\cdm-corda\build\nodes\Client1\web-server.conf: 7
                "users" : [
                    # D:\Arvinth\BlockChain\DerivHack-2019\GIT\cdm-corda\build\nodes\Client1\web-server.conf: 8
                    {
                        # D:\Arvinth\BlockChain\DerivHack-2019\GIT\cdm-corda\build\nodes\Client1\web-server.conf: 9
                        "password" : "test",
                        # D:\Arvinth\BlockChain\DerivHack-2019\GIT\cdm-corda\build\nodes\Client1\web-server.conf: 10
                        "permissions" : [
                            # D:\Arvinth\BlockChain\DerivHack-2019\GIT\cdm-corda\build\nodes\Client1\web-server.conf: 11
                            "ALL"
                        ],
                        # D:\Arvinth\BlockChain\DerivHack-2019\GIT\cdm-corda\build\nodes\Client1\web-server.conf: 13
                        "user" : "user1"
                    }
                ]
            }
        }
    },
    # web-reference.conf @ jar:file:/C:/Users/user/AppData/Local/capsule/apps/net.corda.webserver.WebServer_4.1/corda-webserver-impl-4.1.jar!/web-reference.conf: 3
    "trustStorePassword" : "trustpass",
    # web-reference.conf @ jar:file:/C:/Users/user/AppData/Local/capsule/apps/net.corda.webserver.WebServer_4.1/corda-webserver-impl-4.1.jar!/web-reference.conf: 1
    "useHTTPS" : false,
    # D:\Arvinth\BlockChain\DerivHack-2019\GIT\cdm-corda\build\nodes\Client1\web-server.conf: 19
    "webAddress" : "localhost:10007"
}

[WARN ] 2019-10-11T09:46:13,827Z [main] internal.config.defaultToOldPath - Config key user has been deprecated and will be removed in a future release. Use username instead
[INFO ] 2019-10-11T09:46:13,996Z [main] Main.main - Main class: /C:/Users/user/AppData/Local/capsule/apps/net.corda.webserver.WebServer_4.1/corda-webserver-impl-4.1.jar
[INFO ] 2019-10-11T09:46:14,024Z [main] Main.main - CommandLine Args: -Xmx200m -XX:+UseG1GC -agentlib:jdwp=transport=dt_socket,server=y,suspend=n,address=5010 -javaagent:D:\Arvinth\BlockChain\DerivHack-2019\GIT\cdm-corda\build\nodes\Client1\corda-webserver.jar -javaagent:C:\Users\user\AppData\Local\capsule\apps\net.corda.webserver.WebServer_4.1\quasar-core-0.7.10-jdk8.jar -Dcapsule.address=0.0.0.0 -Dvisualvm.display.name=Corda -Djava.library.path=C:\Program Files\Java\jre1.8.0_221\bin;C:\WINDOWS\Sun\Java\bin;C:\WINDOWS\system32;C:\WINDOWS;C:\Program Files (x86)\Common Files\Oracle\Java\javapath;c:\Program Files (x86)\Intel\iCLS Client;c:\Program Files\Intel\iCLS Client;C:\WINDOWS\system32;C:\WINDOWS;C:\WINDOWS\System32\Wbem;C:\WINDOWS\System32\WindowsPowerShell\v1.0;C:\Program Files\Intel\WiFi\bin;C:\Program Files\Common Files\Intel\WirelessCommon;C:\Program Files (x86)\Windows Live\Shared;c:\Program Files\Microsoft SQL Server\110\Tools\Binn;c:\Program Files (x86)\Microsoft SQL Server\110\Tools\Binn;c:\Program Files\Microsoft SQL Server\110\DTS\Binn;c:\Program Files (x86)\Microsoft SQL Server\110\Tools\Binn\ManagementStudio;c:\Program Files (x86)\Microsoft SQL Server\110\DTS\Binn;C:\Program Files (x86)\IBM\WebSphere MQ\bin64;C:\Program Files (x86)\IBM\WebSphere MQ\bin;C:\Program Files (x86)\IBM\WebSphere MQ\tools\c\samples\bin;C:\Program Files (x86)\Skype\Phone;C:\Softwares\Git\cmd;C:\Softwares\TortoiseGit\bin;C:\Softwares\nodejs;C:\Softwares\PuTTY;C:\Program Files\PuTTY;C:\Program Files (x86)\Intel\Intel(R) Management Engine Components\DAL;C:\Program Files\Intel\Intel(R) Management Engine Components\DAL;C:\Program Files (x86)\Intel\Intel(R) Management Engine Components\IPT;C:\Program Files\Intel\Intel(R) Management Engine Components\IPT;C:\Go\bin;C:\WINDOWS\System32\OpenSSH;C:\Users\user\AppData\Local\Programs\Python\Python36\Scripts;C:\Users\user\AppData\Local\Programs\Python\Python36;C:\Users\user\AppData\Local\atom\bin;C:\Android\adt-bundle-windows-x86_64-20140702\sdk\platform-tools;C:\Android\adt-bundle-windows-x86_64-20140702\sdk\tools;C:\Softwares\apache-maven-3.3.9\bin;C:\Program Files\Java\jdk1.8.0_221\bin;C:\Users\user\AppData\Roaming\npm;C:\Users\user\AppData\Local\Microsoft\WindowsApps;C:\Program Files\Intel\WiFi\bin;C:\Program Files\Common Files\Intel\WirelessCommon;C:\Gradle\gradle-5.6.2\bin;C:\Users\user\AppData\Local\capsule\apps\net.corda.webserver.WebServer_4.1 -Dcapsule.log=1 -Dcapsule.app=net.corda.webserver.WebServer_4.1 -Dcapsule.port=50122 -Dname=Client1-corda-webserver.jar -Dcapsule.jvm.args=-agentlib:jdwp=transport=dt_socket,server=y,suspend=n,address=5010 -DWebserver -Dcapsule.dir=C:\Users\user\AppData\Local\capsule\apps\net.corda.webserver.WebServer_4.1 -Dcapsule.jar=D:\Arvinth\BlockChain\DerivHack-2019\GIT\cdm-corda\build\nodes\Client1\corda-webserver.jar
[INFO ] 2019-10-11T09:46:14,037Z [main] Main.main - Application Args: 
[INFO ] 2019-10-11T09:46:14,094Z [main] Main.main - bootclasspath: C:\Program Files\Java\jre1.8.0_221\lib\resources.jar;C:\Program Files\Java\jre1.8.0_221\lib\rt.jar;C:\Program Files\Java\jre1.8.0_221\lib\sunrsasign.jar;C:\Program Files\Java\jre1.8.0_221\lib\jsse.jar;C:\Program Files\Java\jre1.8.0_221\lib\jce.jar;C:\Program Files\Java\jre1.8.0_221\lib\charsets.jar;C:\Program Files\Java\jre1.8.0_221\lib\jfr.jar;C:\Program Files\Java\jre1.8.0_221\classes
[INFO ] 2019-10-11T09:46:14,102Z [main] Main.main - classpath: D:\Arvinth\BlockChain\DerivHack-2019\GIT\cdm-corda\build\nodes\Client1\corda-webserver.jar;C:\Users\user\AppData\Local\capsule\apps\net.corda.webserver.WebServer_4.1\corda-rpc-4.1.jar;C:\Users\user\AppData\Local\capsule\apps\net.corda.webserver.WebServer_4.1\corda-tools-cliutils-4.1.jar;C:\Users\user\AppData\Local\capsule\apps\net.corda.webserver.WebServer_4.1\corda-node-api-4.1.jar;C:\Users\user\AppData\Local\capsule\apps\net.corda.webserver.WebServer_4.1\corda-jackson-4.1.jar;C:\Users\user\AppData\Local\capsule\apps\net.corda.webserver.WebServer_4.1\corda-serialization-4.1.jar;C:\Users\user\AppData\Local\capsule\apps\net.corda.webserver.WebServer_4.1\corda-core-4.1.jar;C:\Users\user\AppData\Local\capsule\apps\net.corda.webserver.WebServer_4.1\corda-common-logging-4.1.jar;C:\Users\user\AppData\Local\capsule\apps\net.corda.webserver.WebServer_4.1\jetty-webapp-9.4.7.v20170914.jar;C:\Users\user\AppData\Local\capsule\apps\net.corda.webserver.WebServer_4.1\jetty-servlet-9.4.7.v20170914.jar;C:\Users\user\AppData\Local\capsule\apps\net.corda.webserver.WebServer_4.1\jersey-container-jetty-http-2.25.jar;C:\Users\user\AppData\Local\capsule\apps\net.corda.webserver.WebServer_4.1\jetty-security-9.4.7.v20170914.jar;C:\Users\user\AppData\Local\capsule\apps\net.corda.webserver.WebServer_4.1\jetty-server-9.4.7.v20170914.jar;C:\Users\user\AppData\Local\capsule\apps\net.corda.webserver.WebServer_4.1\javax.servlet-api-3.1.0.jar;C:\Users\user\AppData\Local\capsule\apps\net.corda.webserver.WebServer_4.1\commons-fileupload-1.3.3.jar;C:\Users\user\AppData\Local\capsule\apps\net.corda.webserver.WebServer_4.1\log4j-slf4j-impl-2.9.1.jar;C:\Users\user\AppData\Local\capsule\apps\net.corda.webserver.WebServer_4.1\log4j-core-2.9.1.jar;C:\Users\user\AppData\Local\capsule\apps\net.corda.webserver.WebServer_4.1\jopt-simple-5.0.2.jar;C:\Users\user\AppData\Local\capsule\apps\net.corda.webserver.WebServer_4.1\jetty-continuation-9.4.7.v20170914.jar;C:\Users\user\AppData\Local\capsule\apps\net.corda.webserver.WebServer_4.1\jersey-container-servlet-2.25.jar;C:\Users\user\AppData\Local\capsule\apps\net.corda.webserver.WebServer_4.1\jersey-container-servlet-core-2.25.jar;C:\Users\user\AppData\Local\capsule\apps\net.corda.webserver.WebServer_4.1\jersey-server-2.25.jar;C:\Users\user\AppData\Local\capsule\apps\net.corda.webserver.WebServer_4.1\jersey-media-json-jackson-2.25.jar;C:\Users\user\AppData\Local\capsule\apps\net.corda.webserver.WebServer_4.1\kotlinx-html-jvm-0.6.3.jar;C:\Users\user\AppData\Local\capsule\apps\net.corda.webserver.WebServer_4.1\kotlin-stdlib-jdk8-1.2.71.jar;C:\Users\user\AppData\Local\capsule\apps\net.corda.webserver.WebServer_4.1\jackson-module-kotlin-2.9.5.jar;C:\Users\user\AppData\Local\capsule\apps\net.corda.webserver.WebServer_4.1\kotlin-reflect-1.2.71.jar;C:\Users\user\AppData\Local\capsule\apps\net.corda.webserver.WebServer_4.1\quasar-core-0.7.10-jdk8.jar;C:\Users\user\AppData\Local\capsule\apps\net.corda.webserver.WebServer_4.1\guava-25.1-jre.jar;C:\Users\user\AppData\Local\capsule\apps\net.corda.webserver.WebServer_4.1\jsr305-3.0.2.jar;C:\Users\user\AppData\Local\capsule\apps\net.corda.webserver.WebServer_4.1\jcl-over-slf4j-1.7.25.jar;C:\Users\user\AppData\Local\capsule\apps\net.corda.webserver.WebServer_4.1\HikariCP-2.5.1.jar;C:\Users\user\AppData\Local\capsule\apps\net.corda.webserver.WebServer_4.1\jcabi-manifests-1.1.jar;C:\Users\user\AppData\Local\capsule\apps\net.corda.webserver.WebServer_4.1\jcabi-log-0.14.jar;C:\Users\user\AppData\Local\capsule\apps\net.corda.webserver.WebServer_4.1\slf4j-api-1.7.25.jar;C:\Users\user\AppData\Local\capsule\apps\net.corda.webserver.WebServer_4.1\caffeine-2.6.2.jar;C:\Users\user\AppData\Local\capsule\apps\net.corda.webserver.WebServer_4.1\rxjava-1.3.8.jar;C:\Users\user\AppData\Local\capsule\apps\net.corda.webserver.WebServer_4.1\commons-jexl3-3.0.jar;C:\Users\user\AppData\Local\capsule\apps\net.corda.webserver.WebServer_4.1\commons-lang-2.6.jar;C:\Users\user\AppData\Local\capsule\apps\net.corda.webserver.WebServer_4.1\eddsa-0.2.0.jar;C:\Users\user\AppData\Local\capsule\apps\net.corda.webserver.WebServer_4.1\bcpkix-jdk15on-1.60.jar;C:\Users\user\AppData\Local\capsule\apps\net.corda.webserver.WebServer_4.1\bcprov-jdk15on-1.60.jar;C:\Users\user\AppData\Local\capsule\apps\net.corda.webserver.WebServer_4.1\hibernate-core-5.3.6.Final.jar;C:\Users\user\AppData\Local\capsule\apps\net.corda.webserver.WebServer_4.1\javax.persistence-api-2.2.jar;C:\Users\user\AppData\Local\capsule\apps\net.corda.webserver.WebServer_4.1\classgraph-4.6.12.jar;C:\Users\user\AppData\Local\capsule\apps\net.corda.webserver.WebServer_4.1\jackson-dataformat-yaml-2.9.5.jar;C:\Users\user\AppData\Local\capsule\apps\net.corda.webserver.WebServer_4.1\jackson-datatype-jsr310-2.9.5.jar;C:\Users\user\AppData\Local\capsule\apps\net.corda.webserver.WebServer_4.1\picocli-3.8.0.jar;C:\Users\user\AppData\Local\capsule\apps\net.corda.webserver.WebServer_4.1\artemis-amqp-protocol-2.6.2.jar;C:\Users\user\AppData\Local\capsule\apps\net.corda.webserver.WebServer_4.1\artemis-server-2.6.2.jar;C:\Users\user\AppData\Local\capsule\apps\net.corda.webserver.WebServer_4.1\commons-io-2.6.jar;C:\Users\user\AppData\Local\capsule\apps\net.corda.webserver.WebServer_4.1\jansi-1.14.jar;C:\Users\user\AppData\Local\capsule\apps\net.corda.webserver.WebServer_4.1\config-1.3.3.jar;C:\Users\user\AppData\Local\capsule\apps\net.corda.webserver.WebServer_4.1\jetty-xml-9.4.7.v20170914.jar;C:\Users\user\AppData\Local\capsule\apps\net.corda.webserver.WebServer_4.1\log4j-api-2.9.1.jar;C:\Users\user\AppData\Local\capsule\apps\net.corda.webserver.WebServer_4.1\jersey-client-2.25.jar;C:\Users\user\AppData\Local\capsule\apps\net.corda.webserver.WebServer_4.1\jersey-media-jaxb-2.25.jar;C:\Users\user\AppData\Local\capsule\apps\net.corda.webserver.WebServer_4.1\jersey-common-2.25.jar;C:\Users\user\AppData\Local\capsule\apps\net.corda.webserver.WebServer_4.1\jersey-entity-filtering-2.25.jar;C:\Users\user\AppData\Local\capsule\apps\net.corda.webserver.WebServer_4.1\javax.ws.rs-api-2.0.1.jar;C:\Users\user\AppData\Local\capsule\apps\net.corda.webserver.WebServer_4.1\javax.annotation-api-1.2.jar;C:\Users\user\AppData\Local\capsule\apps\net.corda.webserver.WebServer_4.1\hk2-locator-2.5.0-b30.jar;C:\Users\user\AppData\Local\capsule\apps\net.corda.webserver.WebServer_4.1\hk2-api-2.5.0-b30.jar;C:\Users\user\AppData\Local\capsule\apps\net.corda.webserver.WebServer_4.1\javax.inject-2.5.0-b30.jar;C:\Users\user\AppData\Local\capsule\apps\net.corda.webserver.WebServer_4.1\validation-api-1.1.0.Final.jar;C:\Users\user\AppData\Local\capsule\apps\net.corda.webserver.WebServer_4.1\jetty-http-9.4.7.v20170914.jar;C:\Users\user\AppData\Local\capsule\apps\net.corda.webserver.WebServer_4.1\jetty-io-9.4.7.v20170914.jar;C:\Users\user\AppData\Local\capsule\apps\net.corda.webserver.WebServer_4.1\jetty-util-9.4.7.v20170914.jar;C:\Users\user\AppData\Local\capsule\apps\net.corda.webserver.WebServer_4.1\jackson-jaxrs-json-provider-2.8.4.jar;C:\Users\user\AppData\Local\capsule\apps\net.corda.webserver.WebServer_4.1\jackson-jaxrs-base-2.8.4.jar;C:\Users\user\AppData\Local\capsule\apps\net.corda.webserver.WebServer_4.1\jackson-module-jaxb-annotations-2.8.4.jar;C:\Users\user\AppData\Local\capsule\apps\net.corda.webserver.WebServer_4.1\jackson-databind-2.9.5.jar;C:\Users\user\AppData\Local\capsule\apps\net.corda.webserver.WebServer_4.1\jackson-annotations-2.9.0.jar;C:\Users\user\AppData\Local\capsule\apps\net.corda.webserver.WebServer_4.1\kotlin-stdlib-jdk7-1.2.71.jar;C:\Users\user\AppData\Local\capsule\apps\net.corda.webserver.WebServer_4.1\kotlin-stdlib-1.2.71.jar;C:\Users\user\AppData\Local\capsule\apps\net.corda.webserver.WebServer_4.1\hibernate-commons-annotations-5.0.4.Final.jar;C:\Users\user\AppData\Local\capsule\apps\net.corda.webserver.WebServer_4.1\artemis-jms-client-2.6.2.jar;C:\Users\user\AppData\Local\capsule\apps\net.corda.webserver.WebServer_4.1\artemis-jdbc-store-2.6.2.jar;C:\Users\user\AppData\Local\capsule\apps\net.corda.webserver.WebServer_4.1\artemis-core-client-2.6.2.jar;C:\Users\user\AppData\Local\capsule\apps\net.corda.webserver.WebServer_4.1\artemis-journal-2.6.2.jar;C:\Users\user\AppData\Local\capsule\apps\net.corda.webserver.WebServer_4.1\artemis-commons-2.6.2.jar;C:\Users\user\AppData\Local\capsule\apps\net.corda.webserver.WebServer_4.1\artemis-native-2.6.2.jar;C:\Users\user\AppData\Local\capsule\apps\net.corda.webserver.WebServer_4.1\jboss-logging-3.3.2.Final.jar;C:\Users\user\AppData\Local\capsule\apps\net.corda.webserver.WebServer_4.1\javassist-3.23.1-GA.jar;C:\Users\user\AppData\Local\capsule\apps\net.corda.webserver.WebServer_4.1\byte-buddy-1.8.17.jar;C:\Users\user\AppData\Local\capsule\apps\net.corda.webserver.WebServer_4.1\antlr-2.7.7.jar;C:\Users\user\AppData\Local\capsule\apps\net.corda.webserver.WebServer_4.1\jboss-transaction-api_1.2_spec-1.1.1.Final.jar;C:\Users\user\AppData\Local\capsule\apps\net.corda.webserver.WebServer_4.1\jandex-2.0.5.Final.jar;C:\Users\user\AppData\Local\capsule\apps\net.corda.webserver.WebServer_4.1\classmate-1.3.4.jar;C:\Users\user\AppData\Local\capsule\apps\net.corda.webserver.WebServer_4.1\javax.activation-api-1.2.0.jar;C:\Users\user\AppData\Local\capsule\apps\net.corda.webserver.WebServer_4.1\dom4j-1.6.1.jar;C:\Users\user\AppData\Local\capsule\apps\net.corda.webserver.WebServer_4.1\metrics-core-3.2.3.jar;C:\Users\user\AppData\Local\capsule\apps\net.corda.webserver.WebServer_4.1\HdrHistogram-2.1.9.jar;C:\Users\user\AppData\Local\capsule\apps\net.corda.webserver.WebServer_4.1\LatencyUtils-2.0.3.jar;C:\Users\user\AppData\Local\capsule\apps\net.corda.webserver.WebServer_4.1\kryo-4.0.0.jar;C:\Users\user\AppData\Local\capsule\apps\net.corda.webserver.WebServer_4.1\kryo-serializers-0.42.jar;C:\Users\user\AppData\Local\capsule\apps\net.corda.webserver.WebServer_4.1\commons-collections4-4.1.jar;C:\Users\user\AppData\Local\capsule\apps\net.corda.webserver.WebServer_4.1\commons-beanutils-1.9.3.jar;C:\Users\user\AppData\Local\capsule\apps\net.corda.webserver.WebServer_4.1\proton-j-0.33.0.jar;C:\Users\user\AppData\Local\capsule\apps\net.corda.webserver.WebServer_4.1\liquibase-core-3.5.5.jar;C:\Users\user\AppData\Local\capsule\apps\net.corda.webserver.WebServer_4.1\liquibase-slf4j-2.0.0.jar;C:\Users\user\AppData\Local\capsule\apps\net.corda.webserver.WebServer_4.1\asm-5.0.4.jar;C:\Users\user\AppData\Local\capsule\apps\net.corda.webserver.WebServer_4.1\snappy-0.4.jar;C:\Users\user\AppData\Local\capsule\apps\net.corda.webserver.WebServer_4.1\snakeyaml-1.18.jar;C:\Users\user\AppData\Local\capsule\apps\net.corda.webserver.WebServer_4.1\jackson-core-2.9.5.jar;C:\Users\user\AppData\Local\capsule\apps\net.corda.webserver.WebServer_4.1\checker-qual-2.0.0.jar;C:\Users\user\AppData\Local\capsule\apps\net.corda.webserver.WebServer_4.1\error_prone_annotations-2.1.3.jar;C:\Users\user\AppData\Local\capsule\apps\net.corda.webserver.WebServer_4.1\j2objc-annotations-1.1.jar;C:\Users\user\AppData\Local\capsule\apps\net.corda.webserver.WebServer_4.1\animal-sniffer-annotations-1.14.jar;C:\Users\user\AppData\Local\capsule\apps\net.corda.webserver.WebServer_4.1\jersey-guava-2.25.jar;C:\Users\user\AppData\Local\capsule\apps\net.corda.webserver.WebServer_4.1\osgi-resource-locator-1.0.1.jar;C:\Users\user\AppData\Local\capsule\apps\net.corda.webserver.WebServer_4.1\hk2-utils-2.5.0-b30.jar;C:\Users\user\AppData\Local\capsule\apps\net.corda.webserver.WebServer_4.1\aopalliance-repackaged-2.5.0-b30.jar;C:\Users\user\AppData\Local\capsule\apps\net.corda.webserver.WebServer_4.1\kotlin-stdlib-common-1.2.71.jar;C:\Users\user\AppData\Local\capsule\apps\net.corda.webserver.WebServer_4.1\annotations-13.0.jar;C:\Users\user\AppData\Local\capsule\apps\net.corda.webserver.WebServer_4.1\reflectasm-1.11.3.jar;C:\Users\user\AppData\Local\capsule\apps\net.corda.webserver.WebServer_4.1\minlog-1.3.0.jar;C:\Users\user\AppData\Local\capsule\apps\net.corda.webserver.WebServer_4.1\objenesis-2.2.jar;C:\Users\user\AppData\Local\capsule\apps\net.corda.webserver.WebServer_4.1\commons-collections-3.2.2.jar;C:\Users\user\AppData\Local\capsule\apps\net.corda.webserver.WebServer_4.1\jgroups-3.6.13.Final.jar;C:\Users\user\AppData\Local\capsule\apps\net.corda.webserver.WebServer_4.1\geronimo-json_1.0_spec-1.0-alpha-1.jar;C:\Users\user\AppData\Local\capsule\apps\net.corda.webserver.WebServer_4.1\johnzon-core-0.9.5.jar;C:\Users\user\AppData\Local\capsule\apps\net.corda.webserver.WebServer_4.1\netty-transport-native-epoll-4.1.22.Final-linux-x86_64.jar;C:\Users\user\AppData\Local\capsule\apps\net.corda.webserver.WebServer_4.1\netty-transport-native-kqueue-4.1.22.Final-osx-x86_64.jar;C:\Users\user\AppData\Local\capsule\apps\net.corda.webserver.WebServer_4.1\netty-codec-http-4.1.22.Final.jar;C:\Users\user\AppData\Local\capsule\apps\net.corda.webserver.WebServer_4.1\netty-handler-4.1.22.Final.jar;C:\Users\user\AppData\Local\capsule\apps\net.corda.webserver.WebServer_4.1\netty-codec-4.1.22.Final.jar;C:\Users\user\AppData\Local\capsule\apps\net.corda.webserver.WebServer_4.1\netty-transport-native-unix-common-4.1.22.Final.jar;C:\Users\user\AppData\Local\capsule\apps\net.corda.webserver.WebServer_4.1\netty-transport-4.1.22.Final.jar;C:\Users\user\AppData\Local\capsule\apps\net.corda.webserver.WebServer_4.1\netty-buffer-4.1.22.Final.jar;C:\Users\user\AppData\Local\capsule\apps\net.corda.webserver.WebServer_4.1\netty-resolver-4.1.22.Final.jar;C:\Users\user\AppData\Local\capsule\apps\net.corda.webserver.WebServer_4.1\netty-common-4.1.22.Final.jar;C:\Users\user\AppData\Local\capsule\apps\net.corda.webserver.WebServer_4.1\artemis-selector-2.6.2.jar;C:\Users\user\AppData\Local\capsule\apps\net.corda.webserver.WebServer_4.1\javax.inject-1.jar;C:\Users\user\AppData\Local\capsule\apps\net.corda.webserver.WebServer_4.1\geronimo-jms_2.0_spec-1.0-alpha-2.jar;C:\Users\user\AppData\Local\capsule\apps\net.corda.webserver.WebServer_4.1\corda-webserver-impl-4.1.jar;D:\Arvinth\BlockChain\DerivHack-2019\GIT\cdm-corda\build\nodes\Client1\cordapps\cdm-corda-0.1.jar;D:\Arvinth\BlockChain\DerivHack-2019\GIT\cdm-corda\build\nodes\Client1\cordapps\cdm-support-0.1.jar;D:\Arvinth\BlockChain\DerivHack-2019\GIT\cdm-corda\build\nodes\Client1\cordapps\cdm-support-contracts-states-0.1.jar;D:\Arvinth\BlockChain\DerivHack-2019\GIT\cdm-corda\build\nodes\Client1\cordapps\corda-finance-contracts-4.1.jar;D:\Arvinth\BlockChain\DerivHack-2019\GIT\cdm-corda\build\nodes\Client1\cordapps\corda-finance-workflows-4.1.jar;D:\Arvinth\BlockChain\DerivHack-2019\GIT\cdm-corda\build\nodes\Client1\cordapps\cordapp-0.1.jar;D:\Arvinth\BlockChain\DerivHack-2019\GIT\cdm-corda\build\nodes\Client1\corda-webserver.jar;C:\Users\user\AppData\Local\capsule\apps\net.corda.webserver.WebServer_4.1\quasar-core-0.7.10-jdk8.jar
[INFO ] 2019-10-11T09:46:14,111Z [main] Main.main - VM Java HotSpot(TM) 64-Bit Server VM Oracle Corporation 25.221-b11
[INFO ] 2019-10-11T09:46:14,117Z [main] Main.main - Machine: DELL
[INFO ] 2019-10-11T09:46:14,154Z [main] Main.main - Working Directory: D:\Arvinth\BlockChain\DerivHack-2019\GIT\cdm-corda\build\nodes\Client1
[INFO ] 2019-10-11T09:46:14,230Z [main] Main.main - Starting as webserver on localhost:10007
[INFO ] 2019-10-11T09:46:14,516Z [main] BasicInfo.logAndMaybePrint - Starting as webserver: localhost:10007
[INFO ] 2019-10-11T09:46:14,818Z [main] internal.NodeWebServer.connectLocalRpcAsNodeUser - Connecting to node at localhost:10006 as User(user1, permissions=[ALL])
[INFO ] 2019-10-11T09:46:54,801Z [main] internal.RPCClient.logElapsedTime - Failed Startup took 25618 msec
[INFO ] 2019-10-11T09:46:55,897Z [main] internal.NodeWebServer.connectLocalRpcAsNodeUser - Connecting to node at localhost:10006 as User(user1, permissions=[ALL])
[INFO ] 2019-10-11T09:46:59,643Z [main] internal.RPCClient.logElapsedTime - Failed Startup took 3736 msec
[INFO ] 2019-10-11T09:47:02,738Z [main] internal.NodeWebServer.connectLocalRpcAsNodeUser - Connecting to node at localhost:10006 as User(user1, permissions=[ALL])
[INFO ] 2019-10-11T09:47:07,856Z [main] internal.RPCClient.logElapsedTime - Failed Startup took 5086 msec
[INFO ] 2019-10-11T09:47:10,032Z [main] internal.NodeWebServer.connectLocalRpcAsNodeUser - Connecting to node at localhost:10006 as User(user1, permissions=[ALL])
[INFO ] 2019-10-11T09:47:14,462Z [main] internal.RPCClient.logElapsedTime - Failed Startup took 4412 msec
[INFO ] 2019-10-11T09:47:15,634Z [main] internal.NodeWebServer.connectLocalRpcAsNodeUser - Connecting to node at localhost:10006 as User(user1, permissions=[ALL])
[INFO ] 2019-10-11T09:47:18,957Z [main] internal.RPCClient.logElapsedTime - Failed Startup took 3206 msec
[INFO ] 2019-10-11T09:47:20,827Z [main] internal.NodeWebServer.connectLocalRpcAsNodeUser - Connecting to node at localhost:10006 as User(user1, permissions=[ALL])
[INFO ] 2019-10-11T09:47:24,549Z [main] internal.RPCClient.logElapsedTime - Failed Startup took 3697 msec
[INFO ] 2019-10-11T09:47:25,734Z [main] internal.NodeWebServer.connectLocalRpcAsNodeUser - Connecting to node at localhost:10006 as User(user1, permissions=[ALL])
[INFO ] 2019-10-11T09:47:28,236Z [main] internal.RPCClient.logElapsedTime - Failed Startup took 2494 msec
[INFO ] 2019-10-11T09:47:29,732Z [main] internal.NodeWebServer.connectLocalRpcAsNodeUser - Connecting to node at localhost:10006 as User(user1, permissions=[ALL])
[INFO ] 2019-10-11T09:47:32,460Z [main] internal.RPCClient.logElapsedTime - Failed Startup took 2721 msec
[INFO ] 2019-10-11T09:47:34,576Z [main] internal.NodeWebServer.connectLocalRpcAsNodeUser - Connecting to node at localhost:10006 as User(user1, permissions=[ALL])
[INFO ] 2019-10-11T09:47:38,921Z [main] internal.RPCClient.logElapsedTime - Failed Startup took 4337 msec
[INFO ] 2019-10-11T09:47:40,416Z [main] internal.NodeWebServer.connectLocalRpcAsNodeUser - Connecting to node at localhost:10006 as User(user1, permissions=[ALL])
[INFO ] 2019-10-11T09:47:44,216Z [main] internal.RPCClient.logElapsedTime - Failed Startup took 3793 msec
[INFO ] 2019-10-11T09:47:48,907Z [main] internal.NodeWebServer.connectLocalRpcAsNodeUser - Connecting to node at localhost:10006 as User(user1, permissions=[ALL])
[INFO ] 2019-10-11T09:47:52,685Z [main] internal.RPCClient.logElapsedTime - Failed Startup took 3766 msec
[INFO ] 2019-10-11T09:47:54,342Z [main] internal.NodeWebServer.connectLocalRpcAsNodeUser - Connecting to node at localhost:10006 as User(user1, permissions=[ALL])
[INFO ] 2019-10-11T09:47:56,751Z [main] internal.RPCClient.logElapsedTime - Failed Startup took 2391 msec
[INFO ] 2019-10-11T09:47:58,906Z [main] internal.NodeWebServer.connectLocalRpcAsNodeUser - Connecting to node at localhost:10006 as User(user1, permissions=[ALL])
[INFO ] 2019-10-11T09:48:04,181Z [main] internal.RPCClient.logElapsedTime - Failed Startup took 5271 msec
[INFO ] 2019-10-11T09:48:06,999Z [main] internal.NodeWebServer.connectLocalRpcAsNodeUser - Connecting to node at localhost:10006 as User(user1, permissions=[ALL])
[INFO ] 2019-10-11T09:48:11,147Z [main] internal.RPCClient.logElapsedTime - Failed Startup took 4136 msec
[INFO ] 2019-10-11T09:48:12,429Z [main] internal.NodeWebServer.connectLocalRpcAsNodeUser - Connecting to node at localhost:10006 as User(user1, permissions=[ALL])
[INFO ] 2019-10-11T09:48:14,960Z [main] internal.RPCClient.logElapsedTime - Failed Startup took 2491 msec
[INFO ] 2019-10-11T09:48:16,186Z [main] internal.NodeWebServer.connectLocalRpcAsNodeUser - Connecting to node at localhost:10006 as User(user1, permissions=[ALL])
[INFO ] 2019-10-11T09:48:18,738Z [main] internal.RPCClient.logElapsedTime - Failed Startup took 2516 msec
[INFO ] 2019-10-11T09:48:19,808Z [main] internal.NodeWebServer.connectLocalRpcAsNodeUser - Connecting to node at localhost:10006 as User(user1, permissions=[ALL])
[INFO ] 2019-10-11T09:48:22,185Z [main] internal.RPCClient.logElapsedTime - Failed Startup took 2371 msec
[INFO ] 2019-10-11T09:48:23,633Z [main] internal.NodeWebServer.connectLocalRpcAsNodeUser - Connecting to node at localhost:10006 as User(user1, permissions=[ALL])
[INFO ] 2019-10-11T09:48:25,894Z [main] internal.RPCClient.logElapsedTime - Failed Startup took 2256 msec
[INFO ] 2019-10-11T09:48:27,153Z [main] internal.NodeWebServer.connectLocalRpcAsNodeUser - Connecting to node at localhost:10006 as User(user1, permissions=[ALL])
[INFO ] 2019-10-11T09:48:30,002Z [main] internal.RPCClient.logElapsedTime - Failed Startup took 2840 msec
[INFO ] 2019-10-11T09:48:31,300Z [main] internal.NodeWebServer.connectLocalRpcAsNodeUser - Connecting to node at localhost:10006 as User(user1, permissions=[ALL])
[INFO ] 2019-10-11T09:48:33,740Z [main] internal.RPCClient.logElapsedTime - Failed Startup took 2433 msec
[INFO ] 2019-10-11T09:48:34,860Z [main] internal.NodeWebServer.connectLocalRpcAsNodeUser - Connecting to node at localhost:10006 as User(user1, permissions=[ALL])
[INFO ] 2019-10-11T09:48:37,536Z [main] internal.RPCClient.logElapsedTime - Failed Startup took 2640 msec
[INFO ] 2019-10-11T09:48:39,072Z [main] internal.NodeWebServer.connectLocalRpcAsNodeUser - Connecting to node at localhost:10006 as User(user1, permissions=[ALL])
[INFO ] 2019-10-11T09:48:42,671Z [main] internal.RPCClient.logElapsedTime - Failed Startup took 3543 msec
[INFO ] 2019-10-11T09:48:44,512Z [main] internal.NodeWebServer.connectLocalRpcAsNodeUser - Connecting to node at localhost:10006 as User(user1, permissions=[ALL])
[INFO ] 2019-10-11T09:48:47,687Z [main] internal.RPCClient.logElapsedTime - Failed Startup took 2662 msec
[INFO ] 2019-10-11T09:48:48,769Z [main] internal.NodeWebServer.connectLocalRpcAsNodeUser - Connecting to node at localhost:10006 as User(user1, permissions=[ALL])
[INFO ] 2019-10-11T09:48:51,160Z [main] internal.RPCClient.logElapsedTime - Failed Startup took 2387 msec
[INFO ] 2019-10-11T09:48:52,503Z [main] internal.NodeWebServer.connectLocalRpcAsNodeUser - Connecting to node at localhost:10006 as User(user1, permissions=[ALL])
[INFO ] 2019-10-11T09:48:55,037Z [main] internal.RPCClient.logElapsedTime - Failed Startup took 2525 msec
[INFO ] 2019-10-11T09:48:56,654Z [main] internal.NodeWebServer.connectLocalRpcAsNodeUser - Connecting to node at localhost:10006 as User(user1, permissions=[ALL])
[INFO ] 2019-10-11T09:48:58,960Z [main] internal.RPCClient.logElapsedTime - Failed Startup took 2297 msec
[INFO ] 2019-10-11T09:49:00,478Z [main] internal.NodeWebServer.connectLocalRpcAsNodeUser - Connecting to node at localhost:10006 as User(user1, permissions=[ALL])
[INFO ] 2019-10-11T09:49:03,183Z [main] internal.RPCClient.logElapsedTime - Failed Startup took 2702 msec
[INFO ] 2019-10-11T09:49:05,329Z [main] internal.NodeWebServer.connectLocalRpcAsNodeUser - Connecting to node at localhost:10006 as User(user1, permissions=[ALL])
[INFO ] 2019-10-11T09:49:08,908Z [main] internal.RPCClient.logElapsedTime - Failed Startup took 3574 msec
[INFO ] 2019-10-11T09:49:10,551Z [main] internal.NodeWebServer.connectLocalRpcAsNodeUser - Connecting to node at localhost:10006 as User(user1, permissions=[ALL])
[INFO ] 2019-10-11T09:49:14,042Z [main] internal.RPCClient.logElapsedTime - Failed Startup took 3489 msec
[INFO ] 2019-10-11T09:49:15,645Z [main] internal.NodeWebServer.connectLocalRpcAsNodeUser - Connecting to node at localhost:10006 as User(user1, permissions=[ALL])
[INFO ] 2019-10-11T09:49:18,392Z [main] internal.RPCClient.logElapsedTime - Failed Startup took 2692 msec
[INFO ] 2019-10-11T09:49:19,485Z [main] internal.NodeWebServer.connectLocalRpcAsNodeUser - Connecting to node at localhost:10006 as User(user1, permissions=[ALL])
[INFO ] 2019-10-11T09:49:21,660Z [main] internal.RPCClient.logElapsedTime - Failed Startup took 2171 msec
[INFO ] 2019-10-11T09:49:22,746Z [main] internal.NodeWebServer.connectLocalRpcAsNodeUser - Connecting to node at localhost:10006 as User(user1, permissions=[ALL])
[INFO ] 2019-10-11T09:49:25,165Z [main] internal.RPCClient.logElapsedTime - Failed Startup took 2281 msec
[INFO ] 2019-10-11T09:49:26,529Z [main] internal.NodeWebServer.connectLocalRpcAsNodeUser - Connecting to node at localhost:10006 as User(user1, permissions=[ALL])
[INFO ] 2019-10-11T09:49:29,164Z [main] internal.RPCClient.logElapsedTime - Failed Startup took 2631 msec
[INFO ] 2019-10-11T09:49:30,304Z [main] internal.NodeWebServer.connectLocalRpcAsNodeUser - Connecting to node at localhost:10006 as User(user1, permissions=[ALL])
[INFO ] 2019-10-11T09:49:32,846Z [main] internal.RPCClient.logElapsedTime - Failed Startup took 2523 msec
[INFO ] 2019-10-11T09:49:34,037Z [main] internal.NodeWebServer.connectLocalRpcAsNodeUser - Connecting to node at localhost:10006 as User(user1, permissions=[ALL])
[INFO ] 2019-10-11T09:49:36,647Z [main] internal.RPCClient.logElapsedTime - Failed Startup took 2608 msec
[INFO ] 2019-10-11T09:49:37,665Z [main] internal.NodeWebServer.connectLocalRpcAsNodeUser - Connecting to node at localhost:10006 as User(user1, permissions=[ALL])
[INFO ] 2019-10-11T09:49:39,860Z [main] internal.RPCClient.logElapsedTime - Failed Startup took 2193 msec
[INFO ] 2019-10-11T09:49:40,868Z [main] internal.NodeWebServer.connectLocalRpcAsNodeUser - Connecting to node at localhost:10006 as User(user1, permissions=[ALL])
[INFO ] 2019-10-11T09:49:43,182Z [main] internal.RPCClient.logElapsedTime - Failed Startup took 2311 msec
[INFO ] 2019-10-11T09:49:44,198Z [main] internal.NodeWebServer.connectLocalRpcAsNodeUser - Connecting to node at localhost:10006 as User(user1, permissions=[ALL])
[INFO ] 2019-10-11T09:50:25,456Z [main] internal.RPCClient.logElapsedTime - Startup took 41255 msec
[INFO ] 2019-10-11T09:50:25,500Z [main] util.log.initialized - Logging initialized @298986ms to org.eclipse.jetty.util.log.Slf4jLog
[INFO ] 2019-10-11T09:50:27,364Z [main] server.Server.doStart - jetty-9.4.7.v20170914
[INFO ] 2019-10-11T09:50:29,353Z [main] handler.ContextHandler.doStart - Started o.e.j.s.ServletContextHandler@d0993f0{/,null,AVAILABLE}
[INFO ] 2019-10-11T09:50:29,401Z [main] server.AbstractConnector.doStart - Started ServerConnector@3fe9f6ab{HTTP/1.1,[http/1.1]}{0.0.0.0:10007}
[INFO ] 2019-10-11T09:50:29,414Z [main] server.Server.doStart - Started @302904ms
[INFO ] 2019-10-11T09:50:29,418Z [main] internal.NodeWebServer.initWebServer - Starting webserver on address localhost:10007
[WARN ] 2019-10-11T09:59:32,791Z [Thread-2 (ActiveMQ-client-global-threads)] internal.RPCClientProxyHandler.cleanUpOnConnectionLoss - Terminating observables.
