[INFO ] 2019-10-11T09:46:08,036Z [main] webserver.CmdLineOptions.loadConfig - Config:
{
    # hardcoded value
    "baseDirectory" : "D:\\Arvinth\\BlockChain\\DerivHack-2019\\GIT\\cdm-corda\\build\\nodes\\Broker2",
    # web-reference.conf @ jar:file:/C:/Users/user/AppData/Local/capsule/apps/net.corda.webserver.WebServer_4.1/corda-webserver-impl-4.1.jar!/web-reference.conf: 2
    "keyStorePassword" : "cordacadevpass",
    # D:\Arvinth\BlockChain\DerivHack-2019\GIT\cdm-corda\build\nodes\Broker2\web-server.conf: 1
    "myLegalName" : "O=Broker2,L=New York,C=US",
    # D:\Arvinth\BlockChain\DerivHack-2019\GIT\cdm-corda\build\nodes\Broker2\web-server.conf: 2
    "rpcAddress" : "localhost:10012",
    # D:\Arvinth\BlockChain\DerivHack-2019\GIT\cdm-corda\build\nodes\Broker2\web-server.conf: 3
    "security" : {
        # D:\Arvinth\BlockChain\DerivHack-2019\GIT\cdm-corda\build\nodes\Broker2\web-server.conf: 4
        "authService" : {
            # D:\Arvinth\BlockChain\DerivHack-2019\GIT\cdm-corda\build\nodes\Broker2\web-server.conf: 5
            "dataSource" : {
                # D:\Arvinth\BlockChain\DerivHack-2019\GIT\cdm-corda\build\nodes\Broker2\web-server.conf: 6
                "type" : "INMEMORY",
                # D:\Arvinth\BlockChain\DerivHack-2019\GIT\cdm-corda\build\nodes\Broker2\web-server.conf: 7
                "users" : [
                    # D:\Arvinth\BlockChain\DerivHack-2019\GIT\cdm-corda\build\nodes\Broker2\web-server.conf: 8
                    {
                        # D:\Arvinth\BlockChain\DerivHack-2019\GIT\cdm-corda\build\nodes\Broker2\web-server.conf: 9
                        "password" : "test",
                        # D:\Arvinth\BlockChain\DerivHack-2019\GIT\cdm-corda\build\nodes\Broker2\web-server.conf: 10
                        "permissions" : [
                            # D:\Arvinth\BlockChain\DerivHack-2019\GIT\cdm-corda\build\nodes\Broker2\web-server.conf: 11
                            "ALL"
                        ],
                        # D:\Arvinth\BlockChain\DerivHack-2019\GIT\cdm-corda\build\nodes\Broker2\web-server.conf: 13
                        "user" : "user3"
                    }
                ]
            }
        }
    },
    # web-reference.conf @ jar:file:/C:/Users/user/AppData/Local/capsule/apps/net.corda.webserver.WebServer_4.1/corda-webserver-impl-4.1.jar!/web-reference.conf: 3
    "trustStorePassword" : "trustpass",
    # web-reference.conf @ jar:file:/C:/Users/user/AppData/Local/capsule/apps/net.corda.webserver.WebServer_4.1/corda-webserver-impl-4.1.jar!/web-reference.conf: 1
    "useHTTPS" : false,
    # D:\Arvinth\BlockChain\DerivHack-2019\GIT\cdm-corda\build\nodes\Broker2\web-server.conf: 19
    "webAddress" : "localhost:10013"
}

[WARN ] 2019-10-11T09:46:12,346Z [main] internal.config.defaultToOldPath - Config key user has been deprecated and will be removed in a future release. Use username instead
[INFO ] 2019-10-11T09:46:12,422Z [main] Main.main - Main class: /C:/Users/user/AppData/Local/capsule/apps/net.corda.webserver.WebServer_4.1/corda-webserver-impl-4.1.jar
[INFO ] 2019-10-11T09:46:12,428Z [main] Main.main - CommandLine Args: -Xmx200m -XX:+UseG1GC -agentlib:jdwp=transport=dt_socket,server=y,suspend=n,address=5008 -javaagent:D:\Arvinth\BlockChain\DerivHack-2019\GIT\cdm-corda\build\nodes\Broker2\corda-webserver.jar -javaagent:C:\Users\user\AppData\Local\capsule\apps\net.corda.webserver.WebServer_4.1\quasar-core-0.7.10-jdk8.jar -Dcapsule.address=0.0.0.0 -Dvisualvm.display.name=Corda -Djava.library.path=C:\Program Files\Java\jre1.8.0_221\bin;C:\WINDOWS\Sun\Java\bin;C:\WINDOWS\system32;C:\WINDOWS;C:\Program Files (x86)\Common Files\Oracle\Java\javapath;c:\Program Files (x86)\Intel\iCLS Client;c:\Program Files\Intel\iCLS Client;C:\WINDOWS\system32;C:\WINDOWS;C:\WINDOWS\System32\Wbem;C:\WINDOWS\System32\WindowsPowerShell\v1.0;C:\Program Files\Intel\WiFi\bin;C:\Program Files\Common Files\Intel\WirelessCommon;C:\Program Files (x86)\Windows Live\Shared;c:\Program Files\Microsoft SQL Server\110\Tools\Binn;c:\Program Files (x86)\Microsoft SQL Server\110\Tools\Binn;c:\Program Files\Microsoft SQL Server\110\DTS\Binn;c:\Program Files (x86)\Microsoft SQL Server\110\Tools\Binn\ManagementStudio;c:\Program Files (x86)\Microsoft SQL Server\110\DTS\Binn;C:\Program Files (x86)\IBM\WebSphere MQ\bin64;C:\Program Files (x86)\IBM\WebSphere MQ\bin;C:\Program Files (x86)\IBM\WebSphere MQ\tools\c\samples\bin;C:\Program Files (x86)\Skype\Phone;C:\Softwares\Git\cmd;C:\Softwares\TortoiseGit\bin;C:\Softwares\nodejs;C:\Softwares\PuTTY;C:\Program Files\PuTTY;C:\Program Files (x86)\Intel\Intel(R) Management Engine Components\DAL;C:\Program Files\Intel\Intel(R) Management Engine Components\DAL;C:\Program Files (x86)\Intel\Intel(R) Management Engine Components\IPT;C:\Program Files\Intel\Intel(R) Management Engine Components\IPT;C:\Go\bin;C:\WINDOWS\System32\OpenSSH;C:\Users\user\AppData\Local\Programs\Python\Python36\Scripts;C:\Users\user\AppData\Local\Programs\Python\Python36;C:\Users\user\AppData\Local\atom\bin;C:\Android\adt-bundle-windows-x86_64-20140702\sdk\platform-tools;C:\Android\adt-bundle-windows-x86_64-20140702\sdk\tools;C:\Softwares\apache-maven-3.3.9\bin;C:\Program Files\Java\jdk1.8.0_221\bin;C:\Users\user\AppData\Roaming\npm;C:\Users\user\AppData\Local\Microsoft\WindowsApps;C:\Program Files\Intel\WiFi\bin;C:\Program Files\Common Files\Intel\WirelessCommon;C:\Gradle\gradle-5.6.2\bin;C:\Users\user\AppData\Local\capsule\apps\net.corda.webserver.WebServer_4.1 -Dcapsule.log=1 -Dcapsule.app=net.corda.webserver.WebServer_4.1 -Dcapsule.port=50119 -Dname=Broker2-corda-webserver.jar -Dcapsule.jvm.args=-agentlib:jdwp=transport=dt_socket,server=y,suspend=n,address=5008 -DWebserver -Dcapsule.dir=C:\Users\user\AppData\Local\capsule\apps\net.corda.webserver.WebServer_4.1 -Dcapsule.jar=D:\Arvinth\BlockChain\DerivHack-2019\GIT\cdm-corda\build\nodes\Broker2\corda-webserver.jar
[INFO ] 2019-10-11T09:46:12,467Z [main] Main.main - Application Args: 
[INFO ] 2019-10-11T09:46:12,472Z [main] Main.main - bootclasspath: C:\Program Files\Java\jre1.8.0_221\lib\resources.jar;C:\Program Files\Java\jre1.8.0_221\lib\rt.jar;C:\Program Files\Java\jre1.8.0_221\lib\sunrsasign.jar;C:\Program Files\Java\jre1.8.0_221\lib\jsse.jar;C:\Program Files\Java\jre1.8.0_221\lib\jce.jar;C:\Program Files\Java\jre1.8.0_221\lib\charsets.jar;C:\Program Files\Java\jre1.8.0_221\lib\jfr.jar;C:\Program Files\Java\jre1.8.0_221\classes
[INFO ] 2019-10-11T09:46:12,477Z [main] Main.main - classpath: D:\Arvinth\BlockChain\DerivHack-2019\GIT\cdm-corda\build\nodes\Broker2\corda-webserver.jar;C:\Users\user\AppData\Local\capsule\apps\net.corda.webserver.WebServer_4.1\corda-rpc-4.1.jar;C:\Users\user\AppData\Local\capsule\apps\net.corda.webserver.WebServer_4.1\corda-tools-cliutils-4.1.jar;C:\Users\user\AppData\Local\capsule\apps\net.corda.webserver.WebServer_4.1\corda-node-api-4.1.jar;C:\Users\user\AppData\Local\capsule\apps\net.corda.webserver.WebServer_4.1\corda-jackson-4.1.jar;C:\Users\user\AppData\Local\capsule\apps\net.corda.webserver.WebServer_4.1\corda-serialization-4.1.jar;C:\Users\user\AppData\Local\capsule\apps\net.corda.webserver.WebServer_4.1\corda-core-4.1.jar;C:\Users\user\AppData\Local\capsule\apps\net.corda.webserver.WebServer_4.1\corda-common-logging-4.1.jar;C:\Users\user\AppData\Local\capsule\apps\net.corda.webserver.WebServer_4.1\jetty-webapp-9.4.7.v20170914.jar;C:\Users\user\AppData\Local\capsule\apps\net.corda.webserver.WebServer_4.1\jetty-servlet-9.4.7.v20170914.jar;C:\Users\user\AppData\Local\capsule\apps\net.corda.webserver.WebServer_4.1\jersey-container-jetty-http-2.25.jar;C:\Users\user\AppData\Local\capsule\apps\net.corda.webserver.WebServer_4.1\jetty-security-9.4.7.v20170914.jar;C:\Users\user\AppData\Local\capsule\apps\net.corda.webserver.WebServer_4.1\jetty-server-9.4.7.v20170914.jar;C:\Users\user\AppData\Local\capsule\apps\net.corda.webserver.WebServer_4.1\javax.servlet-api-3.1.0.jar;C:\Users\user\AppData\Local\capsule\apps\net.corda.webserver.WebServer_4.1\commons-fileupload-1.3.3.jar;C:\Users\user\AppData\Local\capsule\apps\net.corda.webserver.WebServer_4.1\log4j-slf4j-impl-2.9.1.jar;C:\Users\user\AppData\Local\capsule\apps\net.corda.webserver.WebServer_4.1\log4j-core-2.9.1.jar;C:\Users\user\AppData\Local\capsule\apps\net.corda.webserver.WebServer_4.1\jopt-simple-5.0.2.jar;C:\Users\user\AppData\Local\capsule\apps\net.corda.webserver.WebServer_4.1\jetty-continuation-9.4.7.v20170914.jar;C:\Users\user\AppData\Local\capsule\apps\net.corda.webserver.WebServer_4.1\jersey-container-servlet-2.25.jar;C:\Users\user\AppData\Local\capsule\apps\net.corda.webserver.WebServer_4.1\jersey-container-servlet-core-2.25.jar;C:\Users\user\AppData\Local\capsule\apps\net.corda.webserver.WebServer_4.1\jersey-server-2.25.jar;C:\Users\user\AppData\Local\capsule\apps\net.corda.webserver.WebServer_4.1\jersey-media-json-jackson-2.25.jar;C:\Users\user\AppData\Local\capsule\apps\net.corda.webserver.WebServer_4.1\kotlinx-html-jvm-0.6.3.jar;C:\Users\user\AppData\Local\capsule\apps\net.corda.webserver.WebServer_4.1\kotlin-stdlib-jdk8-1.2.71.jar;C:\Users\user\AppData\Local\capsule\apps\net.corda.webserver.WebServer_4.1\jackson-module-kotlin-2.9.5.jar;C:\Users\user\AppData\Local\capsule\apps\net.corda.webserver.WebServer_4.1\kotlin-reflect-1.2.71.jar;C:\Users\user\AppData\Local\capsule\apps\net.corda.webserver.WebServer_4.1\quasar-core-0.7.10-jdk8.jar;C:\Users\user\AppData\Local\capsule\apps\net.corda.webserver.WebServer_4.1\guava-25.1-jre.jar;C:\Users\user\AppData\Local\capsule\apps\net.corda.webserver.WebServer_4.1\jsr305-3.0.2.jar;C:\Users\user\AppData\Local\capsule\apps\net.corda.webserver.WebServer_4.1\jcl-over-slf4j-1.7.25.jar;C:\Users\user\AppData\Local\capsule\apps\net.corda.webserver.WebServer_4.1\HikariCP-2.5.1.jar;C:\Users\user\AppData\Local\capsule\apps\net.corda.webserver.WebServer_4.1\jcabi-manifests-1.1.jar;C:\Users\user\AppData\Local\capsule\apps\net.corda.webserver.WebServer_4.1\jcabi-log-0.14.jar;C:\Users\user\AppData\Local\capsule\apps\net.corda.webserver.WebServer_4.1\slf4j-api-1.7.25.jar;C:\Users\user\AppData\Local\capsule\apps\net.corda.webserver.WebServer_4.1\caffeine-2.6.2.jar;C:\Users\user\AppData\Local\capsule\apps\net.corda.webserver.WebServer_4.1\rxjava-1.3.8.jar;C:\Users\user\AppData\Local\capsule\apps\net.corda.webserver.WebServer_4.1\commons-jexl3-3.0.jar;C:\Users\user\AppData\Local\capsule\apps\net.corda.webserver.WebServer_4.1\commons-lang-2.6.jar;C:\Users\user\AppData\Local\capsule\apps\net.corda.webserver.WebServer_4.1\eddsa-0.2.0.jar;C:\Users\user\AppData\Local\capsule\apps\net.corda.webserver.WebServer_4.1\bcpkix-jdk15on-1.60.jar;C:\Users\user\AppData\Local\capsule\apps\net.corda.webserver.WebServer_4.1\bcprov-jdk15on-1.60.jar;C:\Users\user\AppData\Local\capsule\apps\net.corda.webserver.WebServer_4.1\hibernate-core-5.3.6.Final.jar;C:\Users\user\AppData\Local\capsule\apps\net.corda.webserver.WebServer_4.1\javax.persistence-api-2.2.jar;C:\Users\user\AppData\Local\capsule\apps\net.corda.webserver.WebServer_4.1\classgraph-4.6.12.jar;C:\Users\user\AppData\Local\capsule\apps\net.corda.webserver.WebServer_4.1\jackson-dataformat-yaml-2.9.5.jar;C:\Users\user\AppData\Local\capsule\apps\net.corda.webserver.WebServer_4.1\jackson-datatype-jsr310-2.9.5.jar;C:\Users\user\AppData\Local\capsule\apps\net.corda.webserver.WebServer_4.1\picocli-3.8.0.jar;C:\Users\user\AppData\Local\capsule\apps\net.corda.webserver.WebServer_4.1\artemis-amqp-protocol-2.6.2.jar;C:\Users\user\AppData\Local\capsule\apps\net.corda.webserver.WebServer_4.1\artemis-server-2.6.2.jar;C:\Users\user\AppData\Local\capsule\apps\net.corda.webserver.WebServer_4.1\commons-io-2.6.jar;C:\Users\user\AppData\Local\capsule\apps\net.corda.webserver.WebServer_4.1\jansi-1.14.jar;C:\Users\user\AppData\Local\capsule\apps\net.corda.webserver.WebServer_4.1\config-1.3.3.jar;C:\Users\user\AppData\Local\capsule\apps\net.corda.webserver.WebServer_4.1\jetty-xml-9.4.7.v20170914.jar;C:\Users\user\AppData\Local\capsule\apps\net.corda.webserver.WebServer_4.1\log4j-api-2.9.1.jar;C:\Users\user\AppData\Local\capsule\apps\net.corda.webserver.WebServer_4.1\jersey-client-2.25.jar;C:\Users\user\AppData\Local\capsule\apps\net.corda.webserver.WebServer_4.1\jersey-media-jaxb-2.25.jar;C:\Users\user\AppData\Local\capsule\apps\net.corda.webserver.WebServer_4.1\jersey-common-2.25.jar;C:\Users\user\AppData\Local\capsule\apps\net.corda.webserver.WebServer_4.1\jersey-entity-filtering-2.25.jar;C:\Users\user\AppData\Local\capsule\apps\net.corda.webserver.WebServer_4.1\javax.ws.rs-api-2.0.1.jar;C:\Users\user\AppData\Local\capsule\apps\net.corda.webserver.WebServer_4.1\javax.annotation-api-1.2.jar;C:\Users\user\AppData\Local\capsule\apps\net.corda.webserver.WebServer_4.1\hk2-locator-2.5.0-b30.jar;C:\Users\user\AppData\Local\capsule\apps\net.corda.webserver.WebServer_4.1\hk2-api-2.5.0-b30.jar;C:\Users\user\AppData\Local\capsule\apps\net.corda.webserver.WebServer_4.1\javax.inject-2.5.0-b30.jar;C:\Users\user\AppData\Local\capsule\apps\net.corda.webserver.WebServer_4.1\validation-api-1.1.0.Final.jar;C:\Users\user\AppData\Local\capsule\apps\net.corda.webserver.WebServer_4.1\jetty-http-9.4.7.v20170914.jar;C:\Users\user\AppData\Local\capsule\apps\net.corda.webserver.WebServer_4.1\jetty-io-9.4.7.v20170914.jar;C:\Users\user\AppData\Local\capsule\apps\net.corda.webserver.WebServer_4.1\jetty-util-9.4.7.v20170914.jar;C:\Users\user\AppData\Local\capsule\apps\net.corda.webserver.WebServer_4.1\jackson-jaxrs-json-provider-2.8.4.jar;C:\Users\user\AppData\Local\capsule\apps\net.corda.webserver.WebServer_4.1\jackson-jaxrs-base-2.8.4.jar;C:\Users\user\AppData\Local\capsule\apps\net.corda.webserver.WebServer_4.1\jackson-module-jaxb-annotations-2.8.4.jar;C:\Users\user\AppData\Local\capsule\apps\net.corda.webserver.WebServer_4.1\jackson-databind-2.9.5.jar;C:\Users\user\AppData\Local\capsule\apps\net.corda.webserver.WebServer_4.1\jackson-annotations-2.9.0.jar;C:\Users\user\AppData\Local\capsule\apps\net.corda.webserver.WebServer_4.1\kotlin-stdlib-jdk7-1.2.71.jar;C:\Users\user\AppData\Local\capsule\apps\net.corda.webserver.WebServer_4.1\kotlin-stdlib-1.2.71.jar;C:\Users\user\AppData\Local\capsule\apps\net.corda.webserver.WebServer_4.1\hibernate-commons-annotations-5.0.4.Final.jar;C:\Users\user\AppData\Local\capsule\apps\net.corda.webserver.WebServer_4.1\artemis-jms-client-2.6.2.jar;C:\Users\user\AppData\Local\capsule\apps\net.corda.webserver.WebServer_4.1\artemis-jdbc-store-2.6.2.jar;C:\Users\user\AppData\Local\capsule\apps\net.corda.webserver.WebServer_4.1\artemis-core-client-2.6.2.jar;C:\Users\user\AppData\Local\capsule\apps\net.corda.webserver.WebServer_4.1\artemis-journal-2.6.2.jar;C:\Users\user\AppData\Local\capsule\apps\net.corda.webserver.WebServer_4.1\artemis-commons-2.6.2.jar;C:\Users\user\AppData\Local\capsule\apps\net.corda.webserver.WebServer_4.1\artemis-native-2.6.2.jar;C:\Users\user\AppData\Local\capsule\apps\net.corda.webserver.WebServer_4.1\jboss-logging-3.3.2.Final.jar;C:\Users\user\AppData\Local\capsule\apps\net.corda.webserver.WebServer_4.1\javassist-3.23.1-GA.jar;C:\Users\user\AppData\Local\capsule\apps\net.corda.webserver.WebServer_4.1\byte-buddy-1.8.17.jar;C:\Users\user\AppData\Local\capsule\apps\net.corda.webserver.WebServer_4.1\antlr-2.7.7.jar;C:\Users\user\AppData\Local\capsule\apps\net.corda.webserver.WebServer_4.1\jboss-transaction-api_1.2_spec-1.1.1.Final.jar;C:\Users\user\AppData\Local\capsule\apps\net.corda.webserver.WebServer_4.1\jandex-2.0.5.Final.jar;C:\Users\user\AppData\Local\capsule\apps\net.corda.webserver.WebServer_4.1\classmate-1.3.4.jar;C:\Users\user\AppData\Local\capsule\apps\net.corda.webserver.WebServer_4.1\javax.activation-api-1.2.0.jar;C:\Users\user\AppData\Local\capsule\apps\net.corda.webserver.WebServer_4.1\dom4j-1.6.1.jar;C:\Users\user\AppData\Local\capsule\apps\net.corda.webserver.WebServer_4.1\metrics-core-3.2.3.jar;C:\Users\user\AppData\Local\capsule\apps\net.corda.webserver.WebServer_4.1\HdrHistogram-2.1.9.jar;C:\Users\user\AppData\Local\capsule\apps\net.corda.webserver.WebServer_4.1\LatencyUtils-2.0.3.jar;C:\Users\user\AppData\Local\capsule\apps\net.corda.webserver.WebServer_4.1\kryo-4.0.0.jar;C:\Users\user\AppData\Local\capsule\apps\net.corda.webserver.WebServer_4.1\kryo-serializers-0.42.jar;C:\Users\user\AppData\Local\capsule\apps\net.corda.webserver.WebServer_4.1\commons-collections4-4.1.jar;C:\Users\user\AppData\Local\capsule\apps\net.corda.webserver.WebServer_4.1\commons-beanutils-1.9.3.jar;C:\Users\user\AppData\Local\capsule\apps\net.corda.webserver.WebServer_4.1\proton-j-0.33.0.jar;C:\Users\user\AppData\Local\capsule\apps\net.corda.webserver.WebServer_4.1\liquibase-core-3.5.5.jar;C:\Users\user\AppData\Local\capsule\apps\net.corda.webserver.WebServer_4.1\liquibase-slf4j-2.0.0.jar;C:\Users\user\AppData\Local\capsule\apps\net.corda.webserver.WebServer_4.1\asm-5.0.4.jar;C:\Users\user\AppData\Local\capsule\apps\net.corda.webserver.WebServer_4.1\snappy-0.4.jar;C:\Users\user\AppData\Local\capsule\apps\net.corda.webserver.WebServer_4.1\snakeyaml-1.18.jar;C:\Users\user\AppData\Local\capsule\apps\net.corda.webserver.WebServer_4.1\jackson-core-2.9.5.jar;C:\Users\user\AppData\Local\capsule\apps\net.corda.webserver.WebServer_4.1\checker-qual-2.0.0.jar;C:\Users\user\AppData\Local\capsule\apps\net.corda.webserver.WebServer_4.1\error_prone_annotations-2.1.3.jar;C:\Users\user\AppData\Local\capsule\apps\net.corda.webserver.WebServer_4.1\j2objc-annotations-1.1.jar;C:\Users\user\AppData\Local\capsule\apps\net.corda.webserver.WebServer_4.1\animal-sniffer-annotations-1.14.jar;C:\Users\user\AppData\Local\capsule\apps\net.corda.webserver.WebServer_4.1\jersey-guava-2.25.jar;C:\Users\user\AppData\Local\capsule\apps\net.corda.webserver.WebServer_4.1\osgi-resource-locator-1.0.1.jar;C:\Users\user\AppData\Local\capsule\apps\net.corda.webserver.WebServer_4.1\hk2-utils-2.5.0-b30.jar;C:\Users\user\AppData\Local\capsule\apps\net.corda.webserver.WebServer_4.1\aopalliance-repackaged-2.5.0-b30.jar;C:\Users\user\AppData\Local\capsule\apps\net.corda.webserver.WebServer_4.1\kotlin-stdlib-common-1.2.71.jar;C:\Users\user\AppData\Local\capsule\apps\net.corda.webserver.WebServer_4.1\annotations-13.0.jar;C:\Users\user\AppData\Local\capsule\apps\net.corda.webserver.WebServer_4.1\reflectasm-1.11.3.jar;C:\Users\user\AppData\Local\capsule\apps\net.corda.webserver.WebServer_4.1\minlog-1.3.0.jar;C:\Users\user\AppData\Local\capsule\apps\net.corda.webserver.WebServer_4.1\objenesis-2.2.jar;C:\Users\user\AppData\Local\capsule\apps\net.corda.webserver.WebServer_4.1\commons-collections-3.2.2.jar;C:\Users\user\AppData\Local\capsule\apps\net.corda.webserver.WebServer_4.1\jgroups-3.6.13.Final.jar;C:\Users\user\AppData\Local\capsule\apps\net.corda.webserver.WebServer_4.1\geronimo-json_1.0_spec-1.0-alpha-1.jar;C:\Users\user\AppData\Local\capsule\apps\net.corda.webserver.WebServer_4.1\johnzon-core-0.9.5.jar;C:\Users\user\AppData\Local\capsule\apps\net.corda.webserver.WebServer_4.1\netty-transport-native-epoll-4.1.22.Final-linux-x86_64.jar;C:\Users\user\AppData\Local\capsule\apps\net.corda.webserver.WebServer_4.1\netty-transport-native-kqueue-4.1.22.Final-osx-x86_64.jar;C:\Users\user\AppData\Local\capsule\apps\net.corda.webserver.WebServer_4.1\netty-codec-http-4.1.22.Final.jar;C:\Users\user\AppData\Local\capsule\apps\net.corda.webserver.WebServer_4.1\netty-handler-4.1.22.Final.jar;C:\Users\user\AppData\Local\capsule\apps\net.corda.webserver.WebServer_4.1\netty-codec-4.1.22.Final.jar;C:\Users\user\AppData\Local\capsule\apps\net.corda.webserver.WebServer_4.1\netty-transport-native-unix-common-4.1.22.Final.jar;C:\Users\user\AppData\Local\capsule\apps\net.corda.webserver.WebServer_4.1\netty-transport-4.1.22.Final.jar;C:\Users\user\AppData\Local\capsule\apps\net.corda.webserver.WebServer_4.1\netty-buffer-4.1.22.Final.jar;C:\Users\user\AppData\Local\capsule\apps\net.corda.webserver.WebServer_4.1\netty-resolver-4.1.22.Final.jar;C:\Users\user\AppData\Local\capsule\apps\net.corda.webserver.WebServer_4.1\netty-common-4.1.22.Final.jar;C:\Users\user\AppData\Local\capsule\apps\net.corda.webserver.WebServer_4.1\artemis-selector-2.6.2.jar;C:\Users\user\AppData\Local\capsule\apps\net.corda.webserver.WebServer_4.1\javax.inject-1.jar;C:\Users\user\AppData\Local\capsule\apps\net.corda.webserver.WebServer_4.1\geronimo-jms_2.0_spec-1.0-alpha-2.jar;C:\Users\user\AppData\Local\capsule\apps\net.corda.webserver.WebServer_4.1\corda-webserver-impl-4.1.jar;D:\Arvinth\BlockChain\DerivHack-2019\GIT\cdm-corda\build\nodes\Broker2\cordapps\cdm-corda-0.1.jar;D:\Arvinth\BlockChain\DerivHack-2019\GIT\cdm-corda\build\nodes\Broker2\cordapps\cdm-support-0.1.jar;D:\Arvinth\BlockChain\DerivHack-2019\GIT\cdm-corda\build\nodes\Broker2\cordapps\cdm-support-contracts-states-0.1.jar;D:\Arvinth\BlockChain\DerivHack-2019\GIT\cdm-corda\build\nodes\Broker2\cordapps\corda-finance-contracts-4.1.jar;D:\Arvinth\BlockChain\DerivHack-2019\GIT\cdm-corda\build\nodes\Broker2\cordapps\corda-finance-workflows-4.1.jar;D:\Arvinth\BlockChain\DerivHack-2019\GIT\cdm-corda\build\nodes\Broker2\cordapps\cordapp-0.1.jar;D:\Arvinth\BlockChain\DerivHack-2019\GIT\cdm-corda\build\nodes\Broker2\corda-webserver.jar;C:\Users\user\AppData\Local\capsule\apps\net.corda.webserver.WebServer_4.1\quasar-core-0.7.10-jdk8.jar
[INFO ] 2019-10-11T09:46:12,485Z [main] Main.main - VM Java HotSpot(TM) 64-Bit Server VM Oracle Corporation 25.221-b11
[INFO ] 2019-10-11T09:46:12,490Z [main] Main.main - Machine: DELL
[INFO ] 2019-10-11T09:46:12,503Z [main] Main.main - Working Directory: D:\Arvinth\BlockChain\DerivHack-2019\GIT\cdm-corda\build\nodes\Broker2
[INFO ] 2019-10-11T09:46:12,526Z [main] Main.main - Starting as webserver on localhost:10013
[INFO ] 2019-10-11T09:46:12,649Z [main] BasicInfo.logAndMaybePrint - Starting as webserver: localhost:10013
[INFO ] 2019-10-11T09:46:12,660Z [main] internal.NodeWebServer.connectLocalRpcAsNodeUser - Connecting to node at localhost:10012 as User(user3, permissions=[ALL])
[INFO ] 2019-10-11T09:46:55,736Z [main] internal.RPCClient.logElapsedTime - Failed Startup took 27768 msec
[INFO ] 2019-10-11T09:46:57,270Z [main] internal.NodeWebServer.connectLocalRpcAsNodeUser - Connecting to node at localhost:10012 as User(user3, permissions=[ALL])
[INFO ] 2019-10-11T09:47:00,749Z [main] internal.RPCClient.logElapsedTime - Failed Startup took 3465 msec
[INFO ] 2019-10-11T09:47:02,291Z [main] internal.NodeWebServer.connectLocalRpcAsNodeUser - Connecting to node at localhost:10012 as User(user3, permissions=[ALL])
[INFO ] 2019-10-11T09:47:07,662Z [main] internal.RPCClient.logElapsedTime - Failed Startup took 5334 msec
[INFO ] 2019-10-11T09:47:09,924Z [main] internal.NodeWebServer.connectLocalRpcAsNodeUser - Connecting to node at localhost:10012 as User(user3, permissions=[ALL])
[INFO ] 2019-10-11T09:47:14,291Z [main] internal.RPCClient.logElapsedTime - Failed Startup took 4360 msec
[INFO ] 2019-10-11T09:47:16,351Z [main] internal.NodeWebServer.connectLocalRpcAsNodeUser - Connecting to node at localhost:10012 as User(user3, permissions=[ALL])
[INFO ] 2019-10-11T09:47:19,484Z [main] internal.RPCClient.logElapsedTime - Failed Startup took 3126 msec
[INFO ] 2019-10-11T09:47:21,384Z [main] internal.NodeWebServer.connectLocalRpcAsNodeUser - Connecting to node at localhost:10012 as User(user3, permissions=[ALL])
[INFO ] 2019-10-11T09:47:25,560Z [main] internal.RPCClient.logElapsedTime - Failed Startup took 4152 msec
[INFO ] 2019-10-11T09:47:27,814Z [main] internal.NodeWebServer.connectLocalRpcAsNodeUser - Connecting to node at localhost:10012 as User(user3, permissions=[ALL])
[INFO ] 2019-10-11T09:47:30,740Z [main] internal.RPCClient.logElapsedTime - Failed Startup took 2918 msec
[INFO ] 2019-10-11T09:47:32,045Z [main] internal.NodeWebServer.connectLocalRpcAsNodeUser - Connecting to node at localhost:10012 as User(user3, permissions=[ALL])
[INFO ] 2019-10-11T09:47:35,507Z [main] internal.RPCClient.logElapsedTime - Failed Startup took 3457 msec
[INFO ] 2019-10-11T09:47:36,572Z [main] internal.NodeWebServer.connectLocalRpcAsNodeUser - Connecting to node at localhost:10012 as User(user3, permissions=[ALL])
[INFO ] 2019-10-11T09:47:38,921Z [main] internal.RPCClient.logElapsedTime - Failed Startup took 2344 msec
[INFO ] 2019-10-11T09:47:40,436Z [main] internal.NodeWebServer.connectLocalRpcAsNodeUser - Connecting to node at localhost:10012 as User(user3, permissions=[ALL])
[INFO ] 2019-10-11T09:47:44,381Z [main] internal.RPCClient.logElapsedTime - Failed Startup took 3939 msec
[INFO ] 2019-10-11T09:47:49,160Z [main] internal.NodeWebServer.connectLocalRpcAsNodeUser - Connecting to node at localhost:10012 as User(user3, permissions=[ALL])
[INFO ] 2019-10-11T09:47:52,760Z [main] internal.RPCClient.logElapsedTime - Failed Startup took 3594 msec
[INFO ] 2019-10-11T09:47:54,222Z [main] internal.NodeWebServer.connectLocalRpcAsNodeUser - Connecting to node at localhost:10012 as User(user3, permissions=[ALL])
[INFO ] 2019-10-11T09:47:56,836Z [main] internal.RPCClient.logElapsedTime - Failed Startup took 2505 msec
[INFO ] 2019-10-11T09:47:59,227Z [main] internal.NodeWebServer.connectLocalRpcAsNodeUser - Connecting to node at localhost:10012 as User(user3, permissions=[ALL])
[INFO ] 2019-10-11T09:48:05,029Z [main] internal.RPCClient.logElapsedTime - Failed Startup took 5797 msec
[INFO ] 2019-10-11T09:48:07,634Z [main] internal.NodeWebServer.connectLocalRpcAsNodeUser - Connecting to node at localhost:10012 as User(user3, permissions=[ALL])
[INFO ] 2019-10-11T09:48:11,640Z [main] internal.RPCClient.logElapsedTime - Failed Startup took 4001 msec
[INFO ] 2019-10-11T09:48:12,968Z [main] internal.NodeWebServer.connectLocalRpcAsNodeUser - Connecting to node at localhost:10012 as User(user3, permissions=[ALL])
[INFO ] 2019-10-11T09:48:15,354Z [main] internal.RPCClient.logElapsedTime - Failed Startup took 2379 msec
[INFO ] 2019-10-11T09:48:16,489Z [main] internal.NodeWebServer.connectLocalRpcAsNodeUser - Connecting to node at localhost:10012 as User(user3, permissions=[ALL])
[INFO ] 2019-10-11T09:48:19,293Z [main] internal.RPCClient.logElapsedTime - Failed Startup took 2798 msec
[INFO ] 2019-10-11T09:48:20,369Z [main] internal.NodeWebServer.connectLocalRpcAsNodeUser - Connecting to node at localhost:10012 as User(user3, permissions=[ALL])
[INFO ] 2019-10-11T09:48:22,653Z [main] internal.RPCClient.logElapsedTime - Failed Startup took 2280 msec
[INFO ] 2019-10-11T09:48:23,889Z [main] internal.NodeWebServer.connectLocalRpcAsNodeUser - Connecting to node at localhost:10012 as User(user3, permissions=[ALL])
[INFO ] 2019-10-11T09:48:26,257Z [main] internal.RPCClient.logElapsedTime - Failed Startup took 2363 msec
[INFO ] 2019-10-11T09:48:27,412Z [main] internal.NodeWebServer.connectLocalRpcAsNodeUser - Connecting to node at localhost:10012 as User(user3, permissions=[ALL])
[INFO ] 2019-10-11T09:48:29,890Z [main] internal.RPCClient.logElapsedTime - Failed Startup took 2468 msec
[INFO ] 2019-10-11T09:48:31,003Z [main] internal.NodeWebServer.connectLocalRpcAsNodeUser - Connecting to node at localhost:10012 as User(user3, permissions=[ALL])
[INFO ] 2019-10-11T09:48:33,560Z [main] internal.RPCClient.logElapsedTime - Failed Startup took 2537 msec
[INFO ] 2019-10-11T09:48:35,063Z [main] internal.NodeWebServer.connectLocalRpcAsNodeUser - Connecting to node at localhost:10012 as User(user3, permissions=[ALL])
[INFO ] 2019-10-11T09:48:37,682Z [main] internal.RPCClient.logElapsedTime - Failed Startup took 2616 msec
[INFO ] 2019-10-11T09:48:39,416Z [main] internal.NodeWebServer.connectLocalRpcAsNodeUser - Connecting to node at localhost:10012 as User(user3, permissions=[ALL])
[INFO ] 2019-10-11T09:48:42,666Z [main] internal.RPCClient.logElapsedTime - Failed Startup took 3247 msec
[INFO ] 2019-10-11T09:48:44,488Z [main] internal.NodeWebServer.connectLocalRpcAsNodeUser - Connecting to node at localhost:10012 as User(user3, permissions=[ALL])
[INFO ] 2019-10-11T09:48:47,683Z [main] internal.RPCClient.logElapsedTime - Failed Startup took 3186 msec
[INFO ] 2019-10-11T09:48:48,735Z [main] internal.NodeWebServer.connectLocalRpcAsNodeUser - Connecting to node at localhost:10012 as User(user3, permissions=[ALL])
[INFO ] 2019-10-11T09:48:51,237Z [main] internal.RPCClient.logElapsedTime - Failed Startup took 2482 msec
[INFO ] 2019-10-11T09:48:52,567Z [main] internal.NodeWebServer.connectLocalRpcAsNodeUser - Connecting to node at localhost:10012 as User(user3, permissions=[ALL])
[INFO ] 2019-10-11T09:48:55,062Z [main] internal.RPCClient.logElapsedTime - Failed Startup took 2488 msec
[INFO ] 2019-10-11T09:48:56,130Z [main] internal.NodeWebServer.connectLocalRpcAsNodeUser - Connecting to node at localhost:10012 as User(user3, permissions=[ALL])
[INFO ] 2019-10-11T09:48:58,470Z [main] internal.RPCClient.logElapsedTime - Failed Startup took 2336 msec
[INFO ] 2019-10-11T09:48:59,765Z [main] internal.NodeWebServer.connectLocalRpcAsNodeUser - Connecting to node at localhost:10012 as User(user3, permissions=[ALL])
[INFO ] 2019-10-11T09:49:02,360Z [main] internal.RPCClient.logElapsedTime - Failed Startup took 2591 msec
[INFO ] 2019-10-11T09:49:03,734Z [main] internal.NodeWebServer.connectLocalRpcAsNodeUser - Connecting to node at localhost:10012 as User(user3, permissions=[ALL])
[INFO ] 2019-10-11T09:49:06,373Z [main] internal.RPCClient.logElapsedTime - Failed Startup took 2624 msec
[INFO ] 2019-10-11T09:49:07,557Z [main] internal.NodeWebServer.connectLocalRpcAsNodeUser - Connecting to node at localhost:10012 as User(user3, permissions=[ALL])
[INFO ] 2019-10-11T09:49:10,764Z [main] internal.RPCClient.logElapsedTime - Failed Startup took 3201 msec
[INFO ] 2019-10-11T09:49:12,176Z [main] internal.NodeWebServer.connectLocalRpcAsNodeUser - Connecting to node at localhost:10012 as User(user3, permissions=[ALL])
[INFO ] 2019-10-11T09:49:15,093Z [main] internal.RPCClient.logElapsedTime - Failed Startup took 2913 msec
[INFO ] 2019-10-11T09:49:16,232Z [main] internal.NodeWebServer.connectLocalRpcAsNodeUser - Connecting to node at localhost:10012 as User(user3, permissions=[ALL])
[INFO ] 2019-10-11T09:49:18,887Z [main] internal.RPCClient.logElapsedTime - Failed Startup took 2636 msec
[INFO ] 2019-10-11T09:49:19,904Z [main] internal.NodeWebServer.connectLocalRpcAsNodeUser - Connecting to node at localhost:10012 as User(user3, permissions=[ALL])
[INFO ] 2019-10-11T09:49:22,350Z [main] internal.RPCClient.logElapsedTime - Failed Startup took 2341 msec
[INFO ] 2019-10-11T09:49:23,400Z [main] internal.NodeWebServer.connectLocalRpcAsNodeUser - Connecting to node at localhost:10012 as User(user3, permissions=[ALL])
[INFO ] 2019-10-11T09:49:25,799Z [main] internal.RPCClient.logElapsedTime - Failed Startup took 2373 msec
[INFO ] 2019-10-11T09:49:26,908Z [main] internal.NodeWebServer.connectLocalRpcAsNodeUser - Connecting to node at localhost:10012 as User(user3, permissions=[ALL])
[INFO ] 2019-10-11T09:49:29,247Z [main] internal.RPCClient.logElapsedTime - Failed Startup took 2326 msec
[INFO ] 2019-10-11T09:49:30,373Z [main] internal.NodeWebServer.connectLocalRpcAsNodeUser - Connecting to node at localhost:10012 as User(user3, permissions=[ALL])
[INFO ] 2019-10-11T09:49:32,751Z [main] internal.RPCClient.logElapsedTime - Failed Startup took 2375 msec
[INFO ] 2019-10-11T09:49:33,993Z [main] internal.NodeWebServer.connectLocalRpcAsNodeUser - Connecting to node at localhost:10012 as User(user3, permissions=[ALL])
[INFO ] 2019-10-11T09:49:36,360Z [main] internal.RPCClient.logElapsedTime - Failed Startup took 2363 msec
[INFO ] 2019-10-11T09:49:37,414Z [main] internal.NodeWebServer.connectLocalRpcAsNodeUser - Connecting to node at localhost:10012 as User(user3, permissions=[ALL])
[INFO ] 2019-10-11T09:49:39,661Z [main] internal.RPCClient.logElapsedTime - Failed Startup took 2245 msec
[INFO ] 2019-10-11T09:49:40,725Z [main] internal.NodeWebServer.connectLocalRpcAsNodeUser - Connecting to node at localhost:10012 as User(user3, permissions=[ALL])
[INFO ] 2019-10-11T09:49:42,860Z [main] internal.RPCClient.logElapsedTime - Failed Startup took 2131 msec
[INFO ] 2019-10-11T09:49:43,863Z [main] internal.NodeWebServer.connectLocalRpcAsNodeUser - Connecting to node at localhost:10012 as User(user3, permissions=[ALL])
[INFO ] 2019-10-11T09:50:18,751Z [main] internal.RPCClient.logElapsedTime - Startup took 34885 msec
[INFO ] 2019-10-11T09:50:18,859Z [main] util.log.initialized - Logging initialized @295013ms to org.eclipse.jetty.util.log.Slf4jLog
[INFO ] 2019-10-11T09:50:21,307Z [main] server.Server.doStart - jetty-9.4.7.v20170914
[INFO ] 2019-10-11T09:50:24,738Z [main] handler.ContextHandler.doStart - Started o.e.j.s.ServletContextHandler@12039ae0{/,null,AVAILABLE}
[INFO ] 2019-10-11T09:50:24,817Z [main] server.AbstractConnector.doStart - Started ServerConnector@22a7ff5d{HTTP/1.1,[http/1.1]}{0.0.0.0:10013}
[INFO ] 2019-10-11T09:50:24,883Z [main] server.Server.doStart - Started @301041ms
[INFO ] 2019-10-11T09:50:24,885Z [main] internal.NodeWebServer.initWebServer - Starting webserver on address localhost:10013
[WARN ] 2019-10-11T09:59:34,286Z [Thread-2 (ActiveMQ-client-global-threads)] internal.RPCClientProxyHandler.cleanUpOnConnectionLoss - Terminating observables.
