[INFO ] 2019-10-12T07:18:21,732Z [main] cliutils.CliWrapperBase.call - Application Args: generate-node-info
[INFO ] 2019-10-12T07:18:29,876Z [main] manifests.Manifests.info - 116 attributes loaded from 154 stream(s) in 717ms, 116 saved, 2421 ignored: ["ActiveMQ-Version", "Agent-Class", "Ant-Version", "Application-Class", "Application-ID", "Application-Library-Allowable-Codebase", "Application-Name", "Application-Version", "Archiver-Version", "Automatic-Module-Name", "Bnd-LastModified", "Branch", "Build-Date", "Build-Host", "Build-Id", "Build-Java-Version", "Build-Jdk", "Build-Job", "Build-Number", "Build-Timestamp", "Built-By", "Built-OS", "Built-Status", "Bundle-Activator", "Bundle-Category", "Bundle-ClassPath", "Bundle-Copyright", "Bundle-Description", "Bundle-DocURL", "Bundle-License", "Bundle-ManifestVersion", "Bundle-Name", "Bundle-NativeCode", "Bundle-RequiredExecutionEnvironment", "Bundle-SymbolicName", "Bundle-Vendor", "Bundle-Version", "Caller-Allowable-Codebase", "Can-Redefine-Classes", "Can-Retransform-Classes", "Can-Set-Native-Method-Prefix", "Caplets", "Change", "Class-Path", "Codebase", "Corda-Platform-Version", "Corda-Release-Version", "Corda-Revision", "Corda-Vendor", "Created-By", "DynamicImport-Package", "Eclipse-BuddyPolicy", "Eclipse-LazyStart", "Export-Package", "Extension-Name", "Fragment-Host", "Gradle-Version", "Hibernate-JpaVersion", "Hibernate-VersionFamily", "Implementation-Build", "Implementation-Build-Date", "Implementation-Title", "Implementation-URL", "Implementation-Url", "Implementation-Vendor", "Implementation-Vendor-Id", "Implementation-Version", "Import-Package", "Include-Resource", "JCabi-Build", "JCabi-Date", "JCabi-Version", "JVM-Args", "Java-Agents", "Java-Vendor", "Java-Version", "Kotlin-Runtime-Component", "Kotlin-Version", "Liquibase-Package", "Log4jReleaseKey", "Log4jReleaseManager", "Log4jReleaseVersion", "Main-Class", "Main-class", "Manifest-Version", "Min-Java-Version", "Min-Update-Version", "Module-Email", "Module-Origin", "Module-Owner", "Module-Source", "Multi-Release", "Originally-Created-By", "Os-Arch", "Os-Name", "Os-Version", "Package", "Permissions", "Premain-Class", "Private-Package", "Provide-Capability", "Require-Capability", "SCM-Revision", "SCM-url", "Scm-Connection", "Scm-Revision", "Scm-Url", "Service-Component", "Specification-Title", "Specification-Vendor", "Specification-Version", "System-Properties", "Tool", "Trusted-Library", "X-Compile-Source-JDK", "X-Compile-Target-JDK"]
[INFO ] 2019-10-12T07:18:30,340Z [main] BasicInfo.printBasicNodeInfo - Logs can be found in                    : /Users/admin/Documents/WorkSpace/DerivHack/cdm-corda/build/nodes/Broker1/logs
[INFO ] 2019-10-12T07:18:35,655Z [main] subcommands.ValidateConfigurationCli.logRawConfig$node - Actual configuration:
{
    "additionalNodeInfoPollingFrequencyMsec" : 5000,
    "additionalP2PAddresses" : [],
    "attachmentCacheBound" : 1024,
    "baseDirectory" : "/Users/admin/Documents/WorkSpace/DerivHack/cdm-corda/build/nodes/Broker1",
    "certificateChainCheckPolicies" : [],
    "cordappSignerKeyFingerprintBlacklist" : [
        "56CA54E803CB87C8472EBD3FBC6A2F1876E814CEEBF74860BD46997F40729367",
        "83088052AF16700457AE2C978A7D8AC38DD6A7C713539D00B897CD03A5E5D31D",
        "6F6696296C3F58B55FB6CA865A025A3A6CC27AD17C4AFABA1E8EF062E0A82739"
    ],
    "crlCheckSoftFail" : true,
    "dataSourceProperties" : "*****",
    "database" : {
        "exportHibernateJMXStatistics" : false,
        "initialiseAppSchema" : "UPDATE",
        "initialiseSchema" : true,
        "mappedSchemaCacheSize" : 100,
        "transactionIsolationLevel" : "REPEATABLE_READ"
    },
    "detectPublicIp" : false,
    "devMode" : true,
    "emailAddress" : "admin@company.com",
    "extraNetworkMapKeys" : [],
    "flowMonitorPeriodMillis" : {
        "nanos" : 0,
        "seconds" : 60
    },
    "flowMonitorSuspensionLoggingThresholdMillis" : {
        "nanos" : 0,
        "seconds" : 60
    },
    "flowTimeout" : {
        "backoffBase" : 1.8,
        "maxRestartCount" : 6,
        "timeout" : {
            "nanos" : 0,
            "seconds" : 30
        }
    },
    "jarDirs" : [],
    "jmxReporterType" : "JOLOKIA",
    "keyStorePassword" : "*****",
    "lazyBridgeStart" : true,
    "myLegalName" : "O=Broker1,L=New York,C=US",
    "noLocalShell" : false,
    "p2pAddress" : "localhost:10008",
    "rpcSettings" : {
        "address" : "localhost:10009",
        "adminAddress" : "localhost:10049",
        "standAloneBroker" : false,
        "useSsl" : false
    },
    "rpcUsers" : [],
    "security" : {
        "authService" : {
            "dataSource" : {
                "passwordEncryption" : "NONE",
                "type" : "INMEMORY",
                "users" : [
                    {
                        "ignoresFallbacks" : false,
                        "resolved" : true,
                        "value" : {
                            "loadFactor" : 0.75,
                            "modCount" : 3,
                            "size" : 3,
                            "table" : {},
                            "threshold" : 3
                        }
                    }
                ]
            }
        }
    },
    "trustStorePassword" : "*****",
    "useTestClock" : false,
    "verifierType" : "InMemory"
}

[INFO ] 2019-10-12T07:18:35,825Z [main] internal.Node.logStartupInfo - Vendor: Corda Open Source
[INFO ] 2019-10-12T07:18:35,827Z [main] internal.Node.logStartupInfo - Release: 4.1
[INFO ] 2019-10-12T07:18:35,827Z [main] internal.Node.logStartupInfo - Platform Version: 4
[INFO ] 2019-10-12T07:18:35,827Z [main] internal.Node.logStartupInfo - Revision: c11f6c15f71ac47b715e8e1b56ff5159b3730bdc
[INFO ] 2019-10-12T07:18:35,830Z [main] internal.Node.logStartupInfo - PID: 5574
[INFO ] 2019-10-12T07:18:35,830Z [main] internal.Node.logStartupInfo - Main class: /Users/admin/Documents/WorkSpace/DerivHack/cdm-corda/build/nodes/.cache/apps/net.corda.node.Corda_4.1/corda-node-4.1.jar
[INFO ] 2019-10-12T07:18:35,830Z [main] internal.Node.logStartupInfo - CommandLine Args: -Xmx512m -XX:+UseG1GC -javaagent:/Users/admin/Documents/WorkSpace/DerivHack/cdm-corda/build/nodes/.cache/apps/net.corda.node.Corda_4.1/quasar-core-0.7.10-jdk8.jar=x(antlr**;bftsmart**;co.paralleluniverse**;com.codahale**;com.esotericsoftware**;com.fasterxml**;com.google**;com.ibm**;com.intellij**;com.jcabi**;com.nhaarman**;com.opengamma**;com.typesafe**;com.zaxxer**;de.javakaffee**;groovy**;groovyjarjarantlr**;groovyjarjarasm**;io.atomix**;io.github**;io.netty**;jdk**;junit**;kotlin**;net.bytebuddy**;net.i2p**;org.apache**;org.assertj**;org.bouncycastle**;org.codehaus**;org.crsh**;org.dom4j**;org.fusesource**;org.h2**;org.hamcrest**;org.hibernate**;org.jboss**;org.jcp**;org.joda**;org.junit**;org.mockito**;org.objectweb**;org.objenesis**;org.slf4j**;org.w3c**;org.xml**;org.yaml**;reflectasm**;rx**;org.jolokia**;com.lmax**;picocli**;liquibase**;com.github.benmanes**;org.json**;org.postgresql**;nonapi.io.github.classgraph**) -Dvisualvm.display.name=Corda -Djava.library.path=/Users/admin/Library/Java/Extensions:/Library/Java/Extensions:/Network/Library/Java/Extensions:/System/Library/Java/Extensions:/usr/lib/java:/Users/admin/Documents/WorkSpace/DerivHack/cdm-corda/build/nodes/.cache/apps/net.corda.node.Corda_4.1 -Dcapsule.app=net.corda.node.Corda_4.1 -Dcapsule.dir=/Users/admin/Documents/WorkSpace/DerivHack/cdm-corda/build/nodes/.cache/apps/net.corda.node.Corda_4.1 -Dcapsule.jar=/Users/admin/Documents/WorkSpace/DerivHack/cdm-corda/build/nodes/Broker1/corda.jar
[INFO ] 2019-10-12T07:18:35,830Z [main] internal.Node.logStartupInfo - bootclasspath: /Library/Java/JavaVirtualMachines/jdk1.8.0_221.jdk/Contents/Home/jre/lib/resources.jar:/Library/Java/JavaVirtualMachines/jdk1.8.0_221.jdk/Contents/Home/jre/lib/rt.jar:/Library/Java/JavaVirtualMachines/jdk1.8.0_221.jdk/Contents/Home/jre/lib/sunrsasign.jar:/Library/Java/JavaVirtualMachines/jdk1.8.0_221.jdk/Contents/Home/jre/lib/jsse.jar:/Library/Java/JavaVirtualMachines/jdk1.8.0_221.jdk/Contents/Home/jre/lib/jce.jar:/Library/Java/JavaVirtualMachines/jdk1.8.0_221.jdk/Contents/Home/jre/lib/charsets.jar:/Library/Java/JavaVirtualMachines/jdk1.8.0_221.jdk/Contents/Home/jre/lib/jfr.jar:/Library/Java/JavaVirtualMachines/jdk1.8.0_221.jdk/Contents/Home/jre/classes
[INFO ] 2019-10-12T07:18:35,830Z [main] internal.Node.logStartupInfo - classpath: /Users/admin/Documents/WorkSpace/DerivHack/cdm-corda/build/nodes/Broker1/corda.jar:/Users/admin/Documents/WorkSpace/DerivHack/cdm-corda/build/nodes/.cache/apps/net.corda.node.Corda_4.1/corda-shell-4.1.jar:/Users/admin/Documents/WorkSpace/DerivHack/cdm-corda/build/nodes/.cache/apps/net.corda.node.Corda_4.1/corda-rpc-4.1.jar:/Users/admin/Documents/WorkSpace/DerivHack/cdm-corda/build/nodes/.cache/apps/net.corda.node.Corda_4.1/corda-node-api-4.1.jar:/Users/admin/Documents/WorkSpace/DerivHack/cdm-corda/build/nodes/.cache/apps/net.corda.node.Corda_4.1/corda-tools-cliutils-4.1.jar:/Users/admin/Documents/WorkSpace/DerivHack/cdm-corda/build/nodes/.cache/apps/net.corda.node.Corda_4.1/corda-common-configuration-parsing-4.1.jar:/Users/admin/Documents/WorkSpace/DerivHack/cdm-corda/build/nodes/.cache/apps/net.corda.node.Corda_4.1/corda-common-validation-4.1.jar:/Users/admin/Documents/WorkSpace/DerivHack/cdm-corda/build/nodes/.cache/apps/net.corda.node.Corda_4.1/corda-common-logging-4.1.jar:/Users/admin/Documents/WorkSpace/DerivHack/cdm-corda/build/nodes/.cache/apps/net.corda.node.Corda_4.1/corda-confidential-identities-4.1.jar:/Users/admin/Documents/WorkSpace/DerivHack/cdm-corda/build/nodes/.cache/apps/net.corda.node.Corda_4.1/log4j-slf4j-impl-2.9.1.jar:/Users/admin/Documents/WorkSpace/DerivHack/cdm-corda/build/nodes/.cache/apps/net.corda.node.Corda_4.1/log4j-web-2.9.1.jar:/Users/admin/Documents/WorkSpace/DerivHack/cdm-corda/build/nodes/.cache/apps/net.corda.node.Corda_4.1/jul-to-slf4j-1.7.25.jar:/Users/admin/Documents/WorkSpace/DerivHack/cdm-corda/build/nodes/.cache/apps/net.corda.node.Corda_4.1/corda-jackson-4.1.jar:/Users/admin/Documents/WorkSpace/DerivHack/cdm-corda/build/nodes/.cache/apps/net.corda.node.Corda_4.1/corda-serialization-4.1.jar:/Users/admin/Documents/WorkSpace/DerivHack/cdm-corda/build/nodes/.cache/apps/net.corda.node.Corda_4.1/corda-core-4.1.jar:/Users/admin/Documents/WorkSpace/DerivHack/cdm-corda/build/nodes/.cache/apps/net.corda.node.Corda_4.1/kotlin-stdlib-jdk8-1.2.71.jar:/Users/admin/Documents/WorkSpace/DerivHack/cdm-corda/build/nodes/.cache/apps/net.corda.node.Corda_4.1/jackson-module-kotlin-2.9.5.jar:/Users/admin/Documents/WorkSpace/DerivHack/cdm-corda/build/nodes/.cache/apps/net.corda.node.Corda_4.1/kotlin-reflect-1.2.71.jar:/Users/admin/Documents/WorkSpace/DerivHack/cdm-corda/build/nodes/.cache/apps/net.corda.node.Corda_4.1/quasar-core-0.7.10-jdk8.jar:/Users/admin/Documents/WorkSpace/DerivHack/cdm-corda/build/nodes/.cache/apps/net.corda.node.Corda_4.1/kryo-serializers-0.42.jar:/Users/admin/Documents/WorkSpace/DerivHack/cdm-corda/build/nodes/.cache/apps/net.corda.node.Corda_4.1/kryo-4.0.0.jar:/Users/admin/Documents/WorkSpace/DerivHack/cdm-corda/build/nodes/.cache/apps/net.corda.node.Corda_4.1/jimfs-1.1.jar:/Users/admin/Documents/WorkSpace/DerivHack/cdm-corda/build/nodes/.cache/apps/net.corda.node.Corda_4.1/metrics-new-relic-1.1.1.jar:/Users/admin/Documents/WorkSpace/DerivHack/cdm-corda/build/nodes/.cache/apps/net.corda.node.Corda_4.1/guava-25.1-jre.jar:/Users/admin/Documents/WorkSpace/DerivHack/cdm-corda/build/nodes/.cache/apps/net.corda.node.Corda_4.1/caffeine-2.6.2.jar:/Users/admin/Documents/WorkSpace/DerivHack/cdm-corda/build/nodes/.cache/apps/net.corda.node.Corda_4.1/disruptor-3.4.2.jar:/Users/admin/Documents/WorkSpace/DerivHack/cdm-corda/build/nodes/.cache/apps/net.corda.node.Corda_4.1/commons-collections4-4.1.jar:/Users/admin/Documents/WorkSpace/DerivHack/cdm-corda/build/nodes/.cache/apps/net.corda.node.Corda_4.1/artemis-amqp-protocol-2.6.2.jar:/Users/admin/Documents/WorkSpace/DerivHack/cdm-corda/build/nodes/.cache/apps/net.corda.node.Corda_4.1/artemis-server-2.6.2.jar:/Users/admin/Documents/WorkSpace/DerivHack/cdm-corda/build/nodes/.cache/apps/net.corda.node.Corda_4.1/artemis-jms-client-2.6.2.jar:/Users/admin/Documents/WorkSpace/DerivHack/cdm-corda/build/nodes/.cache/apps/net.corda.node.Corda_4.1/artemis-jdbc-store-2.6.2.jar:/Users/admin/Documents/WorkSpace/DerivHack/cdm-corda/build/nodes/.cache/apps/net.corda.node.Corda_4.1/artemis-core-client-2.6.2.jar:/Users/admin/Documents/WorkSpace/DerivHack/cdm-corda/build/nodes/.cache/apps/net.corda.node.Corda_4.1/artemis-journal-2.6.2.jar:/Users/admin/Documents/WorkSpace/DerivHack/cdm-corda/build/nodes/.cache/apps/net.corda.node.Corda_4.1/artemis-commons-2.6.2.jar:/Users/admin/Documents/WorkSpace/DerivHack/cdm-corda/build/nodes/.cache/apps/net.corda.node.Corda_4.1/shiro-core-1.4.0.jar:/Users/admin/Documents/WorkSpace/DerivHack/cdm-corda/build/nodes/.cache/apps/net.corda.node.Corda_4.1/shiro-config-ogdl-1.4.0.jar:/Users/admin/Documents/WorkSpace/DerivHack/cdm-corda/build/nodes/.cache/apps/net.corda.node.Corda_4.1/commons-beanutils-1.9.3.jar:/Users/admin/Documents/WorkSpace/DerivHack/cdm-corda/build/nodes/.cache/apps/net.corda.node.Corda_4.1/jcabi-manifests-1.1.jar:/Users/admin/Documents/WorkSpace/DerivHack/cdm-corda/build/nodes/.cache/apps/net.corda.node.Corda_4.1/forms_rt-7.0.3.jar:/Users/admin/Documents/WorkSpace/DerivHack/cdm-corda/build/nodes/.cache/apps/net.corda.node.Corda_4.1/metrics-core-3.2.5.jar:/Users/admin/Documents/WorkSpace/DerivHack/cdm-corda/build/nodes/.cache/apps/net.corda.node.Corda_4.1/config-1.3.3.jar:/Users/admin/Documents/WorkSpace/DerivHack/cdm-corda/build/nodes/.cache/apps/net.corda.node.Corda_4.1/h2-1.4.197.jar:/Users/admin/Documents/WorkSpace/DerivHack/cdm-corda/build/nodes/.cache/apps/net.corda.node.Corda_4.1/postgresql-42.2.5.jar:/Users/admin/Documents/WorkSpace/DerivHack/cdm-corda/build/nodes/.cache/apps/net.corda.node.Corda_4.1/HikariCP-2.5.1.jar:/Users/admin/Documents/WorkSpace/DerivHack/cdm-corda/build/nodes/.cache/apps/net.corda.node.Corda_4.1/hibernate-java8-5.3.6.Final.jar:/Users/admin/Documents/WorkSpace/DerivHack/cdm-corda/build/nodes/.cache/apps/net.corda.node.Corda_4.1/hibernate-core-5.3.6.Final.jar:/Users/admin/Documents/WorkSpace/DerivHack/cdm-corda/build/nodes/.cache/apps/net.corda.node.Corda_4.1/okhttp-3.5.0.jar:/Users/admin/Documents/WorkSpace/DerivHack/cdm-corda/build/nodes/.cache/apps/net.corda.node.Corda_4.1/picocli-3.8.0.jar:/Users/admin/Documents/WorkSpace/DerivHack/cdm-corda/build/nodes/.cache/apps/net.corda.node.Corda_4.1/ea-agent-loader-1.0.3.jar:/Users/admin/Documents/WorkSpace/DerivHack/cdm-corda/build/nodes/.cache/apps/net.corda.node.Corda_4.1/commons-codec-1.10.jar:/Users/admin/Documents/WorkSpace/DerivHack/cdm-corda/build/nodes/.cache/apps/net.corda.node.Corda_4.1/library-master-v1.1-beta-g6215ec8-87.jar:/Users/admin/Documents/WorkSpace/DerivHack/cdm-corda/build/nodes/.cache/apps/net.corda.node.Corda_4.1/copycat-client-1.2.3.jar:/Users/admin/Documents/WorkSpace/DerivHack/cdm-corda/build/nodes/.cache/apps/net.corda.node.Corda_4.1/copycat-server-1.2.3.jar:/Users/admin/Documents/WorkSpace/DerivHack/cdm-corda/build/nodes/.cache/apps/net.corda.node.Corda_4.1/catalyst-netty-1.1.2.jar:/Users/admin/Documents/WorkSpace/DerivHack/cdm-corda/build/nodes/.cache/apps/net.corda.node.Corda_4.1/jolokia-jvm-1.6.0-agent.jar:/Users/admin/Documents/WorkSpace/DerivHack/cdm-corda/build/nodes/.cache/apps/net.corda.node.Corda_4.1/kotlin-stdlib-jre8-1.2.71.jar:/Users/admin/Documents/WorkSpace/DerivHack/cdm-corda/build/nodes/.cache/apps/net.corda.node.Corda_4.1/commons-fileupload-1.3.3.jar:/Users/admin/Documents/WorkSpace/DerivHack/cdm-corda/build/nodes/.cache/apps/net.corda.node.Corda_4.1/proton-j-0.33.0.jar:/Users/admin/Documents/WorkSpace/DerivHack/cdm-corda/build/nodes/.cache/apps/net.corda.node.Corda_4.1/classgraph-4.6.12.jar:/Users/admin/Documents/WorkSpace/DerivHack/cdm-corda/build/nodes/.cache/apps/net.corda.node.Corda_4.1/liquibase-core-3.5.5.jar:/Users/admin/Documents/WorkSpace/DerivHack/cdm-corda/build/nodes/.cache/apps/net.corda.node.Corda_4.1/jackson-datatype-jsr310-2.9.5.jar:/Users/admin/Documents/WorkSpace/DerivHack/cdm-corda/build/nodes/.cache/apps/net.corda.node.Corda_4.1/jackson-databind-2.9.5.jar:/Users/admin/Documents/WorkSpace/DerivHack/cdm-corda/build/nodes/.cache/apps/net.corda.node.Corda_4.1/liquibase-slf4j-2.0.0.jar:/Users/admin/Documents/WorkSpace/DerivHack/cdm-corda/build/nodes/.cache/apps/net.corda.node.Corda_4.1/crash.connectors.ssh-810d2b774b85d4938be01b9b65e29e4fddbc450b.jar:/Users/admin/Documents/WorkSpace/DerivHack/cdm-corda/build/nodes/.cache/apps/net.corda.node.Corda_4.1/crash.shell-810d2b774b85d4938be01b9b65e29e4fddbc450b.jar:/Users/admin/Documents/WorkSpace/DerivHack/cdm-corda/build/nodes/.cache/apps/net.corda.node.Corda_4.1/jansi-1.14.jar:/Users/admin/Documents/WorkSpace/DerivHack/cdm-corda/build/nodes/.cache/apps/net.corda.node.Corda_4.1/log4j-core-2.9.1.jar:/Users/admin/Documents/WorkSpace/DerivHack/cdm-corda/build/nodes/.cache/apps/net.corda.node.Corda_4.1/commons-io-2.6.jar:/Users/admin/Documents/WorkSpace/DerivHack/cdm-corda/build/nodes/.cache/apps/net.corda.node.Corda_4.1/jcabi-log-0.14.jar:/Users/admin/Documents/WorkSpace/DerivHack/cdm-corda/build/nodes/.cache/apps/net.corda.node.Corda_4.1/shiro-cache-1.4.0.jar:/Users/admin/Documents/WorkSpace/DerivHack/cdm-corda/build/nodes/.cache/apps/net.corda.node.Corda_4.1/shiro-crypto-hash-1.4.0.jar:/Users/admin/Documents/WorkSpace/DerivHack/cdm-corda/build/nodes/.cache/apps/net.corda.node.Corda_4.1/shiro-crypto-cipher-1.4.0.jar:/Users/admin/Documents/WorkSpace/DerivHack/cdm-corda/build/nodes/.cache/apps/net.corda.node.Corda_4.1/shiro-config-core-1.4.0.jar:/Users/admin/Documents/WorkSpace/DerivHack/cdm-corda/build/nodes/.cache/apps/net.corda.node.Corda_4.1/shiro-event-1.4.0.jar:/Users/admin/Documents/WorkSpace/DerivHack/cdm-corda/build/nodes/.cache/apps/net.corda.node.Corda_4.1/shiro-crypto-core-1.4.0.jar:/Users/admin/Documents/WorkSpace/DerivHack/cdm-corda/build/nodes/.cache/apps/net.corda.node.Corda_4.1/shiro-lang-1.4.0.jar:/Users/admin/Documents/WorkSpace/DerivHack/cdm-corda/build/nodes/.cache/apps/net.corda.node.Corda_4.1/copycat-protocol-1.2.3.jar:/Users/admin/Documents/WorkSpace/DerivHack/cdm-corda/build/nodes/.cache/apps/net.corda.node.Corda_4.1/catalyst-transport-1.1.2.jar:/Users/admin/Documents/WorkSpace/DerivHack/cdm-corda/build/nodes/.cache/apps/net.corda.node.Corda_4.1/jcl-over-slf4j-1.7.25.jar:/Users/admin/Documents/WorkSpace/DerivHack/cdm-corda/build/nodes/.cache/apps/net.corda.node.Corda_4.1/mina-core-2.0.16.jar:/Users/admin/Documents/WorkSpace/DerivHack/cdm-corda/build/nodes/.cache/apps/net.corda.node.Corda_4.1/catalyst-concurrent-1.1.2.jar:/Users/admin/Documents/WorkSpace/DerivHack/cdm-corda/build/nodes/.cache/apps/net.corda.node.Corda_4.1/sshd-pam-0.11.0.jar:/Users/admin/Documents/WorkSpace/DerivHack/cdm-corda/build/nodes/.cache/apps/net.corda.node.Corda_4.1/sshd-core-1.6.0.jar:/Users/admin/Documents/WorkSpace/DerivHack/cdm-corda/build/nodes/.cache/apps/net.corda.node.Corda_4.1/catalyst-serializer-1.1.2.jar:/Users/admin/Documents/WorkSpace/DerivHack/cdm-corda/build/nodes/.cache/apps/net.corda.node.Corda_4.1/catalyst-buffer-1.1.2.jar:/Users/admin/Documents/WorkSpace/DerivHack/cdm-corda/build/nodes/.cache/apps/net.corda.node.Corda_4.1/catalyst-common-1.1.2.jar:/Users/admin/Documents/WorkSpace/DerivHack/cdm-corda/build/nodes/.cache/apps/net.corda.node.Corda_4.1/slf4j-api-1.7.25.jar:/Users/admin/Documents/WorkSpace/DerivHack/cdm-corda/build/nodes/.cache/apps/net.corda.node.Corda_4.1/log4j-api-2.9.1.jar:/Users/admin/Documents/WorkSpace/DerivHack/cdm-corda/build/nodes/.cache/apps/net.corda.node.Corda_4.1/kotlin-stdlib-jdk7-1.2.71.jar:/Users/admin/Documents/WorkSpace/DerivHack/cdm-corda/build/nodes/.cache/apps/net.corda.node.Corda_4.1/kotlin-stdlib-jre7-1.2.71.jar:/Users/admin/Documents/WorkSpace/DerivHack/cdm-corda/build/nodes/.cache/apps/net.corda.node.Corda_4.1/kotlin-stdlib-1.2.71.jar:/Users/admin/Documents/WorkSpace/DerivHack/cdm-corda/build/nodes/.cache/apps/net.corda.node.Corda_4.1/reflectasm-1.11.3.jar:/Users/admin/Documents/WorkSpace/DerivHack/cdm-corda/build/nodes/.cache/apps/net.corda.node.Corda_4.1/minlog-1.3.0.jar:/Users/admin/Documents/WorkSpace/DerivHack/cdm-corda/build/nodes/.cache/apps/net.corda.node.Corda_4.1/objenesis-2.2.jar:/Users/admin/Documents/WorkSpace/DerivHack/cdm-corda/build/nodes/.cache/apps/net.corda.node.Corda_4.1/jsr305-3.0.2.jar:/Users/admin/Documents/WorkSpace/DerivHack/cdm-corda/build/nodes/.cache/apps/net.corda.node.Corda_4.1/checker-qual-2.0.0.jar:/Users/admin/Documents/WorkSpace/DerivHack/cdm-corda/build/nodes/.cache/apps/net.corda.node.Corda_4.1/error_prone_annotations-2.1.3.jar:/Users/admin/Documents/WorkSpace/DerivHack/cdm-corda/build/nodes/.cache/apps/net.corda.node.Corda_4.1/j2objc-annotations-1.1.jar:/Users/admin/Documents/WorkSpace/DerivHack/cdm-corda/build/nodes/.cache/apps/net.corda.node.Corda_4.1/animal-sniffer-annotations-1.14.jar:/Users/admin/Documents/WorkSpace/DerivHack/cdm-corda/build/nodes/.cache/apps/net.corda.node.Corda_4.1/commons-collections-3.2.2.jar:/Users/admin/Documents/WorkSpace/DerivHack/cdm-corda/build/nodes/.cache/apps/net.corda.node.Corda_4.1/artemis-native-2.6.2.jar:/Users/admin/Documents/WorkSpace/DerivHack/cdm-corda/build/nodes/.cache/apps/net.corda.node.Corda_4.1/hibernate-commons-annotations-5.0.4.Final.jar:/Users/admin/Documents/WorkSpace/DerivHack/cdm-corda/build/nodes/.cache/apps/net.corda.node.Corda_4.1/jboss-logging-3.3.2.Final.jar:/Users/admin/Documents/WorkSpace/DerivHack/cdm-corda/build/nodes/.cache/apps/net.corda.node.Corda_4.1/artemis-selector-2.6.2.jar:/Users/admin/Documents/WorkSpace/DerivHack/cdm-corda/build/nodes/.cache/apps/net.corda.node.Corda_4.1/netty-handler-4.1.22.Final.jar:/Users/admin/Documents/WorkSpace/DerivHack/cdm-corda/build/nodes/.cache/apps/net.corda.node.Corda_4.1/netty-transport-native-epoll-4.1.22.Final-linux-x86_64.jar:/Users/admin/Documents/WorkSpace/DerivHack/cdm-corda/build/nodes/.cache/apps/net.corda.node.Corda_4.1/netty-transport-native-kqueue-4.1.22.Final-osx-x86_64.jar:/Users/admin/Documents/WorkSpace/DerivHack/cdm-corda/build/nodes/.cache/apps/net.corda.node.Corda_4.1/netty-codec-http-4.1.22.Final.jar:/Users/admin/Documents/WorkSpace/DerivHack/cdm-corda/build/nodes/.cache/apps/net.corda.node.Corda_4.1/netty-codec-4.1.22.Final.jar:/Users/admin/Documents/WorkSpace/DerivHack/cdm-corda/build/nodes/.cache/apps/net.corda.node.Corda_4.1/netty-transport-native-unix-common-4.1.22.Final.jar:/Users/admin/Documents/WorkSpace/DerivHack/cdm-corda/build/nodes/.cache/apps/net.corda.node.Corda_4.1/netty-transport-4.1.22.Final.jar:/Users/admin/Documents/WorkSpace/DerivHack/cdm-corda/build/nodes/.cache/apps/net.corda.node.Corda_4.1/netty-buffer-4.1.22.Final.jar:/Users/admin/Documents/WorkSpace/DerivHack/cdm-corda/build/nodes/.cache/apps/net.corda.node.Corda_4.1/netty-resolver-4.1.22.Final.jar:/Users/admin/Documents/WorkSpace/DerivHack/cdm-corda/build/nodes/.cache/apps/net.corda.node.Corda_4.1/netty-common-4.1.22.Final.jar:/Users/admin/Documents/WorkSpace/DerivHack/cdm-corda/build/nodes/.cache/apps/net.corda.node.Corda_4.1/geronimo-json_1.0_spec-1.0-alpha-1.jar:/Users/admin/Documents/WorkSpace/DerivHack/cdm-corda/build/nodes/.cache/apps/net.corda.node.Corda_4.1/jgroups-3.6.13.Final.jar:/Users/admin/Documents/WorkSpace/DerivHack/cdm-corda/build/nodes/.cache/apps/net.corda.node.Corda_4.1/johnzon-core-0.9.5.jar:/Users/admin/Documents/WorkSpace/DerivHack/cdm-corda/build/nodes/.cache/apps/net.corda.node.Corda_4.1/forms-1.1-preview.jar:/Users/admin/Documents/WorkSpace/DerivHack/cdm-corda/build/nodes/.cache/apps/net.corda.node.Corda_4.1/jdom-1.0.jar:/Users/admin/Documents/WorkSpace/DerivHack/cdm-corda/build/nodes/.cache/apps/net.corda.node.Corda_4.1/javax.persistence-api-2.2.jar:/Users/admin/Documents/WorkSpace/DerivHack/cdm-corda/build/nodes/.cache/apps/net.corda.node.Corda_4.1/javassist-3.23.1-GA.jar:/Users/admin/Documents/WorkSpace/DerivHack/cdm-corda/build/nodes/.cache/apps/net.corda.node.Corda_4.1/byte-buddy-1.8.17.jar:/Users/admin/Documents/WorkSpace/DerivHack/cdm-corda/build/nodes/.cache/apps/net.corda.node.Corda_4.1/antlr-2.7.7.jar:/Users/admin/Documents/WorkSpace/DerivHack/cdm-corda/build/nodes/.cache/apps/net.corda.node.Corda_4.1/jboss-transaction-api_1.2_spec-1.1.1.Final.jar:/Users/admin/Documents/WorkSpace/DerivHack/cdm-corda/build/nodes/.cache/apps/net.corda.node.Corda_4.1/jandex-2.0.5.Final.jar:/Users/admin/Documents/WorkSpace/DerivHack/cdm-corda/build/nodes/.cache/apps/net.corda.node.Corda_4.1/classmate-1.3.4.jar:/Users/admin/Documents/WorkSpace/DerivHack/cdm-corda/build/nodes/.cache/apps/net.corda.node.Corda_4.1/javax.activation-api-1.2.0.jar:/Users/admin/Documents/WorkSpace/DerivHack/cdm-corda/build/nodes/.cache/apps/net.corda.node.Corda_4.1/dom4j-1.6.1.jar:/Users/admin/Documents/WorkSpace/DerivHack/cdm-corda/build/nodes/.cache/apps/net.corda.node.Corda_4.1/okio-1.11.0.jar:/Users/admin/Documents/WorkSpace/DerivHack/cdm-corda/build/nodes/.cache/apps/net.corda.node.Corda_4.1/jolokia-core-1.6.0.jar:/Users/admin/Documents/WorkSpace/DerivHack/cdm-corda/build/nodes/.cache/apps/net.corda.node.Corda_4.1/json-simple-1.1.1.jar:/Users/admin/Documents/WorkSpace/DerivHack/cdm-corda/build/nodes/.cache/apps/net.corda.node.Corda_4.1/newrelic-api-3.10.0.jar:/Users/admin/Documents/WorkSpace/DerivHack/cdm-corda/build/nodes/.cache/apps/net.corda.node.Corda_4.1/HdrHistogram-2.1.9.jar:/Users/admin/Documents/WorkSpace/DerivHack/cdm-corda/build/nodes/.cache/apps/net.corda.node.Corda_4.1/LatencyUtils-2.0.3.jar:/Users/admin/Documents/WorkSpace/DerivHack/cdm-corda/build/nodes/.cache/apps/net.corda.node.Corda_4.1/rxjava-1.3.8.jar:/Users/admin/Documents/WorkSpace/DerivHack/cdm-corda/build/nodes/.cache/apps/net.corda.node.Corda_4.1/commons-jexl3-3.0.jar:/Users/admin/Documents/WorkSpace/DerivHack/cdm-corda/build/nodes/.cache/apps/net.corda.node.Corda_4.1/commons-lang-2.6.jar:/Users/admin/Documents/WorkSpace/DerivHack/cdm-corda/build/nodes/.cache/apps/net.corda.node.Corda_4.1/eddsa-0.2.0.jar:/Users/admin/Documents/WorkSpace/DerivHack/cdm-corda/build/nodes/.cache/apps/net.corda.node.Corda_4.1/bcpkix-jdk15on-1.60.jar:/Users/admin/Documents/WorkSpace/DerivHack/cdm-corda/build/nodes/.cache/apps/net.corda.node.Corda_4.1/bcprov-jdk15on-1.60.jar:/Users/admin/Documents/WorkSpace/DerivHack/cdm-corda/build/nodes/.cache/apps/net.corda.node.Corda_4.1/asm-5.0.4.jar:/Users/admin/Documents/WorkSpace/DerivHack/cdm-corda/build/nodes/.cache/apps/net.corda.node.Corda_4.1/snappy-0.4.jar:/Users/admin/Documents/WorkSpace/DerivHack/cdm-corda/build/nodes/.cache/apps/net.corda.node.Corda_4.1/jackson-dataformat-yaml-2.9.5.jar:/Users/admin/Documents/WorkSpace/DerivHack/cdm-corda/build/nodes/.cache/apps/net.corda.node.Corda_4.1/snakeyaml-1.18.jar:/Users/admin/Documents/WorkSpace/DerivHack/cdm-corda/build/nodes/.cache/apps/net.corda.node.Corda_4.1/jackson-annotations-2.9.0.jar:/Users/admin/Documents/WorkSpace/DerivHack/cdm-corda/build/nodes/.cache/apps/net.corda.node.Corda_4.1/jackson-core-2.9.5.jar:/Users/admin/Documents/WorkSpace/DerivHack/cdm-corda/build/nodes/.cache/apps/net.corda.node.Corda_4.1/crash.cli-810d2b774b85d4938be01b9b65e29e4fddbc450b.jar:/Users/admin/Documents/WorkSpace/DerivHack/cdm-corda/build/nodes/.cache/apps/net.corda.node.Corda_4.1/groovy-all-1.8.9.jar:/Users/admin/Documents/WorkSpace/DerivHack/cdm-corda/build/nodes/.cache/apps/net.corda.node.Corda_4.1/kotlin-stdlib-common-1.2.71.jar:/Users/admin/Documents/WorkSpace/DerivHack/cdm-corda/build/nodes/.cache/apps/net.corda.node.Corda_4.1/annotations-13.0.jar:/Users/admin/Documents/WorkSpace/DerivHack/cdm-corda/build/nodes/.cache/apps/net.corda.node.Corda_4.1/geronimo-jms_2.0_spec-1.0-alpha-2.jar:/Users/admin/Documents/WorkSpace/DerivHack/cdm-corda/build/nodes/.cache/apps/net.corda.node.Corda_4.1/jpam-1.1.jar:/Users/admin/Documents/WorkSpace/DerivHack/cdm-corda/build/nodes/.cache/apps/net.corda.node.Corda_4.1/corda-node-4.1.jar:/Users/admin/Documents/WorkSpace/DerivHack/cdm-corda/build/nodes/.cache/apps/net.corda.node.Corda_4.1/quasar-core-0.7.10-jdk8.jar
[INFO ] 2019-10-12T07:18:35,830Z [main] internal.Node.logStartupInfo - VM Java HotSpot(TM) 64-Bit Server VM Oracle Corporation 25.221-b11
[INFO ] 2019-10-12T07:18:35,831Z [main] internal.Node.logStartupInfo - Machine: Admins-MacBook-Pro.local
[INFO ] 2019-10-12T07:18:35,831Z [main] internal.Node.logStartupInfo - Working Directory: /Users/admin/Documents/WorkSpace/DerivHack/cdm-corda/build/nodes/Broker1
[INFO ] 2019-10-12T07:18:35,831Z [main] internal.Node.logStartupInfo - Starting as node on localhost:10008
[INFO ] 2019-10-12T07:18:36,564Z [main] cordapp.JarScanningCordappLoader.fromDirectories - Looking for CorDapps in [/Users/admin/Documents/WorkSpace/DerivHack/cdm-corda/build/nodes/Broker1/cordapps]
[INFO ] 2019-10-12T07:18:36,671Z [main] cordapp.JarScanningCordappLoader.<init> - Loading CorDapps from RestrictedURL(url=file:/Users/admin/Documents/WorkSpace/DerivHack/cdm-corda/build/nodes/Broker1/cordapps/cdm-support-0.1.jar, rootPackageName=null), RestrictedURL(url=file:/Users/admin/Documents/WorkSpace/DerivHack/cdm-corda/build/nodes/Broker1/cordapps/cdm-support-contracts-states-0.1.jar, rootPackageName=null), RestrictedURL(url=file:/Users/admin/Documents/WorkSpace/DerivHack/cdm-corda/build/nodes/Broker1/cordapps/cordapp-0.1.jar, rootPackageName=null), RestrictedURL(url=file:/Users/admin/Documents/WorkSpace/DerivHack/cdm-corda/build/nodes/Broker1/cordapps/corda-finance-workflows-4.1.jar, rootPackageName=null), RestrictedURL(url=file:/Users/admin/Documents/WorkSpace/DerivHack/cdm-corda/build/nodes/Broker1/cordapps/corda-finance-contracts-4.1.jar, rootPackageName=null), RestrictedURL(url=file:/Users/admin/Documents/WorkSpace/DerivHack/cdm-corda/build/nodes/Broker1/cordapps/cdm-corda-0.1.jar, rootPackageName=null)
[INFO ] 2019-10-12T07:18:36,796Z [main] cordapp.JarScanningCordappLoader.scanCordapp - Scanning CorDapp in file:/Users/admin/Documents/WorkSpace/DerivHack/cdm-corda/build/nodes/Broker1/cordapps/cdm-support-0.1.jar
[INFO ] 2019-10-12T07:18:37,552Z [main] cordapp.JarScanningCordappLoader.scanCordapp - Scanning CorDapp in file:/Users/admin/Documents/WorkSpace/DerivHack/cdm-corda/build/nodes/Broker1/cordapps/cdm-support-contracts-states-0.1.jar
[INFO ] 2019-10-12T07:18:42,914Z [main] cordapp.JarScanningCordappLoader.scanCordapp - Scanning CorDapp in file:/Users/admin/Documents/WorkSpace/DerivHack/cdm-corda/build/nodes/Broker1/cordapps/cordapp-0.1.jar
[INFO ] 2019-10-12T07:18:44,636Z [main] cordapp.JarScanningCordappLoader.scanCordapp - Scanning CorDapp in file:/Users/admin/Documents/WorkSpace/DerivHack/cdm-corda/build/nodes/Broker1/cordapps/corda-finance-workflows-4.1.jar
[INFO ] 2019-10-12T07:18:46,069Z [main] cordapp.JarScanningCordappLoader.scanCordapp - Scanning CorDapp in file:/Users/admin/Documents/WorkSpace/DerivHack/cdm-corda/build/nodes/Broker1/cordapps/corda-finance-contracts-4.1.jar
[INFO ] 2019-10-12T07:18:48,943Z [main] cordapp.JarScanningCordappLoader.scanCordapp - Scanning CorDapp in file:/Users/admin/Documents/WorkSpace/DerivHack/cdm-corda/build/nodes/Broker1/cordapps/cdm-corda-0.1.jar
[INFO ] 2019-10-12T07:19:02,231Z [main] internal.Node.generateAndSaveNodeInfo - Generating nodeInfo ...
[INFO ] 2019-10-12T07:19:03,198Z [main] internal.Node.obtainIdentity - identity-private-key not found in key store, generating fresh key!
[INFO ] 2019-10-12T07:19:03,515Z [main] hikari.HikariDataSource.<init> - HikariPool-1 - Started.
[INFO ] 2019-10-12T07:19:19,438Z [main] liquibase.info - Creating database history table with name: PUBLIC.DATABASECHANGELOG
[INFO ] 2019-10-12T07:19:19,564Z [main] liquibase.info - Reading from PUBLIC.DATABASECHANGELOG
[INFO ] 2019-10-12T07:19:19,672Z [main] liquibase.info - master.changelog.json: migration/common.changelog-init.xml::1511451595465-1.3::R3.Corda: Skipping changeSet migration/common.changelog-init.xml::1511451595465-1.3::R3.Corda due to validation error(s): minValue is not allowed on h2
[INFO ] 2019-10-12T07:19:19,840Z [main] liquibase.info - master.changelog.json: migration/vault-schema.changelog-pkey.xml::non-clustered_pk-11::R3.Corda: Skipping changeSet migration/vault-schema.changelog-pkey.xml::non-clustered_pk-11::R3.Corda due to validation error(s): clustered is not allowed on h2
[INFO ] 2019-10-12T07:19:19,847Z [main] liquibase.info - master.changelog.json: migration/vault-schema.changelog-pkey.xml::non-clustered_pk-12::R3.Corda: Skipping changeSet migration/vault-schema.changelog-pkey.xml::non-clustered_pk-12::R3.Corda due to validation error(s): clustered is not allowed on h2
[INFO ] 2019-10-12T07:19:19,849Z [main] liquibase.info - master.changelog.json: migration/vault-schema.changelog-pkey.xml::non-clustered_pk-13::R3.Corda: Skipping changeSet migration/vault-schema.changelog-pkey.xml::non-clustered_pk-13::R3.Corda due to validation error(s): clustered is not allowed on h2
[INFO ] 2019-10-12T07:19:20,200Z [main] liquibase.info - master.changelog.json: migration/node-core.changelog-pkey.xml::non-clustered_pk-1::R3.Corda: Skipping changeSet migration/node-core.changelog-pkey.xml::non-clustered_pk-1::R3.Corda due to validation error(s): clustered is not allowed on h2
[INFO ] 2019-10-12T07:19:20,227Z [main] liquibase.info - master.changelog.json: migration/node-core.changelog-pkey.xml::non-clustered_pk-2::R3.Corda: Skipping changeSet migration/node-core.changelog-pkey.xml::non-clustered_pk-2::R3.Corda due to validation error(s): clustered is not allowed on h2
[INFO ] 2019-10-12T07:19:20,228Z [main] liquibase.info - master.changelog.json: migration/node-core.changelog-pkey.xml::non-clustered_pk-3::R3.Corda: Skipping changeSet migration/node-core.changelog-pkey.xml::non-clustered_pk-3::R3.Corda due to validation error(s): clustered is not allowed on h2
[INFO ] 2019-10-12T07:19:20,229Z [main] liquibase.info - master.changelog.json: migration/node-core.changelog-pkey.xml::non-clustered_pk-4::R3.Corda: Skipping changeSet migration/node-core.changelog-pkey.xml::non-clustered_pk-4::R3.Corda due to validation error(s): clustered is not allowed on h2
[INFO ] 2019-10-12T07:19:20,230Z [main] liquibase.info - master.changelog.json: migration/node-core.changelog-pkey.xml::non-clustered_pk-5::R3.Corda: Skipping changeSet migration/node-core.changelog-pkey.xml::non-clustered_pk-5::R3.Corda due to validation error(s): clustered is not allowed on h2
[INFO ] 2019-10-12T07:19:20,231Z [main] liquibase.info - master.changelog.json: migration/node-core.changelog-pkey.xml::non-clustered_pk-6::R3.Corda: Skipping changeSet migration/node-core.changelog-pkey.xml::non-clustered_pk-6::R3.Corda due to validation error(s): clustered is not allowed on h2
[INFO ] 2019-10-12T07:19:20,232Z [main] liquibase.info - master.changelog.json: migration/node-core.changelog-pkey.xml::non-clustered_pk-7::R3.Corda: Skipping changeSet migration/node-core.changelog-pkey.xml::non-clustered_pk-7::R3.Corda due to validation error(s): clustered is not allowed on h2
[INFO ] 2019-10-12T07:19:20,248Z [main] liquibase.info - master.changelog.json: migration/cash.changelog-init.xml::non-clustered_pk-cash::R3.Corda: Skipping changeSet migration/cash.changelog-init.xml::non-clustered_pk-cash::R3.Corda due to validation error(s): clustered is not allowed on h2
[INFO ] 2019-10-12T07:19:20,316Z [main] liquibase.info - master.changelog.json: migration/commercial-paper.changelog-init.xml::non-clustered_pk-commercial-paper::R3.Corda: Skipping changeSet migration/commercial-paper.changelog-init.xml::non-clustered_pk-commercial-paper::R3.Corda due to validation error(s): clustered is not allowed on h2
[INFO ] 2019-10-12T07:19:20,370Z [main] liquibase.info - Successfully acquired change log lock
[INFO ] 2019-10-12T07:19:20,424Z [main] liquibase.info - master.changelog.json: migration/common.changelog-init.xml::1511451595465-1.3::R3.Corda: Skipping changeSet migration/common.changelog-init.xml::1511451595465-1.3::R3.Corda due to validation error(s): minValue is not allowed on h2
[INFO ] 2019-10-12T07:19:20,438Z [main] liquibase.info - master.changelog.json: migration/vault-schema.changelog-pkey.xml::non-clustered_pk-11::R3.Corda: Skipping changeSet migration/vault-schema.changelog-pkey.xml::non-clustered_pk-11::R3.Corda due to validation error(s): clustered is not allowed on h2
[INFO ] 2019-10-12T07:19:20,439Z [main] liquibase.info - master.changelog.json: migration/vault-schema.changelog-pkey.xml::non-clustered_pk-12::R3.Corda: Skipping changeSet migration/vault-schema.changelog-pkey.xml::non-clustered_pk-12::R3.Corda due to validation error(s): clustered is not allowed on h2
[INFO ] 2019-10-12T07:19:20,440Z [main] liquibase.info - master.changelog.json: migration/vault-schema.changelog-pkey.xml::non-clustered_pk-13::R3.Corda: Skipping changeSet migration/vault-schema.changelog-pkey.xml::non-clustered_pk-13::R3.Corda due to validation error(s): clustered is not allowed on h2
[INFO ] 2019-10-12T07:19:20,551Z [main] liquibase.info - master.changelog.json: migration/node-core.changelog-pkey.xml::non-clustered_pk-1::R3.Corda: Skipping changeSet migration/node-core.changelog-pkey.xml::non-clustered_pk-1::R3.Corda due to validation error(s): clustered is not allowed on h2
[INFO ] 2019-10-12T07:19:20,551Z [main] liquibase.info - master.changelog.json: migration/node-core.changelog-pkey.xml::non-clustered_pk-2::R3.Corda: Skipping changeSet migration/node-core.changelog-pkey.xml::non-clustered_pk-2::R3.Corda due to validation error(s): clustered is not allowed on h2
[INFO ] 2019-10-12T07:19:20,551Z [main] liquibase.info - master.changelog.json: migration/node-core.changelog-pkey.xml::non-clustered_pk-3::R3.Corda: Skipping changeSet migration/node-core.changelog-pkey.xml::non-clustered_pk-3::R3.Corda due to validation error(s): clustered is not allowed on h2
[INFO ] 2019-10-12T07:19:20,552Z [main] liquibase.info - master.changelog.json: migration/node-core.changelog-pkey.xml::non-clustered_pk-4::R3.Corda: Skipping changeSet migration/node-core.changelog-pkey.xml::non-clustered_pk-4::R3.Corda due to validation error(s): clustered is not allowed on h2
[INFO ] 2019-10-12T07:19:20,552Z [main] liquibase.info - master.changelog.json: migration/node-core.changelog-pkey.xml::non-clustered_pk-5::R3.Corda: Skipping changeSet migration/node-core.changelog-pkey.xml::non-clustered_pk-5::R3.Corda due to validation error(s): clustered is not allowed on h2
[INFO ] 2019-10-12T07:19:20,552Z [main] liquibase.info - master.changelog.json: migration/node-core.changelog-pkey.xml::non-clustered_pk-6::R3.Corda: Skipping changeSet migration/node-core.changelog-pkey.xml::non-clustered_pk-6::R3.Corda due to validation error(s): clustered is not allowed on h2
[INFO ] 2019-10-12T07:19:20,552Z [main] liquibase.info - master.changelog.json: migration/node-core.changelog-pkey.xml::non-clustered_pk-7::R3.Corda: Skipping changeSet migration/node-core.changelog-pkey.xml::non-clustered_pk-7::R3.Corda due to validation error(s): clustered is not allowed on h2
[INFO ] 2019-10-12T07:19:20,556Z [main] liquibase.info - master.changelog.json: migration/cash.changelog-init.xml::non-clustered_pk-cash::R3.Corda: Skipping changeSet migration/cash.changelog-init.xml::non-clustered_pk-cash::R3.Corda due to validation error(s): clustered is not allowed on h2
[INFO ] 2019-10-12T07:19:20,604Z [main] liquibase.info - master.changelog.json: migration/commercial-paper.changelog-init.xml::non-clustered_pk-commercial-paper::R3.Corda: Skipping changeSet migration/commercial-paper.changelog-init.xml::non-clustered_pk-commercial-paper::R3.Corda due to validation error(s): clustered is not allowed on h2
[INFO ] 2019-10-12T07:19:20,649Z [main] liquibase.info - master.changelog.json: migration/common.changelog-init.xml::1511451595465-1.1::R3.Corda: Sequence hibernate_sequence created
[INFO ] 2019-10-12T07:19:20,649Z [main] liquibase.info - master.changelog.json: migration/common.changelog-init.xml::1511451595465-1.1::R3.Corda: ChangeSet migration/common.changelog-init.xml::1511451595465-1.1::R3.Corda ran successfully in 35ms
[INFO ] 2019-10-12T07:19:20,736Z [main] liquibase.info - master.changelog.json: migration/vault-schema.changelog-init.xml::1511451595465-22::R3.Corda: Table vault_fungible_states created
[INFO ] 2019-10-12T07:19:20,736Z [main] liquibase.info - master.changelog.json: migration/vault-schema.changelog-init.xml::1511451595465-22::R3.Corda: ChangeSet migration/vault-schema.changelog-init.xml::1511451595465-22::R3.Corda ran successfully in 4ms
[INFO ] 2019-10-12T07:19:20,746Z [main] liquibase.info - master.changelog.json: migration/vault-schema.changelog-init.xml::1511451595465-23::R3.Corda: Table vault_fungible_states_parts created
[INFO ] 2019-10-12T07:19:20,746Z [main] liquibase.info - master.changelog.json: migration/vault-schema.changelog-init.xml::1511451595465-23::R3.Corda: ChangeSet migration/vault-schema.changelog-init.xml::1511451595465-23::R3.Corda ran successfully in 3ms
[INFO ] 2019-10-12T07:19:20,754Z [main] liquibase.info - master.changelog.json: migration/vault-schema.changelog-init.xml::1511451595465-24::R3.Corda: Table vault_linear_states created
[INFO ] 2019-10-12T07:19:20,754Z [main] liquibase.info - master.changelog.json: migration/vault-schema.changelog-init.xml::1511451595465-24::R3.Corda: ChangeSet migration/vault-schema.changelog-init.xml::1511451595465-24::R3.Corda ran successfully in 4ms
[INFO ] 2019-10-12T07:19:20,759Z [main] liquibase.info - master.changelog.json: migration/vault-schema.changelog-init.xml::1511451595465-25::R3.Corda: Table vault_linear_states_parts created
[INFO ] 2019-10-12T07:19:20,759Z [main] liquibase.info - master.changelog.json: migration/vault-schema.changelog-init.xml::1511451595465-25::R3.Corda: ChangeSet migration/vault-schema.changelog-init.xml::1511451595465-25::R3.Corda ran successfully in 3ms
[INFO ] 2019-10-12T07:19:20,832Z [main] liquibase.info - master.changelog.json: migration/vault-schema.changelog-init.xml::1511451595465-26::R3.Corda: Table vault_states created
[INFO ] 2019-10-12T07:19:20,832Z [main] liquibase.info - master.changelog.json: migration/vault-schema.changelog-init.xml::1511451595465-26::R3.Corda: ChangeSet migration/vault-schema.changelog-init.xml::1511451595465-26::R3.Corda ran successfully in 5ms
[INFO ] 2019-10-12T07:19:20,837Z [main] liquibase.info - master.changelog.json: migration/vault-schema.changelog-init.xml::1511451595465-27::R3.Corda: Table vault_transaction_notes created
[INFO ] 2019-10-12T07:19:20,867Z [main] liquibase.info - master.changelog.json: migration/vault-schema.changelog-init.xml::1511451595465-27::R3.Corda: ChangeSet migration/vault-schema.changelog-init.xml::1511451595465-27::R3.Corda ran successfully in 31ms
[INFO ] 2019-10-12T07:19:20,877Z [main] liquibase.info - master.changelog.json: migration/vault-schema.changelog-init.xml::1511451595465-47::R3.Corda: Primary key added to vault_fungible_states (output_index, transaction_id)
[INFO ] 2019-10-12T07:19:20,878Z [main] liquibase.info - master.changelog.json: migration/vault-schema.changelog-init.xml::1511451595465-47::R3.Corda: ChangeSet migration/vault-schema.changelog-init.xml::1511451595465-47::R3.Corda ran successfully in 3ms
[INFO ] 2019-10-12T07:19:20,928Z [main] liquibase.info - master.changelog.json: migration/vault-schema.changelog-init.xml::1511451595465-48::R3.Corda: Primary key added to vault_linear_states (output_index, transaction_id)
[INFO ] 2019-10-12T07:19:20,928Z [main] liquibase.info - master.changelog.json: migration/vault-schema.changelog-init.xml::1511451595465-48::R3.Corda: ChangeSet migration/vault-schema.changelog-init.xml::1511451595465-48::R3.Corda ran successfully in 6ms
[INFO ] 2019-10-12T07:19:20,939Z [main] liquibase.info - master.changelog.json: migration/vault-schema.changelog-init.xml::1511451595465-49::R3.Corda: Primary key added to vault_states (output_index, transaction_id)
[INFO ] 2019-10-12T07:19:20,939Z [main] liquibase.info - master.changelog.json: migration/vault-schema.changelog-init.xml::1511451595465-49::R3.Corda: ChangeSet migration/vault-schema.changelog-init.xml::1511451595465-49::R3.Corda ran successfully in 3ms
[INFO ] 2019-10-12T07:19:20,972Z [main] liquibase.info - master.changelog.json: migration/vault-schema.changelog-init.xml::1511451595465-50::R3.Corda: Primary key added to vault_transaction_notes (seq_no)
[INFO ] 2019-10-12T07:19:20,972Z [main] liquibase.info - master.changelog.json: migration/vault-schema.changelog-init.xml::1511451595465-50::R3.Corda: ChangeSet migration/vault-schema.changelog-init.xml::1511451595465-50::R3.Corda ran successfully in 2ms
[INFO ] 2019-10-12T07:19:20,981Z [main] liquibase.info - master.changelog.json: migration/vault-schema.changelog-init.xml::1511451595465-53::R3.Corda: Index external_id_index created
[INFO ] 2019-10-12T07:19:20,982Z [main] liquibase.info - master.changelog.json: migration/vault-schema.changelog-init.xml::1511451595465-53::R3.Corda: ChangeSet migration/vault-schema.changelog-init.xml::1511451595465-53::R3.Corda ran successfully in 6ms
[INFO ] 2019-10-12T07:19:21,042Z [main] liquibase.info - master.changelog.json: migration/vault-schema.changelog-init.xml::1511451595465-55::R3.Corda: Index lock_id_idx created
[INFO ] 2019-10-12T07:19:21,042Z [main] liquibase.info - master.changelog.json: migration/vault-schema.changelog-init.xml::1511451595465-55::R3.Corda: ChangeSet migration/vault-schema.changelog-init.xml::1511451595465-55::R3.Corda ran successfully in 58ms
[INFO ] 2019-10-12T07:19:21,053Z [main] liquibase.info - master.changelog.json: migration/vault-schema.changelog-init.xml::1511451595465-58::R3.Corda: Index state_status_idx created
[INFO ] 2019-10-12T07:19:21,053Z [main] liquibase.info - master.changelog.json: migration/vault-schema.changelog-init.xml::1511451595465-58::R3.Corda: ChangeSet migration/vault-schema.changelog-init.xml::1511451595465-58::R3.Corda ran successfully in 2ms
[INFO ] 2019-10-12T07:19:21,063Z [main] liquibase.info - master.changelog.json: migration/vault-schema.changelog-init.xml::1511451595465-59::R3.Corda: Index transaction_id_index created
[INFO ] 2019-10-12T07:19:21,063Z [main] liquibase.info - master.changelog.json: migration/vault-schema.changelog-init.xml::1511451595465-59::R3.Corda: ChangeSet migration/vault-schema.changelog-init.xml::1511451595465-59::R3.Corda ran successfully in 5ms
[INFO ] 2019-10-12T07:19:21,072Z [main] liquibase.info - master.changelog.json: migration/vault-schema.changelog-init.xml::1511451595465-60::R3.Corda: Index uuid_index created
[INFO ] 2019-10-12T07:19:21,072Z [main] liquibase.info - master.changelog.json: migration/vault-schema.changelog-init.xml::1511451595465-60::R3.Corda: ChangeSet migration/vault-schema.changelog-init.xml::1511451595465-60::R3.Corda ran successfully in 3ms
[INFO ] 2019-10-12T07:19:21,160Z [main] liquibase.info - master.changelog.json: migration/vault-schema.changelog-init.xml::1511451595465-64::R3.Corda: Foreign key constraint added to vault_fungible_states_parts (output_index,transaction_id)
[INFO ] 2019-10-12T07:19:21,160Z [main] liquibase.info - master.changelog.json: migration/vault-schema.changelog-init.xml::1511451595465-64::R3.Corda: ChangeSet migration/vault-schema.changelog-init.xml::1511451595465-64::R3.Corda ran successfully in 86ms
[INFO ] 2019-10-12T07:19:21,222Z [main] liquibase.info - master.changelog.json: migration/vault-schema.changelog-init.xml::1511451595465-65::R3.Corda: Foreign key constraint added to vault_linear_states_parts (output_index,transaction_id)
[INFO ] 2019-10-12T07:19:21,222Z [main] liquibase.info - master.changelog.json: migration/vault-schema.changelog-init.xml::1511451595465-65::R3.Corda: ChangeSet migration/vault-schema.changelog-init.xml::1511451595465-65::R3.Corda ran successfully in 59ms
[INFO ] 2019-10-12T07:19:21,226Z [main] liquibase.info - master.changelog.json: migration/vault-schema.changelog-v3.xml::clean_vault::R3.Corda: Data deleted from vault_fungible_states_parts
[INFO ] 2019-10-12T07:19:21,226Z [main] liquibase.info - master.changelog.json: migration/vault-schema.changelog-v3.xml::clean_vault::R3.Corda: Data deleted from vault_fungible_states
[INFO ] 2019-10-12T07:19:21,227Z [main] liquibase.info - master.changelog.json: migration/vault-schema.changelog-v3.xml::clean_vault::R3.Corda: Data deleted from vault_linear_states_parts
[INFO ] 2019-10-12T07:19:21,227Z [main] liquibase.info - master.changelog.json: migration/vault-schema.changelog-v3.xml::clean_vault::R3.Corda: Data deleted from vault_linear_states
[INFO ] 2019-10-12T07:19:21,228Z [main] liquibase.info - master.changelog.json: migration/vault-schema.changelog-v3.xml::clean_vault::R3.Corda: Data deleted from vault_states
[INFO ] 2019-10-12T07:19:21,228Z [main] liquibase.info - master.changelog.json: migration/vault-schema.changelog-v3.xml::clean_vault::R3.Corda: Data deleted from vault_transaction_notes
[INFO ] 2019-10-12T07:19:21,229Z [main] liquibase.info - master.changelog.json: migration/vault-schema.changelog-v3.xml::clean_vault::R3.Corda: ChangeSet migration/vault-schema.changelog-v3.xml::clean_vault::R3.Corda ran successfully in 4ms
[INFO ] 2019-10-12T07:19:21,276Z [main] liquibase.info - master.changelog.json: migration/vault-schema.changelog-v4.xml::nullability::R3.Corda: Null constraint has been added to vault_fungible_states.quantity
[INFO ] 2019-10-12T07:19:21,278Z [main] liquibase.info - master.changelog.json: migration/vault-schema.changelog-v4.xml::nullability::R3.Corda: Null constraint has been added to vault_states.contract_state_class_name
[INFO ] 2019-10-12T07:19:21,280Z [main] liquibase.info - master.changelog.json: migration/vault-schema.changelog-v4.xml::nullability::R3.Corda: Null constraint has been added to vault_states.notary_name
[INFO ] 2019-10-12T07:19:21,329Z [main] liquibase.info - master.changelog.json: migration/vault-schema.changelog-v4.xml::nullability::R3.Corda: Null constraint has been added to vault_states.recorded_timestamp
[INFO ] 2019-10-12T07:19:21,334Z [main] liquibase.info - master.changelog.json: migration/vault-schema.changelog-v4.xml::nullability::R3.Corda: Index state_status_idx dropped from table vault_states
[INFO ] 2019-10-12T07:19:21,336Z [main] liquibase.info - master.changelog.json: migration/vault-schema.changelog-v4.xml::nullability::R3.Corda: Index lock_id_idx dropped from table vault_states
[INFO ] 2019-10-12T07:19:21,342Z [main] liquibase.info - master.changelog.json: migration/vault-schema.changelog-v4.xml::nullability::R3.Corda: Null constraint has been added to vault_states.state_status
[INFO ] 2019-10-12T07:19:21,344Z [main] liquibase.info - master.changelog.json: migration/vault-schema.changelog-v4.xml::nullability::R3.Corda: Index state_status_idx created
[INFO ] 2019-10-12T07:19:21,346Z [main] liquibase.info - master.changelog.json: migration/vault-schema.changelog-v4.xml::nullability::R3.Corda: Index lock_id_idx created
[INFO ] 2019-10-12T07:19:21,348Z [main] liquibase.info - master.changelog.json: migration/vault-schema.changelog-v4.xml::nullability::R3.Corda: Index transaction_id_index dropped from table vault_transaction_notes
[INFO ] 2019-10-12T07:19:21,350Z [main] liquibase.info - master.changelog.json: migration/vault-schema.changelog-v4.xml::nullability::R3.Corda: Null constraint has been added to vault_transaction_notes.note
[INFO ] 2019-10-12T07:19:21,354Z [main] liquibase.info - master.changelog.json: migration/vault-schema.changelog-v4.xml::nullability::R3.Corda: Null constraint has been added to vault_transaction_notes.transaction_id
[INFO ] 2019-10-12T07:19:21,355Z [main] liquibase.info - master.changelog.json: migration/vault-schema.changelog-v4.xml::nullability::R3.Corda: Index transaction_id_index created
[INFO ] 2019-10-12T07:19:21,356Z [main] liquibase.info - master.changelog.json: migration/vault-schema.changelog-v4.xml::nullability::R3.Corda: ChangeSet migration/vault-schema.changelog-v4.xml::nullability::R3.Corda ran successfully in 85ms
[INFO ] 2019-10-12T07:19:21,559Z [main] liquibase.info - master.changelog.json: migration/vault-schema.changelog-v5.xml::add_relevancy_status_column::R3.Corda: Columns relevancy_status(INT) added to vault_states
[INFO ] 2019-10-12T07:19:21,590Z [main] liquibase.info - master.changelog.json: migration/vault-schema.changelog-v5.xml::add_relevancy_status_column::R3.Corda: Data updated in vault_states
[INFO ] 2019-10-12T07:19:21,591Z [main] liquibase.info - master.changelog.json: migration/vault-schema.changelog-v5.xml::add_relevancy_status_column::R3.Corda: Null constraint has been added to vault_states.relevancy_status
[INFO ] 2019-10-12T07:19:21,592Z [main] liquibase.info - master.changelog.json: migration/vault-schema.changelog-v5.xml::add_relevancy_status_column::R3.Corda: ChangeSet migration/vault-schema.changelog-v5.xml::add_relevancy_status_column::R3.Corda ran successfully in 157ms
[INFO ] 2019-10-12T07:19:21,697Z [main] liquibase.info - master.changelog.json: migration/vault-schema.changelog-v6.xml::add_is_constraint_information_columns::R3.Corda: Columns constraint_type(INT) added to vault_states
[INFO ] 2019-10-12T07:19:21,725Z [main] liquibase.info - master.changelog.json: migration/vault-schema.changelog-v6.xml::add_is_constraint_information_columns::R3.Corda: Columns constraint_data(varbinary(563)) added to vault_states
[INFO ] 2019-10-12T07:19:21,725Z [main] liquibase.info - master.changelog.json: migration/vault-schema.changelog-v6.xml::add_is_constraint_information_columns::R3.Corda: ChangeSet migration/vault-schema.changelog-v6.xml::add_is_constraint_information_columns::R3.Corda ran successfully in 130ms
[INFO ] 2019-10-12T07:19:21,728Z [main] liquibase.info - master.changelog.json: migration/vault-schema.changelog-v7.xml::make_issuer_ref_nullable::R3.Corda: Null constraint dropped from vault_fungible_states.issuer_ref
[INFO ] 2019-10-12T07:19:21,728Z [main] liquibase.info - master.changelog.json: migration/vault-schema.changelog-v7.xml::make_issuer_ref_nullable::R3.Corda: ChangeSet migration/vault-schema.changelog-v7.xml::make_issuer_ref_nullable::R3.Corda ran successfully in 1ms
[INFO ] 2019-10-12T07:19:21,805Z [main] liquibase.info - master.changelog.json: migration/vault-schema.changelog-v8.xml::create-external-id-to-state-party-view::R3.Corda: Table state_party created
[INFO ] 2019-10-12T07:19:21,807Z [main] liquibase.info - master.changelog.json: migration/vault-schema.changelog-v8.xml::create-external-id-to-state-party-view::R3.Corda: Index state_pk_hash_idx created
[INFO ] 2019-10-12T07:19:21,818Z [main] liquibase.info - master.changelog.json: migration/vault-schema.changelog-v8.xml::create-external-id-to-state-party-view::R3.Corda: Table pk_hash_to_ext_id_map created
[INFO ] 2019-10-12T07:19:21,919Z [main] liquibase.info - master.changelog.json: migration/vault-schema.changelog-v8.xml::create-external-id-to-state-party-view::R3.Corda: Index pk_hash_to_xid_idx created
[INFO ] 2019-10-12T07:19:21,939Z [main] liquibase.info - master.changelog.json: migration/vault-schema.changelog-v8.xml::create-external-id-to-state-party-view::R3.Corda: View v_pkey_hash_ex_id_map created
[INFO ] 2019-10-12T07:19:21,940Z [main] liquibase.info - master.changelog.json: migration/vault-schema.changelog-v8.xml::create-external-id-to-state-party-view::R3.Corda: ChangeSet migration/vault-schema.changelog-v8.xml::create-external-id-to-state-party-view::R3.Corda ran successfully in 136ms
[INFO ] 2019-10-12T07:19:22,042Z [main] liquibase.info - master.changelog.json: migration/node-info.changelog-init.xml::1511451595465-4::R3.Corda: Table node_link_nodeinfo_party created
[INFO ] 2019-10-12T07:19:22,044Z [main] liquibase.info - master.changelog.json: migration/node-info.changelog-init.xml::1511451595465-4::R3.Corda: ChangeSet migration/node-info.changelog-init.xml::1511451595465-4::R3.Corda ran successfully in 4ms
[INFO ] 2019-10-12T07:19:22,053Z [main] liquibase.info - master.changelog.json: migration/node-info.changelog-init.xml::1511451595465-10::R3.Corda: Table node_info_hosts created
[INFO ] 2019-10-12T07:19:22,053Z [main] liquibase.info - master.changelog.json: migration/node-info.changelog-init.xml::1511451595465-10::R3.Corda: ChangeSet migration/node-info.changelog-init.xml::1511451595465-10::R3.Corda ran successfully in 4ms
[INFO ] 2019-10-12T07:19:22,058Z [main] liquibase.info - master.changelog.json: migration/node-info.changelog-init.xml::1511451595465-11::R3.Corda: Table node_info_party_cert created
[INFO ] 2019-10-12T07:19:22,059Z [main] liquibase.info - master.changelog.json: migration/node-info.changelog-init.xml::1511451595465-11::R3.Corda: ChangeSet migration/node-info.changelog-init.xml::1511451595465-11::R3.Corda ran successfully in 3ms
[INFO ] 2019-10-12T07:19:22,069Z [main] liquibase.info - master.changelog.json: migration/node-info.changelog-init.xml::1511451595465-12::R3.Corda: Table node_infos created
[INFO ] 2019-10-12T07:19:22,073Z [main] liquibase.info - master.changelog.json: migration/node-info.changelog-init.xml::1511451595465-12::R3.Corda: ChangeSet migration/node-info.changelog-init.xml::1511451595465-12::R3.Corda ran successfully in 9ms
[INFO ] 2019-10-12T07:19:22,078Z [main] liquibase.info - master.changelog.json: migration/node-info.changelog-init.xml::1511451595465-35::R3.Corda: Primary key added to node_info_hosts (host, port)
[INFO ] 2019-10-12T07:19:22,078Z [main] liquibase.info - master.changelog.json: migration/node-info.changelog-init.xml::1511451595465-35::R3.Corda: ChangeSet migration/node-info.changelog-init.xml::1511451595465-35::R3.Corda ran successfully in 3ms
[INFO ] 2019-10-12T07:19:22,094Z [main] liquibase.info - master.changelog.json: migration/node-info.changelog-init.xml::1511451595465-36::R3.Corda: Primary key added to node_info_party_cert (party_name)
[INFO ] 2019-10-12T07:19:22,095Z [main] liquibase.info - master.changelog.json: migration/node-info.changelog-init.xml::1511451595465-36::R3.Corda: ChangeSet migration/node-info.changelog-init.xml::1511451595465-36::R3.Corda ran successfully in 3ms
[INFO ] 2019-10-12T07:19:22,105Z [main] liquibase.info - master.changelog.json: migration/node-info.changelog-init.xml::1511451595465-37::R3.Corda: Primary key added to node_infos (node_info_id)
[INFO ] 2019-10-12T07:19:22,105Z [main] liquibase.info - master.changelog.json: migration/node-info.changelog-init.xml::1511451595465-37::R3.Corda: ChangeSet migration/node-info.changelog-init.xml::1511451595465-37::R3.Corda ran successfully in 6ms
[INFO ] 2019-10-12T07:19:22,121Z [main] liquibase.info - master.changelog.json: migration/node-info.changelog-init.xml::1511451595465-62::R3.Corda: Foreign key constraint added to node_link_nodeinfo_party (node_info_id)
[INFO ] 2019-10-12T07:19:22,121Z [main] liquibase.info - master.changelog.json: migration/node-info.changelog-init.xml::1511451595465-62::R3.Corda: ChangeSet migration/node-info.changelog-init.xml::1511451595465-62::R3.Corda ran successfully in 13ms
[INFO ] 2019-10-12T07:19:22,335Z [main] liquibase.info - master.changelog.json: migration/node-info.changelog-init.xml::1511451595465-63::R3.Corda: Foreign key constraint added to node_info_hosts (node_info_id)
[INFO ] 2019-10-12T07:19:22,335Z [main] liquibase.info - master.changelog.json: migration/node-info.changelog-init.xml::1511451595465-63::R3.Corda: ChangeSet migration/node-info.changelog-init.xml::1511451595465-63::R3.Corda ran successfully in 209ms
[INFO ] 2019-10-12T07:19:22,339Z [main] liquibase.info - master.changelog.json: migration/node-info.changelog-init.xml::remove_host_port_pk::R3.Corda: Data deleted from node_infos
[INFO ] 2019-10-12T07:19:22,339Z [main] liquibase.info - master.changelog.json: migration/node-info.changelog-init.xml::remove_host_port_pk::R3.Corda: Data deleted from node_link_nodeinfo_party
[INFO ] 2019-10-12T07:19:22,340Z [main] liquibase.info - master.changelog.json: migration/node-info.changelog-init.xml::remove_host_port_pk::R3.Corda: Data deleted from node_info_hosts
[INFO ] 2019-10-12T07:19:22,340Z [main] liquibase.info - master.changelog.json: migration/node-info.changelog-init.xml::remove_host_port_pk::R3.Corda: Data deleted from node_info_party_cert
[INFO ] 2019-10-12T07:19:22,351Z [main] liquibase.info - master.changelog.json: migration/node-info.changelog-init.xml::remove_host_port_pk::R3.Corda: Primary key dropped from node_info_hosts
[INFO ] 2019-10-12T07:19:22,436Z [main] liquibase.info - master.changelog.json: migration/node-info.changelog-init.xml::remove_host_port_pk::R3.Corda: Columns hosts_id(INT) added to node_info_hosts
[INFO ] 2019-10-12T07:19:22,437Z [main] liquibase.info - master.changelog.json: migration/node-info.changelog-init.xml::remove_host_port_pk::R3.Corda: Primary key added to node_info_hosts (hosts_id)
[INFO ] 2019-10-12T07:19:22,438Z [main] liquibase.info - master.changelog.json: migration/node-info.changelog-init.xml::remove_host_port_pk::R3.Corda: ChangeSet migration/node-info.changelog-init.xml::remove_host_port_pk::R3.Corda ran successfully in 99ms
[INFO ] 2019-10-12T07:19:22,442Z [main] liquibase.info - master.changelog.json: migration/node-info.changelog-v1.xml::key/value node properties table::R3.Corda: Table node_properties created
[INFO ] 2019-10-12T07:19:22,442Z [main] liquibase.info - master.changelog.json: migration/node-info.changelog-v1.xml::key/value node properties table::R3.Corda: ChangeSet migration/node-info.changelog-v1.xml::key/value node properties table::R3.Corda ran successfully in 2ms
[INFO ] 2019-10-12T07:19:22,445Z [main] liquibase.info - master.changelog.json: migration/node-info.changelog-v2.xml::1525962920::R3.Corda: Null constraint has been added to node_infos.node_info_hash
[INFO ] 2019-10-12T07:19:22,491Z [main] liquibase.info - master.changelog.json: migration/node-info.changelog-v2.xml::1525962920::R3.Corda: Null constraint has been added to node_infos.platform_version
[INFO ] 2019-10-12T07:19:22,496Z [main] liquibase.info - master.changelog.json: migration/node-info.changelog-v2.xml::1525962920::R3.Corda: Null constraint has been added to node_infos.serial
[INFO ] 2019-10-12T07:19:22,502Z [main] liquibase.info - master.changelog.json: migration/node-info.changelog-v2.xml::1525962920::R3.Corda: Null constraint dropped from node_info_hosts.host
[INFO ] 2019-10-12T07:19:22,509Z [main] liquibase.info - master.changelog.json: migration/node-info.changelog-v2.xml::1525962920::R3.Corda: Null constraint dropped from node_info_hosts.port
[INFO ] 2019-10-12T07:19:22,515Z [main] liquibase.info - master.changelog.json: migration/node-info.changelog-v2.xml::1525962920::R3.Corda: Null constraint has been added to node_info_party_cert.owning_key_hash
[INFO ] 2019-10-12T07:19:22,518Z [main] liquibase.info - master.changelog.json: migration/node-info.changelog-v2.xml::1525962920::R3.Corda: Null constraint has been added to node_info_party_cert.party_cert_binary
[INFO ] 2019-10-12T07:19:22,561Z [main] liquibase.info - master.changelog.json: migration/node-info.changelog-v2.xml::1525962920::R3.Corda: ChangeSet migration/node-info.changelog-v2.xml::1525962920::R3.Corda ran successfully in 116ms
[INFO ] 2019-10-12T07:19:22,567Z [main] liquibase.info - master.changelog.json: migration/node-info.changelog-v3.xml::column_host_name::R3.Corda: Column node_info_hosts.host renamed to host_name
[INFO ] 2019-10-12T07:19:22,567Z [main] liquibase.info - master.changelog.json: migration/node-info.changelog-v3.xml::column_host_name::R3.Corda: ChangeSet migration/node-info.changelog-v3.xml::column_host_name::R3.Corda ran successfully in 2ms
[INFO ] 2019-10-12T07:19:22,572Z [main] liquibase.info - master.changelog.json: migration/node-services.changelog-init.xml::1511451595465-5::R3.Corda: Table node_attachments created
[INFO ] 2019-10-12T07:19:22,572Z [main] liquibase.info - master.changelog.json: migration/node-services.changelog-init.xml::1511451595465-5::R3.Corda: ChangeSet migration/node-services.changelog-init.xml::1511451595465-5::R3.Corda ran successfully in 2ms
[INFO ] 2019-10-12T07:19:22,639Z [main] liquibase.info - master.changelog.json: migration/node-services.changelog-init.xml::1511451595465-7::R3.Corda: Table node_checkpoints created
[INFO ] 2019-10-12T07:19:22,640Z [main] liquibase.info - master.changelog.json: migration/node-services.changelog-init.xml::1511451595465-7::R3.Corda: ChangeSet migration/node-services.changelog-init.xml::1511451595465-7::R3.Corda ran successfully in 65ms
[INFO ] 2019-10-12T07:19:22,649Z [main] liquibase.info - master.changelog.json: migration/node-services.changelog-init.xml::1511451595465-8::R3.Corda: Table node_contract_upgrades created
[INFO ] 2019-10-12T07:19:22,649Z [main] liquibase.info - master.changelog.json: migration/node-services.changelog-init.xml::1511451595465-8::R3.Corda: ChangeSet migration/node-services.changelog-init.xml::1511451595465-8::R3.Corda ran successfully in 2ms
[INFO ] 2019-10-12T07:19:22,657Z [main] liquibase.info - master.changelog.json: migration/node-services.changelog-init.xml::1511451595465-9::R3.Corda: Table node_identities created
[INFO ] 2019-10-12T07:19:22,657Z [main] liquibase.info - master.changelog.json: migration/node-services.changelog-init.xml::1511451595465-9::R3.Corda: ChangeSet migration/node-services.changelog-init.xml::1511451595465-9::R3.Corda ran successfully in 1ms
[INFO ] 2019-10-12T07:19:22,701Z [main] liquibase.info - master.changelog.json: migration/node-services.changelog-init.xml::1511451595465-13::R3.Corda: Table node_message_ids created
[INFO ] 2019-10-12T07:19:22,702Z [main] liquibase.info - master.changelog.json: migration/node-services.changelog-init.xml::1511451595465-13::R3.Corda: ChangeSet migration/node-services.changelog-init.xml::1511451595465-13::R3.Corda ran successfully in 2ms
[INFO ] 2019-10-12T07:19:22,707Z [main] liquibase.info - master.changelog.json: migration/node-services.changelog-init.xml::1511451595465-14::R3.Corda: Table node_message_retry created
[INFO ] 2019-10-12T07:19:22,708Z [main] liquibase.info - master.changelog.json: migration/node-services.changelog-init.xml::1511451595465-14::R3.Corda: ChangeSet migration/node-services.changelog-init.xml::1511451595465-14::R3.Corda ran successfully in 4ms
[INFO ] 2019-10-12T07:19:22,742Z [main] liquibase.info - master.changelog.json: migration/node-services.changelog-init.xml::1511451595465-15::R3.Corda: Table node_named_identities created
[INFO ] 2019-10-12T07:19:22,742Z [main] liquibase.info - master.changelog.json: migration/node-services.changelog-init.xml::1511451595465-15::R3.Corda: ChangeSet migration/node-services.changelog-init.xml::1511451595465-15::R3.Corda ran successfully in 2ms
[INFO ] 2019-10-12T07:19:22,746Z [main] liquibase.info - master.changelog.json: migration/node-services.changelog-init.xml::1511451595465-17::R3.Corda: Table node_our_key_pairs created
[INFO ] 2019-10-12T07:19:22,746Z [main] liquibase.info - master.changelog.json: migration/node-services.changelog-init.xml::1511451595465-17::R3.Corda: ChangeSet migration/node-services.changelog-init.xml::1511451595465-17::R3.Corda ran successfully in 2ms
[INFO ] 2019-10-12T07:19:22,790Z [main] liquibase.info - master.changelog.json: migration/node-services.changelog-init.xml::1511451595465-19::R3.Corda: Table node_scheduled_states created
[INFO ] 2019-10-12T07:19:22,790Z [main] liquibase.info - master.changelog.json: migration/node-services.changelog-init.xml::1511451595465-19::R3.Corda: ChangeSet migration/node-services.changelog-init.xml::1511451595465-19::R3.Corda ran successfully in 42ms
[INFO ] 2019-10-12T07:19:22,794Z [main] liquibase.info - master.changelog.json: migration/node-services.changelog-init.xml::1511451595465-20::R3.Corda: Table node_transaction_mappings created
[INFO ] 2019-10-12T07:19:22,794Z [main] liquibase.info - master.changelog.json: migration/node-services.changelog-init.xml::1511451595465-20::R3.Corda: ChangeSet migration/node-services.changelog-init.xml::1511451595465-20::R3.Corda ran successfully in 2ms
[INFO ] 2019-10-12T07:19:22,798Z [main] liquibase.info - master.changelog.json: migration/node-services.changelog-init.xml::1511451595465-21::R3.Corda: Table node_transactions created
[INFO ] 2019-10-12T07:19:22,798Z [main] liquibase.info - master.changelog.json: migration/node-services.changelog-init.xml::1511451595465-21::R3.Corda: ChangeSet migration/node-services.changelog-init.xml::1511451595465-21::R3.Corda ran successfully in 2ms
[INFO ] 2019-10-12T07:19:22,873Z [main] liquibase.info - master.changelog.json: migration/node-services.changelog-init.xml::1511451595465-30::R3.Corda: Primary key added to node_attachments (att_id)
[INFO ] 2019-10-12T07:19:22,874Z [main] liquibase.info - master.changelog.json: migration/node-services.changelog-init.xml::1511451595465-30::R3.Corda: ChangeSet migration/node-services.changelog-init.xml::1511451595465-30::R3.Corda ran successfully in 1ms
[INFO ] 2019-10-12T07:19:22,877Z [main] liquibase.info - master.changelog.json: migration/node-services.changelog-init.xml::1511451595465-32::R3.Corda: Primary key added to node_checkpoints (checkpoint_id)
[INFO ] 2019-10-12T07:19:22,877Z [main] liquibase.info - master.changelog.json: migration/node-services.changelog-init.xml::1511451595465-32::R3.Corda: ChangeSet migration/node-services.changelog-init.xml::1511451595465-32::R3.Corda ran successfully in 2ms
[INFO ] 2019-10-12T07:19:22,881Z [main] liquibase.info - master.changelog.json: migration/node-services.changelog-init.xml::1511451595465-33::R3.Corda: Primary key added to node_contract_upgrades (state_ref)
[INFO ] 2019-10-12T07:19:22,881Z [main] liquibase.info - master.changelog.json: migration/node-services.changelog-init.xml::1511451595465-33::R3.Corda: ChangeSet migration/node-services.changelog-init.xml::1511451595465-33::R3.Corda ran successfully in 2ms
[INFO ] 2019-10-12T07:19:22,928Z [main] liquibase.info - master.changelog.json: migration/node-services.changelog-init.xml::1511451595465-34::R3.Corda: Primary key added to node_identities (pk_hash)
[INFO ] 2019-10-12T07:19:22,929Z [main] liquibase.info - master.changelog.json: migration/node-services.changelog-init.xml::1511451595465-34::R3.Corda: ChangeSet migration/node-services.changelog-init.xml::1511451595465-34::R3.Corda ran successfully in 1ms
[INFO ] 2019-10-12T07:19:22,933Z [main] liquibase.info - master.changelog.json: migration/node-services.changelog-init.xml::1511451595465-38::R3.Corda: Primary key added to node_message_ids (message_id)
[INFO ] 2019-10-12T07:19:22,933Z [main] liquibase.info - master.changelog.json: migration/node-services.changelog-init.xml::1511451595465-38::R3.Corda: ChangeSet migration/node-services.changelog-init.xml::1511451595465-38::R3.Corda ran successfully in 3ms
[INFO ] 2019-10-12T07:19:22,978Z [main] liquibase.info - master.changelog.json: migration/node-services.changelog-init.xml::1511451595465-39::R3.Corda: Primary key added to node_message_retry (message_id)
[INFO ] 2019-10-12T07:19:22,978Z [main] liquibase.info - master.changelog.json: migration/node-services.changelog-init.xml::1511451595465-39::R3.Corda: ChangeSet migration/node-services.changelog-init.xml::1511451595465-39::R3.Corda ran successfully in 43ms
[INFO ] 2019-10-12T07:19:22,981Z [main] liquibase.info - master.changelog.json: migration/node-services.changelog-init.xml::1511451595465-40::R3.Corda: Primary key added to node_named_identities (name)
[INFO ] 2019-10-12T07:19:22,981Z [main] liquibase.info - master.changelog.json: migration/node-services.changelog-init.xml::1511451595465-40::R3.Corda: ChangeSet migration/node-services.changelog-init.xml::1511451595465-40::R3.Corda ran successfully in 1ms
[INFO ] 2019-10-12T07:19:22,985Z [main] liquibase.info - master.changelog.json: migration/node-services.changelog-init.xml::1511451595465-42::R3.Corda: Primary key added to node_our_key_pairs (public_key_hash)
[INFO ] 2019-10-12T07:19:22,985Z [main] liquibase.info - master.changelog.json: migration/node-services.changelog-init.xml::1511451595465-42::R3.Corda: ChangeSet migration/node-services.changelog-init.xml::1511451595465-42::R3.Corda ran successfully in 2ms
[INFO ] 2019-10-12T07:19:22,988Z [main] liquibase.info - master.changelog.json: migration/node-services.changelog-init.xml::1511451595465-44::R3.Corda: Primary key added to node_scheduled_states (output_index, transaction_id)
[INFO ] 2019-10-12T07:19:22,988Z [main] liquibase.info - master.changelog.json: migration/node-services.changelog-init.xml::1511451595465-44::R3.Corda: ChangeSet migration/node-services.changelog-init.xml::1511451595465-44::R3.Corda ran successfully in 1ms
[INFO ] 2019-10-12T07:19:22,991Z [main] liquibase.info - master.changelog.json: migration/node-services.changelog-init.xml::1511451595465-45::R3.Corda: Primary key added to node_transaction_mappings (tx_id)
[INFO ] 2019-10-12T07:19:22,991Z [main] liquibase.info - master.changelog.json: migration/node-services.changelog-init.xml::1511451595465-45::R3.Corda: ChangeSet migration/node-services.changelog-init.xml::1511451595465-45::R3.Corda ran successfully in 1ms
[INFO ] 2019-10-12T07:19:23,078Z [main] liquibase.info - master.changelog.json: migration/node-services.changelog-init.xml::1511451595465-46::R3.Corda: Primary key added to node_transactions (tx_id)
[INFO ] 2019-10-12T07:19:23,078Z [main] liquibase.info - master.changelog.json: migration/node-services.changelog-init.xml::1511451595465-46::R3.Corda: ChangeSet migration/node-services.changelog-init.xml::1511451595465-46::R3.Corda ran successfully in 84ms
[INFO ] 2019-10-12T07:19:23,083Z [main] liquibase.info - master.changelog.json: migration/node-services.changelog-init.xml::1511451595465-61::R3.Corda: Foreign key constraint added to node_link_nodeinfo_party (party_name)
[INFO ] 2019-10-12T07:19:23,083Z [main] liquibase.info - master.changelog.json: migration/node-services.changelog-init.xml::1511451595465-61::R3.Corda: ChangeSet migration/node-services.changelog-init.xml::1511451595465-61::R3.Corda ran successfully in 3ms
[INFO ] 2019-10-12T07:19:23,086Z [main] liquibase.info - master.changelog.json: migration/node-services.changelog-init.xml::add index att_id::R3.Corda: Index att_id_idx created
[INFO ] 2019-10-12T07:19:23,086Z [main] liquibase.info - master.changelog.json: migration/node-services.changelog-init.xml::add index att_id::R3.Corda: ChangeSet migration/node-services.changelog-init.xml::add index att_id::R3.Corda ran successfully in 1ms
[INFO ] 2019-10-12T07:19:23,146Z [main] liquibase.info - master.changelog.json: migration/node-services.changelog-init.xml::add_contract_attachment::R3.Corda: Table node_attchments_contracts created
[INFO ] 2019-10-12T07:19:23,149Z [main] liquibase.info - master.changelog.json: migration/node-services.changelog-init.xml::add_contract_attachment::R3.Corda: Foreign key constraint added to node_attchments_contracts (att_id)
[INFO ] 2019-10-12T07:19:23,149Z [main] liquibase.info - master.changelog.json: migration/node-services.changelog-init.xml::add_contract_attachment::R3.Corda: Data deleted from node_attachments
[INFO ] 2019-10-12T07:19:23,149Z [main] liquibase.info - master.changelog.json: migration/node-services.changelog-init.xml::add_contract_attachment::R3.Corda: ChangeSet migration/node-services.changelog-init.xml::add_contract_attachment::R3.Corda ran successfully in 5ms
[INFO ] 2019-10-12T07:19:23,258Z [main] liquibase.info - master.changelog.json: migration/node-services.changelog-init.xml::add_dedup_columns::R3.Corda: Columns sender(NVARCHAR(64)),sequence_number(BIGINT) added to node_message_ids
[INFO ] 2019-10-12T07:19:23,258Z [main] liquibase.info - master.changelog.json: migration/node-services.changelog-init.xml::add_dedup_columns::R3.Corda: ChangeSet migration/node-services.changelog-init.xml::add_dedup_columns::R3.Corda ran successfully in 107ms
[INFO ] 2019-10-12T07:19:23,264Z [main] liquibase.info - master.changelog.json: migration/node-core.changelog-v4.xml::attchments_rename::R3.Corda: Table node_attchments_contracts renamed to node_attachments_contracts
[INFO ] 2019-10-12T07:19:23,264Z [main] liquibase.info - master.changelog.json: migration/node-core.changelog-v4.xml::attchments_rename::R3.Corda: ChangeSet migration/node-core.changelog-v4.xml::attchments_rename::R3.Corda ran successfully in 4ms
[INFO ] 2019-10-12T07:19:23,268Z [main] liquibase.info - master.changelog.json: migration/node-core.changelog-v4.xml::nullability::R3.Corda: Null constraint has been added to node_identities.identity_value
[INFO ] 2019-10-12T07:19:23,269Z [main] liquibase.info - master.changelog.json: migration/node-core.changelog-v4.xml::nullability::R3.Corda: Null constraint has been added to node_attachments.content
[INFO ] 2019-10-12T07:19:23,270Z [main] liquibase.info - master.changelog.json: migration/node-core.changelog-v4.xml::nullability::R3.Corda: Null constraint has been added to node_attachments_contracts.contract_class_name
[INFO ] 2019-10-12T07:19:23,271Z [main] liquibase.info - master.changelog.json: migration/node-core.changelog-v4.xml::nullability::R3.Corda: Null constraint has been added to node_checkpoints.checkpoint_value
[INFO ] 2019-10-12T07:19:23,273Z [main] liquibase.info - master.changelog.json: migration/node-core.changelog-v4.xml::nullability::R3.Corda: Null constraint has been added to node_contract_upgrades.contract_class_name
[INFO ] 2019-10-12T07:19:23,299Z [main] liquibase.info - master.changelog.json: migration/node-core.changelog-v4.xml::nullability::R3.Corda: Null constraint has been added to node_message_ids.insertion_time
[INFO ] 2019-10-12T07:19:23,300Z [main] liquibase.info - master.changelog.json: migration/node-core.changelog-v4.xml::nullability::R3.Corda: Null constraint has been added to node_message_retry.message
[INFO ] 2019-10-12T07:19:23,301Z [main] liquibase.info - master.changelog.json: migration/node-core.changelog-v4.xml::nullability::R3.Corda: Null constraint has been added to node_message_retry.recipients
[INFO ] 2019-10-12T07:19:23,303Z [main] liquibase.info - master.changelog.json: migration/node-core.changelog-v4.xml::nullability::R3.Corda: Null constraint has been added to node_named_identities.pk_hash
[INFO ] 2019-10-12T07:19:23,305Z [main] liquibase.info - master.changelog.json: migration/node-core.changelog-v4.xml::nullability::R3.Corda: Null constraint has been added to node_our_key_pairs.private_key
[INFO ] 2019-10-12T07:19:23,306Z [main] liquibase.info - master.changelog.json: migration/node-core.changelog-v4.xml::nullability::R3.Corda: Null constraint has been added to node_our_key_pairs.public_key
[INFO ] 2019-10-12T07:19:23,307Z [main] liquibase.info - master.changelog.json: migration/node-core.changelog-v4.xml::nullability::R3.Corda: Null constraint has been added to node_transaction_mappings.state_machine_run_id
[INFO ] 2019-10-12T07:19:23,325Z [main] liquibase.info - master.changelog.json: migration/node-core.changelog-v4.xml::nullability::R3.Corda: Null constraint has been added to node_transactions.transaction_value
[INFO ] 2019-10-12T07:19:23,326Z [main] liquibase.info - master.changelog.json: migration/node-core.changelog-v4.xml::nullability::R3.Corda: ChangeSet migration/node-core.changelog-v4.xml::nullability::R3.Corda ran successfully in 59ms
[INFO ] 2019-10-12T07:19:23,332Z [main] liquibase.info - master.changelog.json: migration/node-core.changelog-v5.xml::remove_unused_node_message_retry::R3.Corda: Table node_message_retry dropped
[INFO ] 2019-10-12T07:19:23,412Z [main] liquibase.info - master.changelog.json: migration/node-core.changelog-v5.xml::remove_unused_node_message_retry::R3.Corda: ChangeSet migration/node-core.changelog-v5.xml::remove_unused_node_message_retry::R3.Corda ran successfully in 2ms
[INFO ] 2019-10-12T07:19:23,689Z [main] liquibase.info - master.changelog.json: migration/node-core.changelog-v8.xml::conditional_attchments_rename::R3.Corda: Marking ChangeSet: migration/node-core.changelog-v8.xml::conditional_attchments_rename::R3.Corda ran despite precondition failure due to onFail='MARK_RAN': 
          master.changelog.json : Table PUBLIC.NODE_ATTCHMENTS_CONTRACTS does not exist

[INFO ] 2019-10-12T07:19:23,867Z [main] liquibase.info - master.changelog.json: migration/node-core.changelog-v8.xml::conditional_attchments_contracts::R3.Corda: Marking ChangeSet: migration/node-core.changelog-v8.xml::conditional_attchments_contracts::R3.Corda ran despite precondition failure due to onFail='MARK_RAN': 
          master.changelog.json : Table PUBLIC.NODE_ATTACHMENTS_CONTRACT_CLASS_NAME does not exist

[INFO ] 2019-10-12T07:19:23,913Z [main] liquibase.info - master.changelog.json: migration/node-core.changelog-v8.xml::add_signers::R3.Corda: Table node_attachments_signers created
[INFO ] 2019-10-12T07:19:23,918Z [main] liquibase.info - master.changelog.json: migration/node-core.changelog-v8.xml::add_signers::R3.Corda: Foreign key constraint added to node_attachments_signers (att_id)
[INFO ] 2019-10-12T07:19:23,919Z [main] liquibase.info - master.changelog.json: migration/node-core.changelog-v8.xml::add_signers::R3.Corda: ChangeSet migration/node-core.changelog-v8.xml::add_signers::R3.Corda ran successfully in 49ms
[INFO ] 2019-10-12T07:19:24,013Z [main] liquibase.info - master.changelog.json: migration/node-core.changelog-tx-mapping.xml::add_tx_mapping_column::R3.Corda: Columns state_machine_run_id(NVARCHAR(36)) added to node_transactions
[INFO ] 2019-10-12T07:19:24,014Z [main] liquibase.info - master.changelog.json: migration/node-core.changelog-tx-mapping.xml::add_tx_mapping_column::R3.Corda: Custom SQL executed
[INFO ] 2019-10-12T07:19:24,016Z [main] liquibase.info - master.changelog.json: migration/node-core.changelog-tx-mapping.xml::add_tx_mapping_column::R3.Corda: Table node_transaction_mappings dropped
[INFO ] 2019-10-12T07:19:24,016Z [main] liquibase.info - master.changelog.json: migration/node-core.changelog-tx-mapping.xml::add_tx_mapping_column::R3.Corda: ChangeSet migration/node-core.changelog-tx-mapping.xml::add_tx_mapping_column::R3.Corda ran successfully in 56ms
[INFO ] 2019-10-12T07:19:24,051Z [main] liquibase.info - master.changelog.json: migration/node-services.changelog-init.xml::add_network_parameters_storage::R3.Corda: Table node_network_parameters created
[INFO ] 2019-10-12T07:19:24,051Z [main] liquibase.info - master.changelog.json: migration/node-services.changelog-init.xml::add_network_parameters_storage::R3.Corda: ChangeSet migration/node-services.changelog-init.xml::add_network_parameters_storage::R3.Corda ran successfully in 2ms
[INFO ] 2019-10-12T07:19:24,054Z [main] liquibase.info - master.changelog.json: migration/node-services.changelog-init.xml::network_parameters_pk::R3.Corda: Primary key added to node_network_parameters (hash)
[INFO ] 2019-10-12T07:19:24,054Z [main] liquibase.info - master.changelog.json: migration/node-services.changelog-init.xml::network_parameters_pk::R3.Corda: ChangeSet migration/node-services.changelog-init.xml::network_parameters_pk::R3.Corda ran successfully in 2ms
[INFO ] 2019-10-12T07:19:24,154Z [main] liquibase.info - master.changelog.json: migration/node-services.changelog-init.xml::add_version_column::R3.Corda: Columns version(INT) added to node_attachments
[INFO ] 2019-10-12T07:19:24,155Z [main] liquibase.info - master.changelog.json: migration/node-services.changelog-init.xml::add_version_column::R3.Corda: Custom SQL executed
[INFO ] 2019-10-12T07:19:24,156Z [main] liquibase.info - master.changelog.json: migration/node-services.changelog-init.xml::add_version_column::R3.Corda: Null constraint has been added to node_attachments.version
[INFO ] 2019-10-12T07:19:24,156Z [main] liquibase.info - master.changelog.json: migration/node-services.changelog-init.xml::add_version_column::R3.Corda: ChangeSet migration/node-services.changelog-init.xml::add_version_column::R3.Corda ran successfully in 98ms
[INFO ] 2019-10-12T07:19:24,173Z [main] persistence.AttachmentVersionNumberMigration.execute - Start executing...
[INFO ] 2019-10-12T07:19:24,199Z [main] persistence.AttachmentVersionNumberMigration.execute - Attachment version creation from whitelisted JARs skipped, network parameters not found in /Users/admin/Documents/WorkSpace/DerivHack/cdm-corda/build/nodes/Broker1/network-parameters, but there are no available attachments to migrate.
[INFO ] 2019-10-12T07:19:24,199Z [main] liquibase.info - master.changelog.json: migration/node-services.changelog-init.xml::update-version-of-whitelisted-jars::R3.Corda: null
[INFO ] 2019-10-12T07:19:24,204Z [main] liquibase.info - master.changelog.json: migration/node-services.changelog-init.xml::update-version-of-whitelisted-jars::R3.Corda: ChangeSet migration/node-services.changelog-init.xml::update-version-of-whitelisted-jars::R3.Corda ran successfully in 27ms
[INFO ] 2019-10-12T07:19:24,210Z [main] migration.VaultStateMigration.execute - Migrating vault state data to V4 tables
[INFO ] 2019-10-12T07:19:24,456Z [main] migration.MigrationServicesForResolution.getNetworkParametersFromFile - Couldn't find network parameters file: /Users/admin/Documents/WorkSpace/DerivHack/cdm-corda/build/nodes/Broker1/network-parameters. This is expected if the node is starting for the first time.
[INFO ] 2019-10-12T07:19:24,594Z [main] persistence.HibernateConfiguration.<init> - Init HibernateConfiguration for schemas: [VaultMigrationSchemaV1(name=net.corda.node.migration.VaultMigrationSchema, version=1), VaultSchemaV1(name=net.corda.node.services.vault.VaultSchema, version=1)]
[INFO ] 2019-10-12T07:19:24,662Z [main] persistence.HibernateConfiguration.makeSessionFactoryForSchemas - Creating session factory for schemas: [VaultMigrationSchemaV1(name=net.corda.node.migration.VaultMigrationSchema, version=1), VaultSchemaV1(name=net.corda.node.services.vault.VaultSchema, version=1)]
[INFO ] 2019-10-12T07:19:33,714Z [main] persistence.HibernateConfiguration.makeSessionFactoryForSchemas - Created session factory for schemas: [VaultMigrationSchemaV1(name=net.corda.node.migration.VaultMigrationSchema, version=1), VaultSchemaV1(name=net.corda.node.services.vault.VaultSchema, version=1)]
[INFO ] 2019-10-12T07:19:35,339Z [main] migration.MigrationServicesForResolution.getNetworkParametersFromFile - Couldn't find network parameters file: /Users/admin/Documents/WorkSpace/DerivHack/cdm-corda/build/nodes/Broker1/network-parameters. This is expected if the node is starting for the first time.
[WARN ] 2019-10-12T07:19:35,339Z [main] migration.MigrationServicesForResolution.defaultNetworkParameters - Using a dummy set of network parameters for migration.
[INFO ] 2019-10-12T07:19:35,587Z [main] migration.VaultStateMigration.execute - Finished performing vault state data migration for 0 states
[INFO ] 2019-10-12T07:19:35,587Z [main] liquibase.info - master.changelog.json: migration/vault-schema.changelog-v9.xml::update-vault-states::R3.Corda: null
[INFO ] 2019-10-12T07:19:35,587Z [main] liquibase.info - master.changelog.json: migration/vault-schema.changelog-v9.xml::update-vault-states::R3.Corda: ChangeSet migration/vault-schema.changelog-v9.xml::update-vault-states::R3.Corda ran successfully in 11379ms
[INFO ] 2019-10-12T07:19:35,597Z [main] liquibase.info - master.changelog.json: migration/cash.changelog-init.xml::1511451595465-2::R3.Corda: Table contract_cash_states created
[INFO ] 2019-10-12T07:19:35,597Z [main] liquibase.info - master.changelog.json: migration/cash.changelog-init.xml::1511451595465-2::R3.Corda: ChangeSet migration/cash.changelog-init.xml::1511451595465-2::R3.Corda ran successfully in 3ms
[INFO ] 2019-10-12T07:19:35,641Z [main] liquibase.info - master.changelog.json: migration/cash.changelog-init.xml::1511451595465-28::R3.Corda: Primary key added to contract_cash_states (output_index, transaction_id)
[INFO ] 2019-10-12T07:19:35,642Z [main] liquibase.info - master.changelog.json: migration/cash.changelog-init.xml::1511451595465-28::R3.Corda: ChangeSet migration/cash.changelog-init.xml::1511451595465-28::R3.Corda ran successfully in 38ms
[INFO ] 2019-10-12T07:19:35,648Z [main] liquibase.info - master.changelog.json: migration/cash.changelog-init.xml::1511451595465-51::R3.Corda: Index ccy_code_idx created
[INFO ] 2019-10-12T07:19:35,651Z [main] liquibase.info - master.changelog.json: migration/cash.changelog-init.xml::1511451595465-51::R3.Corda: ChangeSet migration/cash.changelog-init.xml::1511451595465-51::R3.Corda ran successfully in 3ms
[INFO ] 2019-10-12T07:19:35,667Z [main] liquibase.info - master.changelog.json: migration/cash.changelog-init.xml::1511451595465-57::R3.Corda: Index pennies_idx created
[INFO ] 2019-10-12T07:19:35,667Z [main] liquibase.info - master.changelog.json: migration/cash.changelog-init.xml::1511451595465-57::R3.Corda: ChangeSet migration/cash.changelog-init.xml::1511451595465-57::R3.Corda ran successfully in 2ms
[INFO ] 2019-10-12T07:19:35,676Z [main] liquibase.info - master.changelog.json: migration/node-services.changelog-init.xml::1525793504::R3.Corda: Index ccy_code_idx dropped from table contract_cash_states
[INFO ] 2019-10-12T07:19:35,731Z [main] liquibase.info - master.changelog.json: migration/node-services.changelog-init.xml::1525793504::R3.Corda: Null constraint has been added to contract_cash_states.ccy_code
[INFO ] 2019-10-12T07:19:35,732Z [main] liquibase.info - master.changelog.json: migration/node-services.changelog-init.xml::1525793504::R3.Corda: Index ccy_code_idx created
[INFO ] 2019-10-12T07:19:35,733Z [main] liquibase.info - master.changelog.json: migration/node-services.changelog-init.xml::1525793504::R3.Corda: Null constraint has been added to contract_cash_states.issuer_key_hash
[INFO ] 2019-10-12T07:19:35,735Z [main] liquibase.info - master.changelog.json: migration/node-services.changelog-init.xml::1525793504::R3.Corda: Null constraint has been added to contract_cash_states.issuer_ref
[INFO ] 2019-10-12T07:19:35,736Z [main] liquibase.info - master.changelog.json: migration/node-services.changelog-init.xml::1525793504::R3.Corda: Index pennies_idx dropped from table contract_cash_states
[INFO ] 2019-10-12T07:19:35,737Z [main] liquibase.info - master.changelog.json: migration/node-services.changelog-init.xml::1525793504::R3.Corda: Null constraint has been added to contract_cash_states.pennies
[INFO ] 2019-10-12T07:19:35,738Z [main] liquibase.info - master.changelog.json: migration/node-services.changelog-init.xml::1525793504::R3.Corda: Index pennies_idx created
[INFO ] 2019-10-12T07:19:35,739Z [main] liquibase.info - master.changelog.json: migration/node-services.changelog-init.xml::1525793504::R3.Corda: ChangeSet migration/node-services.changelog-init.xml::1525793504::R3.Corda ran successfully in 63ms
[INFO ] 2019-10-12T07:19:35,772Z [main] liquibase.info - master.changelog.json: migration/commercial-paper.changelog-init.xml::1511451595465-3::R3.Corda: Table cp_states created
[INFO ] 2019-10-12T07:19:35,772Z [main] liquibase.info - master.changelog.json: migration/commercial-paper.changelog-init.xml::1511451595465-3::R3.Corda: ChangeSet migration/commercial-paper.changelog-init.xml::1511451595465-3::R3.Corda ran successfully in 3ms
[INFO ] 2019-10-12T07:19:35,795Z [main] liquibase.info - master.changelog.json: migration/commercial-paper.changelog-init.xml::1511451595465-29::R3.Corda: Primary key added to cp_states (output_index, transaction_id)
[INFO ] 2019-10-12T07:19:35,796Z [main] liquibase.info - master.changelog.json: migration/commercial-paper.changelog-init.xml::1511451595465-29::R3.Corda: ChangeSet migration/commercial-paper.changelog-init.xml::1511451595465-29::R3.Corda ran successfully in 2ms
[INFO ] 2019-10-12T07:19:35,822Z [main] liquibase.info - master.changelog.json: migration/commercial-paper.changelog-init.xml::1511451595465-52::R3.Corda: Index ccy_code_index created
[INFO ] 2019-10-12T07:19:35,823Z [main] liquibase.info - master.changelog.json: migration/commercial-paper.changelog-init.xml::1511451595465-52::R3.Corda: ChangeSet migration/commercial-paper.changelog-init.xml::1511451595465-52::R3.Corda ran successfully in 2ms
[INFO ] 2019-10-12T07:19:35,827Z [main] liquibase.info - master.changelog.json: migration/commercial-paper.changelog-init.xml::1511451595465-54::R3.Corda: Index face_value_index created
[INFO ] 2019-10-12T07:19:35,827Z [main] liquibase.info - master.changelog.json: migration/commercial-paper.changelog-init.xml::1511451595465-54::R3.Corda: ChangeSet migration/commercial-paper.changelog-init.xml::1511451595465-54::R3.Corda ran successfully in 1ms
[INFO ] 2019-10-12T07:19:35,853Z [main] liquibase.info - master.changelog.json: migration/commercial-paper.changelog-init.xml::1511451595465-56::R3.Corda: Index maturity_index created
[INFO ] 2019-10-12T07:19:35,853Z [main] liquibase.info - master.changelog.json: migration/commercial-paper.changelog-init.xml::1511451595465-56::R3.Corda: ChangeSet migration/commercial-paper.changelog-init.xml::1511451595465-56::R3.Corda ran successfully in 17ms
[INFO ] 2019-10-12T07:19:35,860Z [main] liquibase.info - master.changelog.json: migration/commercial-paper.changelog-v1.xml::1525962920::R3.Corda: Index ccy_code_index dropped from table cp_states
[INFO ] 2019-10-12T07:19:35,863Z [main] liquibase.info - master.changelog.json: migration/commercial-paper.changelog-v1.xml::1525962920::R3.Corda: Null constraint has been added to cp_states.ccy_code
[INFO ] 2019-10-12T07:19:35,896Z [main] liquibase.info - master.changelog.json: migration/commercial-paper.changelog-v1.xml::1525962920::R3.Corda: Index ccy_code_index created
[INFO ] 2019-10-12T07:19:35,905Z [main] liquibase.info - master.changelog.json: migration/commercial-paper.changelog-v1.xml::1525962920::R3.Corda: Index face_value_index dropped from table cp_states
[INFO ] 2019-10-12T07:19:35,907Z [main] liquibase.info - master.changelog.json: migration/commercial-paper.changelog-v1.xml::1525962920::R3.Corda: Null constraint has been added to cp_states.face_value
[INFO ] 2019-10-12T07:19:35,909Z [main] liquibase.info - master.changelog.json: migration/commercial-paper.changelog-v1.xml::1525962920::R3.Corda: Index face_value_index created
[INFO ] 2019-10-12T07:19:35,916Z [main] liquibase.info - master.changelog.json: migration/commercial-paper.changelog-v1.xml::1525962920::R3.Corda: Null constraint has been added to cp_states.face_value_issuer_key_hash
[INFO ] 2019-10-12T07:19:35,917Z [main] liquibase.info - master.changelog.json: migration/commercial-paper.changelog-v1.xml::1525962920::R3.Corda: Null constraint has been added to cp_states.face_value_issuer_ref
[INFO ] 2019-10-12T07:19:35,919Z [main] liquibase.info - master.changelog.json: migration/commercial-paper.changelog-v1.xml::1525962920::R3.Corda: Null constraint has been added to cp_states.issuance_key_hash
[INFO ] 2019-10-12T07:19:35,923Z [main] liquibase.info - master.changelog.json: migration/commercial-paper.changelog-v1.xml::1525962920::R3.Corda: Null constraint has been added to cp_states.issuance_ref
[INFO ] 2019-10-12T07:19:35,925Z [main] liquibase.info - master.changelog.json: migration/commercial-paper.changelog-v1.xml::1525962920::R3.Corda: Index maturity_index dropped from table cp_states
[INFO ] 2019-10-12T07:19:35,926Z [main] liquibase.info - master.changelog.json: migration/commercial-paper.changelog-v1.xml::1525962920::R3.Corda: Null constraint has been added to cp_states.maturity_instant
[INFO ] 2019-10-12T07:19:35,959Z [main] liquibase.info - master.changelog.json: migration/commercial-paper.changelog-v1.xml::1525962920::R3.Corda: Index maturity_index created
[INFO ] 2019-10-12T07:19:35,960Z [main] liquibase.info - master.changelog.json: migration/commercial-paper.changelog-v1.xml::1525962920::R3.Corda: Null constraint has been added to cp_states.owner_key_hash
[INFO ] 2019-10-12T07:19:35,960Z [main] liquibase.info - master.changelog.json: migration/commercial-paper.changelog-v1.xml::1525962920::R3.Corda: ChangeSet migration/commercial-paper.changelog-v1.xml::1525962920::R3.Corda ran successfully in 101ms
[INFO ] 2019-10-12T07:19:35,971Z [main] liquibase.info - Successfully released change log lock
[INFO ] 2019-10-12T07:19:35,976Z [main] internal.Node.invoke - Connected to H2 database.
[INFO ] 2019-10-12T07:19:35,987Z [main] persistence.HibernateConfiguration.<init> - Init HibernateConfiguration for schemas: [CommonSchemaV1(name=net.corda.core.schemas.CommonSchema, version=1), VaultSchemaV1(name=net.corda.node.services.vault.VaultSchema, version=1), NodeInfoSchemaV1(name=net.corda.node.internal.schemas.NodeInfoSchema, version=1), NodeCoreV1(name=net.corda.node.services.schema.NodeSchemaService$NodeCore, version=1), CashSchemaV1(name=net.corda.finance.schemas.CashSchema, version=1), CommercialPaperSchemaV1(name=net.corda.finance.schemas.CommercialPaperSchema, version=1)]
[INFO ] 2019-10-12T07:19:35,987Z [main] persistence.HibernateConfiguration.makeSessionFactoryForSchemas - Creating session factory for schemas: [CommonSchemaV1(name=net.corda.core.schemas.CommonSchema, version=1), VaultSchemaV1(name=net.corda.node.services.vault.VaultSchema, version=1), NodeInfoSchemaV1(name=net.corda.node.internal.schemas.NodeInfoSchema, version=1), NodeCoreV1(name=net.corda.node.services.schema.NodeSchemaService$NodeCore, version=1), CashSchemaV1(name=net.corda.finance.schemas.CashSchema, version=1), CommercialPaperSchemaV1(name=net.corda.finance.schemas.CommercialPaperSchema, version=1)]
[INFO ] 2019-10-12T07:19:38,130Z [main] persistence.HibernateConfiguration.makeSessionFactoryForSchemas - Created session factory for schemas: [CommonSchemaV1(name=net.corda.core.schemas.CommonSchema, version=1), VaultSchemaV1(name=net.corda.node.services.vault.VaultSchema, version=1), NodeInfoSchemaV1(name=net.corda.node.internal.schemas.NodeInfoSchema, version=1), NodeCoreV1(name=net.corda.node.services.schema.NodeSchemaService$NodeCore, version=1), CashSchemaV1(name=net.corda.finance.schemas.CashSchema, version=1), CommercialPaperSchemaV1(name=net.corda.finance.schemas.CommercialPaperSchema, version=1)]
[INFO ] 2019-10-12T07:19:38,179Z [main] internal.Node.updateNodeInfo - Node-info has changed so submitting update. Old node-info was null
[INFO ] 2019-10-12T07:19:38,179Z [main] network.PersistentNetworkMapCache.addNode - Adding node with info: NodeInfo(addresses=[localhost:10008], legalIdentitiesAndCerts=[O=Broker1, L=New York, C=US], platformVersion=4, serial=1570864778179)
[INFO ] 2019-10-12T07:19:38,229Z [main] network.PersistentNetworkMapCache.addNode - No previous node found
[INFO ] 2019-10-12T07:19:43,458Z [main] internal.Node.updateNodeInfo - New node-info: NodeInfo(addresses=[localhost:10008], legalIdentitiesAndCerts=[O=Broker1, L=New York, C=US], platformVersion=4, serial=1570864778179)
[INFO ] 2019-10-12T07:19:44,059Z [main] pool.HikariPool.shutdown - HikariPool-1 - Close initiated...
[INFO ] 2019-10-12T07:19:44,072Z [main] pool.HikariPool.shutdown - HikariPool-1 - Closed.
